[2024-01-11T22:39:39.761+0000] {processor.py:161} INFO - Started process (PID=60) to work on /home/airflow/.local/lib/python3.8/site-packages/airflow/example_dags/example_python_operator.py
[2024-01-11T22:39:39.763+0000] {processor.py:830} INFO - Processing file /home/airflow/.local/lib/python3.8/site-packages/airflow/example_dags/example_python_operator.py for tasks to queue
[2024-01-11T22:39:39.765+0000] {logging_mixin.py:188} INFO - [2024-01-11T22:39:39.765+0000] {dagbag.py:538} INFO - Filling up the DagBag from /home/airflow/.local/lib/python3.8/site-packages/airflow/example_dags/example_python_operator.py
[2024-01-11T22:39:39.776+0000] {processor.py:840} INFO - DAG(s) 'example_python_operator' retrieved from /home/airflow/.local/lib/python3.8/site-packages/airflow/example_dags/example_python_operator.py
[2024-01-11T22:39:39.845+0000] {logging_mixin.py:188} INFO - [2024-01-11T22:39:39.844+0000] {override.py:1769} INFO - Created Permission View: can edit on DAG:example_python_operator
[2024-01-11T22:39:39.853+0000] {logging_mixin.py:188} INFO - [2024-01-11T22:39:39.853+0000] {override.py:1769} INFO - Created Permission View: can delete on DAG:example_python_operator
[2024-01-11T22:39:39.857+0000] {logging_mixin.py:188} INFO - [2024-01-11T22:39:39.857+0000] {override.py:1769} INFO - Created Permission View: can read on DAG:example_python_operator
[2024-01-11T22:39:39.858+0000] {logging_mixin.py:188} INFO - [2024-01-11T22:39:39.858+0000] {dag.py:3033} INFO - Sync 1 DAGs
[2024-01-11T22:39:39.867+0000] {logging_mixin.py:188} INFO - [2024-01-11T22:39:39.866+0000] {dag.py:3055} INFO - Creating ORM DAG for example_python_operator
[2024-01-11T22:39:39.869+0000] {logging_mixin.py:188} INFO - [2024-01-11T22:39:39.868+0000] {dag.py:3820} INFO - Setting next_dagrun for example_python_operator to None, run_after=None
[2024-01-11T22:39:39.881+0000] {processor.py:183} INFO - Processing /home/airflow/.local/lib/python3.8/site-packages/airflow/example_dags/example_python_operator.py took 0.123 seconds
[2024-01-11T22:40:10.586+0000] {processor.py:161} INFO - Started process (PID=115) to work on /home/airflow/.local/lib/python3.8/site-packages/airflow/example_dags/example_python_operator.py
[2024-01-11T22:40:10.588+0000] {processor.py:830} INFO - Processing file /home/airflow/.local/lib/python3.8/site-packages/airflow/example_dags/example_python_operator.py for tasks to queue
[2024-01-11T22:40:10.590+0000] {logging_mixin.py:188} INFO - [2024-01-11T22:40:10.590+0000] {dagbag.py:538} INFO - Filling up the DagBag from /home/airflow/.local/lib/python3.8/site-packages/airflow/example_dags/example_python_operator.py
[2024-01-11T22:40:10.598+0000] {processor.py:840} INFO - DAG(s) 'example_python_operator' retrieved from /home/airflow/.local/lib/python3.8/site-packages/airflow/example_dags/example_python_operator.py
[2024-01-11T22:40:10.613+0000] {logging_mixin.py:188} INFO - [2024-01-11T22:40:10.613+0000] {dag.py:3033} INFO - Sync 1 DAGs
[2024-01-11T22:40:10.621+0000] {logging_mixin.py:188} INFO - [2024-01-11T22:40:10.621+0000] {dag.py:3820} INFO - Setting next_dagrun for example_python_operator to None, run_after=None
[2024-01-11T22:40:10.634+0000] {processor.py:183} INFO - Processing /home/airflow/.local/lib/python3.8/site-packages/airflow/example_dags/example_python_operator.py took 0.050 seconds
[2024-01-11T22:40:41.113+0000] {processor.py:161} INFO - Started process (PID=170) to work on /home/airflow/.local/lib/python3.8/site-packages/airflow/example_dags/example_python_operator.py
[2024-01-11T22:40:41.114+0000] {processor.py:830} INFO - Processing file /home/airflow/.local/lib/python3.8/site-packages/airflow/example_dags/example_python_operator.py for tasks to queue
[2024-01-11T22:40:41.117+0000] {logging_mixin.py:188} INFO - [2024-01-11T22:40:41.116+0000] {dagbag.py:538} INFO - Filling up the DagBag from /home/airflow/.local/lib/python3.8/site-packages/airflow/example_dags/example_python_operator.py
[2024-01-11T22:40:41.124+0000] {processor.py:840} INFO - DAG(s) 'example_python_operator' retrieved from /home/airflow/.local/lib/python3.8/site-packages/airflow/example_dags/example_python_operator.py
[2024-01-11T22:40:41.142+0000] {logging_mixin.py:188} INFO - [2024-01-11T22:40:41.142+0000] {dag.py:3033} INFO - Sync 1 DAGs
[2024-01-11T22:40:41.151+0000] {logging_mixin.py:188} INFO - [2024-01-11T22:40:41.151+0000] {dag.py:3820} INFO - Setting next_dagrun for example_python_operator to None, run_after=None
[2024-01-11T22:40:41.164+0000] {processor.py:183} INFO - Processing /home/airflow/.local/lib/python3.8/site-packages/airflow/example_dags/example_python_operator.py took 0.054 seconds
[2024-01-11T22:41:11.652+0000] {processor.py:161} INFO - Started process (PID=225) to work on /home/airflow/.local/lib/python3.8/site-packages/airflow/example_dags/example_python_operator.py
[2024-01-11T22:41:11.654+0000] {processor.py:830} INFO - Processing file /home/airflow/.local/lib/python3.8/site-packages/airflow/example_dags/example_python_operator.py for tasks to queue
[2024-01-11T22:41:11.656+0000] {logging_mixin.py:188} INFO - [2024-01-11T22:41:11.656+0000] {dagbag.py:538} INFO - Filling up the DagBag from /home/airflow/.local/lib/python3.8/site-packages/airflow/example_dags/example_python_operator.py
[2024-01-11T22:41:11.665+0000] {processor.py:840} INFO - DAG(s) 'example_python_operator' retrieved from /home/airflow/.local/lib/python3.8/site-packages/airflow/example_dags/example_python_operator.py
[2024-01-11T22:41:11.681+0000] {logging_mixin.py:188} INFO - [2024-01-11T22:41:11.681+0000] {dag.py:3033} INFO - Sync 1 DAGs
[2024-01-11T22:41:11.689+0000] {logging_mixin.py:188} INFO - [2024-01-11T22:41:11.689+0000] {dag.py:3820} INFO - Setting next_dagrun for example_python_operator to None, run_after=None
[2024-01-11T22:41:11.703+0000] {processor.py:183} INFO - Processing /home/airflow/.local/lib/python3.8/site-packages/airflow/example_dags/example_python_operator.py took 0.053 seconds
[2024-01-11T22:41:42.044+0000] {processor.py:161} INFO - Started process (PID=280) to work on /home/airflow/.local/lib/python3.8/site-packages/airflow/example_dags/example_python_operator.py
[2024-01-11T22:41:42.046+0000] {processor.py:830} INFO - Processing file /home/airflow/.local/lib/python3.8/site-packages/airflow/example_dags/example_python_operator.py for tasks to queue
[2024-01-11T22:41:42.048+0000] {logging_mixin.py:188} INFO - [2024-01-11T22:41:42.048+0000] {dagbag.py:538} INFO - Filling up the DagBag from /home/airflow/.local/lib/python3.8/site-packages/airflow/example_dags/example_python_operator.py
[2024-01-11T22:41:42.055+0000] {processor.py:840} INFO - DAG(s) 'example_python_operator' retrieved from /home/airflow/.local/lib/python3.8/site-packages/airflow/example_dags/example_python_operator.py
[2024-01-11T22:41:42.064+0000] {logging_mixin.py:188} INFO - [2024-01-11T22:41:42.064+0000] {dag.py:3033} INFO - Sync 1 DAGs
[2024-01-11T22:41:42.073+0000] {logging_mixin.py:188} INFO - [2024-01-11T22:41:42.073+0000] {dag.py:3820} INFO - Setting next_dagrun for example_python_operator to None, run_after=None
[2024-01-11T22:41:42.085+0000] {processor.py:183} INFO - Processing /home/airflow/.local/lib/python3.8/site-packages/airflow/example_dags/example_python_operator.py took 0.043 seconds
[2024-01-11T22:42:12.443+0000] {processor.py:161} INFO - Started process (PID=335) to work on /home/airflow/.local/lib/python3.8/site-packages/airflow/example_dags/example_python_operator.py
[2024-01-11T22:42:12.445+0000] {processor.py:830} INFO - Processing file /home/airflow/.local/lib/python3.8/site-packages/airflow/example_dags/example_python_operator.py for tasks to queue
[2024-01-11T22:42:12.447+0000] {logging_mixin.py:188} INFO - [2024-01-11T22:42:12.447+0000] {dagbag.py:538} INFO - Filling up the DagBag from /home/airflow/.local/lib/python3.8/site-packages/airflow/example_dags/example_python_operator.py
[2024-01-11T22:42:12.454+0000] {processor.py:840} INFO - DAG(s) 'example_python_operator' retrieved from /home/airflow/.local/lib/python3.8/site-packages/airflow/example_dags/example_python_operator.py
[2024-01-11T22:42:12.511+0000] {logging_mixin.py:188} INFO - [2024-01-11T22:42:12.511+0000] {dag.py:3033} INFO - Sync 1 DAGs
[2024-01-11T22:42:12.521+0000] {logging_mixin.py:188} INFO - [2024-01-11T22:42:12.520+0000] {dag.py:3820} INFO - Setting next_dagrun for example_python_operator to None, run_after=None
[2024-01-11T22:42:12.533+0000] {processor.py:183} INFO - Processing /home/airflow/.local/lib/python3.8/site-packages/airflow/example_dags/example_python_operator.py took 0.094 seconds
[2024-01-11T22:42:43.292+0000] {processor.py:161} INFO - Started process (PID=389) to work on /home/airflow/.local/lib/python3.8/site-packages/airflow/example_dags/example_python_operator.py
[2024-01-11T22:42:43.294+0000] {processor.py:830} INFO - Processing file /home/airflow/.local/lib/python3.8/site-packages/airflow/example_dags/example_python_operator.py for tasks to queue
[2024-01-11T22:42:43.297+0000] {logging_mixin.py:188} INFO - [2024-01-11T22:42:43.296+0000] {dagbag.py:538} INFO - Filling up the DagBag from /home/airflow/.local/lib/python3.8/site-packages/airflow/example_dags/example_python_operator.py
[2024-01-11T22:42:43.304+0000] {processor.py:840} INFO - DAG(s) 'example_python_operator' retrieved from /home/airflow/.local/lib/python3.8/site-packages/airflow/example_dags/example_python_operator.py
[2024-01-11T22:42:43.321+0000] {logging_mixin.py:188} INFO - [2024-01-11T22:42:43.321+0000] {dag.py:3033} INFO - Sync 1 DAGs
[2024-01-11T22:42:43.329+0000] {logging_mixin.py:188} INFO - [2024-01-11T22:42:43.329+0000] {dag.py:3820} INFO - Setting next_dagrun for example_python_operator to None, run_after=None
[2024-01-11T22:42:43.342+0000] {processor.py:183} INFO - Processing /home/airflow/.local/lib/python3.8/site-packages/airflow/example_dags/example_python_operator.py took 0.052 seconds
