[2024-01-11T22:39:40.577+0000] {processor.py:161} INFO - Started process (PID=68) to work on /home/airflow/.local/lib/python3.8/site-packages/airflow/example_dags/example_branch_operator.py
[2024-01-11T22:39:40.581+0000] {processor.py:830} INFO - Processing file /home/airflow/.local/lib/python3.8/site-packages/airflow/example_dags/example_branch_operator.py for tasks to queue
[2024-01-11T22:39:40.584+0000] {logging_mixin.py:188} INFO - [2024-01-11T22:39:40.583+0000] {dagbag.py:538} INFO - Filling up the DagBag from /home/airflow/.local/lib/python3.8/site-packages/airflow/example_dags/example_branch_operator.py
[2024-01-11T22:39:40.602+0000] {processor.py:840} INFO - DAG(s) 'example_branch_operator' retrieved from /home/airflow/.local/lib/python3.8/site-packages/airflow/example_dags/example_branch_operator.py
[2024-01-11T22:39:40.673+0000] {logging_mixin.py:188} INFO - [2024-01-11T22:39:40.673+0000] {override.py:1769} INFO - Created Permission View: can edit on DAG:example_branch_operator
[2024-01-11T22:39:40.680+0000] {logging_mixin.py:188} INFO - [2024-01-11T22:39:40.680+0000] {override.py:1769} INFO - Created Permission View: can delete on DAG:example_branch_operator
[2024-01-11T22:39:40.684+0000] {logging_mixin.py:188} INFO - [2024-01-11T22:39:40.684+0000] {override.py:1769} INFO - Created Permission View: can read on DAG:example_branch_operator
[2024-01-11T22:39:40.686+0000] {logging_mixin.py:188} INFO - [2024-01-11T22:39:40.685+0000] {dag.py:3033} INFO - Sync 1 DAGs
[2024-01-11T22:39:40.692+0000] {logging_mixin.py:188} INFO - [2024-01-11T22:39:40.692+0000] {dag.py:3055} INFO - Creating ORM DAG for example_branch_operator
[2024-01-11T22:39:40.701+0000] {logging_mixin.py:188} INFO - [2024-01-11T22:39:40.701+0000] {dag.py:3820} INFO - Setting next_dagrun for example_branch_operator to 2024-01-10T00:00:00+00:00, run_after=2024-01-11T00:00:00+00:00
[2024-01-11T22:39:40.715+0000] {processor.py:183} INFO - Processing /home/airflow/.local/lib/python3.8/site-packages/airflow/example_dags/example_branch_operator.py took 0.141 seconds
[2024-01-11T22:40:10.928+0000] {processor.py:161} INFO - Started process (PID=123) to work on /home/airflow/.local/lib/python3.8/site-packages/airflow/example_dags/example_branch_operator.py
[2024-01-11T22:40:10.930+0000] {processor.py:830} INFO - Processing file /home/airflow/.local/lib/python3.8/site-packages/airflow/example_dags/example_branch_operator.py for tasks to queue
[2024-01-11T22:40:10.932+0000] {logging_mixin.py:188} INFO - [2024-01-11T22:40:10.932+0000] {dagbag.py:538} INFO - Filling up the DagBag from /home/airflow/.local/lib/python3.8/site-packages/airflow/example_dags/example_branch_operator.py
[2024-01-11T22:40:10.943+0000] {processor.py:840} INFO - DAG(s) 'example_branch_operator' retrieved from /home/airflow/.local/lib/python3.8/site-packages/airflow/example_dags/example_branch_operator.py
[2024-01-11T22:40:10.961+0000] {logging_mixin.py:188} INFO - [2024-01-11T22:40:10.961+0000] {dag.py:3033} INFO - Sync 1 DAGs
[2024-01-11T22:40:10.975+0000] {logging_mixin.py:188} INFO - [2024-01-11T22:40:10.975+0000] {dag.py:3820} INFO - Setting next_dagrun for example_branch_operator to 2024-01-10T00:00:00+00:00, run_after=2024-01-11T00:00:00+00:00
[2024-01-11T22:40:10.988+0000] {processor.py:183} INFO - Processing /home/airflow/.local/lib/python3.8/site-packages/airflow/example_dags/example_branch_operator.py took 0.063 seconds
[2024-01-11T22:40:41.465+0000] {processor.py:161} INFO - Started process (PID=178) to work on /home/airflow/.local/lib/python3.8/site-packages/airflow/example_dags/example_branch_operator.py
[2024-01-11T22:40:41.466+0000] {processor.py:830} INFO - Processing file /home/airflow/.local/lib/python3.8/site-packages/airflow/example_dags/example_branch_operator.py for tasks to queue
[2024-01-11T22:40:41.469+0000] {logging_mixin.py:188} INFO - [2024-01-11T22:40:41.468+0000] {dagbag.py:538} INFO - Filling up the DagBag from /home/airflow/.local/lib/python3.8/site-packages/airflow/example_dags/example_branch_operator.py
[2024-01-11T22:40:41.484+0000] {processor.py:840} INFO - DAG(s) 'example_branch_operator' retrieved from /home/airflow/.local/lib/python3.8/site-packages/airflow/example_dags/example_branch_operator.py
[2024-01-11T22:40:41.505+0000] {logging_mixin.py:188} INFO - [2024-01-11T22:40:41.505+0000] {dag.py:3033} INFO - Sync 1 DAGs
[2024-01-11T22:40:41.520+0000] {logging_mixin.py:188} INFO - [2024-01-11T22:40:41.520+0000] {dag.py:3820} INFO - Setting next_dagrun for example_branch_operator to 2024-01-10T00:00:00+00:00, run_after=2024-01-11T00:00:00+00:00
[2024-01-11T22:40:41.533+0000] {processor.py:183} INFO - Processing /home/airflow/.local/lib/python3.8/site-packages/airflow/example_dags/example_branch_operator.py took 0.071 seconds
[2024-01-11T22:41:11.973+0000] {processor.py:161} INFO - Started process (PID=233) to work on /home/airflow/.local/lib/python3.8/site-packages/airflow/example_dags/example_branch_operator.py
[2024-01-11T22:41:11.974+0000] {processor.py:830} INFO - Processing file /home/airflow/.local/lib/python3.8/site-packages/airflow/example_dags/example_branch_operator.py for tasks to queue
[2024-01-11T22:41:11.977+0000] {logging_mixin.py:188} INFO - [2024-01-11T22:41:11.977+0000] {dagbag.py:538} INFO - Filling up the DagBag from /home/airflow/.local/lib/python3.8/site-packages/airflow/example_dags/example_branch_operator.py
[2024-01-11T22:41:11.987+0000] {processor.py:840} INFO - DAG(s) 'example_branch_operator' retrieved from /home/airflow/.local/lib/python3.8/site-packages/airflow/example_dags/example_branch_operator.py
[2024-01-11T22:41:12.006+0000] {logging_mixin.py:188} INFO - [2024-01-11T22:41:12.006+0000] {dag.py:3033} INFO - Sync 1 DAGs
[2024-01-11T22:41:12.019+0000] {logging_mixin.py:188} INFO - [2024-01-11T22:41:12.019+0000] {dag.py:3820} INFO - Setting next_dagrun for example_branch_operator to 2024-01-10T00:00:00+00:00, run_after=2024-01-11T00:00:00+00:00
[2024-01-11T22:41:12.031+0000] {processor.py:183} INFO - Processing /home/airflow/.local/lib/python3.8/site-packages/airflow/example_dags/example_branch_operator.py took 0.060 seconds
[2024-01-11T22:41:42.417+0000] {processor.py:161} INFO - Started process (PID=288) to work on /home/airflow/.local/lib/python3.8/site-packages/airflow/example_dags/example_branch_operator.py
[2024-01-11T22:41:42.419+0000] {processor.py:830} INFO - Processing file /home/airflow/.local/lib/python3.8/site-packages/airflow/example_dags/example_branch_operator.py for tasks to queue
[2024-01-11T22:41:42.422+0000] {logging_mixin.py:188} INFO - [2024-01-11T22:41:42.421+0000] {dagbag.py:538} INFO - Filling up the DagBag from /home/airflow/.local/lib/python3.8/site-packages/airflow/example_dags/example_branch_operator.py
[2024-01-11T22:41:42.433+0000] {processor.py:840} INFO - DAG(s) 'example_branch_operator' retrieved from /home/airflow/.local/lib/python3.8/site-packages/airflow/example_dags/example_branch_operator.py
[2024-01-11T22:41:42.442+0000] {logging_mixin.py:188} INFO - [2024-01-11T22:41:42.442+0000] {dag.py:3033} INFO - Sync 1 DAGs
[2024-01-11T22:41:42.457+0000] {logging_mixin.py:188} INFO - [2024-01-11T22:41:42.457+0000] {dag.py:3820} INFO - Setting next_dagrun for example_branch_operator to 2024-01-10T00:00:00+00:00, run_after=2024-01-11T00:00:00+00:00
[2024-01-11T22:41:42.470+0000] {processor.py:183} INFO - Processing /home/airflow/.local/lib/python3.8/site-packages/airflow/example_dags/example_branch_operator.py took 0.055 seconds
[2024-01-11T22:42:12.930+0000] {processor.py:161} INFO - Started process (PID=343) to work on /home/airflow/.local/lib/python3.8/site-packages/airflow/example_dags/example_branch_operator.py
[2024-01-11T22:42:12.932+0000] {processor.py:830} INFO - Processing file /home/airflow/.local/lib/python3.8/site-packages/airflow/example_dags/example_branch_operator.py for tasks to queue
[2024-01-11T22:42:12.934+0000] {logging_mixin.py:188} INFO - [2024-01-11T22:42:12.934+0000] {dagbag.py:538} INFO - Filling up the DagBag from /home/airflow/.local/lib/python3.8/site-packages/airflow/example_dags/example_branch_operator.py
[2024-01-11T22:42:12.945+0000] {processor.py:840} INFO - DAG(s) 'example_branch_operator' retrieved from /home/airflow/.local/lib/python3.8/site-packages/airflow/example_dags/example_branch_operator.py
[2024-01-11T22:42:13.020+0000] {logging_mixin.py:188} INFO - [2024-01-11T22:42:13.020+0000] {dag.py:3033} INFO - Sync 1 DAGs
[2024-01-11T22:42:13.032+0000] {logging_mixin.py:188} INFO - [2024-01-11T22:42:13.032+0000] {dag.py:3820} INFO - Setting next_dagrun for example_branch_operator to 2024-01-10T00:00:00+00:00, run_after=2024-01-11T00:00:00+00:00
[2024-01-11T22:42:13.044+0000] {processor.py:183} INFO - Processing /home/airflow/.local/lib/python3.8/site-packages/airflow/example_dags/example_branch_operator.py took 0.116 seconds
[2024-01-11T22:42:43.712+0000] {processor.py:161} INFO - Started process (PID=397) to work on /home/airflow/.local/lib/python3.8/site-packages/airflow/example_dags/example_branch_operator.py
[2024-01-11T22:42:43.713+0000] {processor.py:830} INFO - Processing file /home/airflow/.local/lib/python3.8/site-packages/airflow/example_dags/example_branch_operator.py for tasks to queue
[2024-01-11T22:42:43.715+0000] {logging_mixin.py:188} INFO - [2024-01-11T22:42:43.715+0000] {dagbag.py:538} INFO - Filling up the DagBag from /home/airflow/.local/lib/python3.8/site-packages/airflow/example_dags/example_branch_operator.py
[2024-01-11T22:42:43.727+0000] {processor.py:840} INFO - DAG(s) 'example_branch_operator' retrieved from /home/airflow/.local/lib/python3.8/site-packages/airflow/example_dags/example_branch_operator.py
[2024-01-11T22:42:43.746+0000] {logging_mixin.py:188} INFO - [2024-01-11T22:42:43.746+0000] {dag.py:3033} INFO - Sync 1 DAGs
[2024-01-11T22:42:43.760+0000] {logging_mixin.py:188} INFO - [2024-01-11T22:42:43.760+0000] {dag.py:3820} INFO - Setting next_dagrun for example_branch_operator to 2024-01-10T00:00:00+00:00, run_after=2024-01-11T00:00:00+00:00
[2024-01-11T22:42:43.771+0000] {processor.py:183} INFO - Processing /home/airflow/.local/lib/python3.8/site-packages/airflow/example_dags/example_branch_operator.py took 0.062 seconds
