[2024-01-11T22:39:40.728+0000] {processor.py:161} INFO - Started process (PID=69) to work on /home/airflow/.local/lib/python3.8/site-packages/airflow/example_dags/example_branch_python_dop_operator_3.py
[2024-01-11T22:39:40.730+0000] {processor.py:830} INFO - Processing file /home/airflow/.local/lib/python3.8/site-packages/airflow/example_dags/example_branch_python_dop_operator_3.py for tasks to queue
[2024-01-11T22:39:40.732+0000] {logging_mixin.py:188} INFO - [2024-01-11T22:39:40.732+0000] {dagbag.py:538} INFO - Filling up the DagBag from /home/airflow/.local/lib/python3.8/site-packages/airflow/example_dags/example_branch_python_dop_operator_3.py
[2024-01-11T22:39:40.741+0000] {processor.py:840} INFO - DAG(s) 'example_branch_dop_operator_v3' retrieved from /home/airflow/.local/lib/python3.8/site-packages/airflow/example_dags/example_branch_python_dop_operator_3.py
[2024-01-11T22:39:40.806+0000] {logging_mixin.py:188} INFO - [2024-01-11T22:39:40.805+0000] {override.py:1769} INFO - Created Permission View: can edit on DAG:example_branch_dop_operator_v3
[2024-01-11T22:39:40.814+0000] {logging_mixin.py:188} INFO - [2024-01-11T22:39:40.813+0000] {override.py:1769} INFO - Created Permission View: can delete on DAG:example_branch_dop_operator_v3
[2024-01-11T22:39:40.819+0000] {logging_mixin.py:188} INFO - [2024-01-11T22:39:40.819+0000] {override.py:1769} INFO - Created Permission View: can read on DAG:example_branch_dop_operator_v3
[2024-01-11T22:39:40.820+0000] {logging_mixin.py:188} INFO - [2024-01-11T22:39:40.820+0000] {dag.py:3033} INFO - Sync 1 DAGs
[2024-01-11T22:39:40.828+0000] {logging_mixin.py:188} INFO - [2024-01-11T22:39:40.828+0000] {dag.py:3055} INFO - Creating ORM DAG for example_branch_dop_operator_v3
[2024-01-11T22:39:40.837+0000] {logging_mixin.py:188} INFO - [2024-01-11T22:39:40.837+0000] {dag.py:3820} INFO - Setting next_dagrun for example_branch_dop_operator_v3 to 2024-01-11T22:38:00+00:00, run_after=2024-01-11T22:39:00+00:00
[2024-01-11T22:39:40.850+0000] {processor.py:183} INFO - Processing /home/airflow/.local/lib/python3.8/site-packages/airflow/example_dags/example_branch_python_dop_operator_3.py took 0.125 seconds
[2024-01-11T22:40:10.958+0000] {processor.py:161} INFO - Started process (PID=124) to work on /home/airflow/.local/lib/python3.8/site-packages/airflow/example_dags/example_branch_python_dop_operator_3.py
[2024-01-11T22:40:10.960+0000] {processor.py:830} INFO - Processing file /home/airflow/.local/lib/python3.8/site-packages/airflow/example_dags/example_branch_python_dop_operator_3.py for tasks to queue
[2024-01-11T22:40:10.962+0000] {logging_mixin.py:188} INFO - [2024-01-11T22:40:10.961+0000] {dagbag.py:538} INFO - Filling up the DagBag from /home/airflow/.local/lib/python3.8/site-packages/airflow/example_dags/example_branch_python_dop_operator_3.py
[2024-01-11T22:40:10.967+0000] {processor.py:840} INFO - DAG(s) 'example_branch_dop_operator_v3' retrieved from /home/airflow/.local/lib/python3.8/site-packages/airflow/example_dags/example_branch_python_dop_operator_3.py
[2024-01-11T22:40:10.984+0000] {logging_mixin.py:188} INFO - [2024-01-11T22:40:10.984+0000] {dag.py:3033} INFO - Sync 1 DAGs
[2024-01-11T22:40:11.001+0000] {logging_mixin.py:188} INFO - [2024-01-11T22:40:11.001+0000] {dag.py:3820} INFO - Setting next_dagrun for example_branch_dop_operator_v3 to 2024-01-11T22:39:00+00:00, run_after=2024-01-11T22:40:00+00:00
[2024-01-11T22:40:11.014+0000] {processor.py:183} INFO - Processing /home/airflow/.local/lib/python3.8/site-packages/airflow/example_dags/example_branch_python_dop_operator_3.py took 0.058 seconds
[2024-01-11T22:40:41.483+0000] {processor.py:161} INFO - Started process (PID=179) to work on /home/airflow/.local/lib/python3.8/site-packages/airflow/example_dags/example_branch_python_dop_operator_3.py
[2024-01-11T22:40:41.484+0000] {processor.py:830} INFO - Processing file /home/airflow/.local/lib/python3.8/site-packages/airflow/example_dags/example_branch_python_dop_operator_3.py for tasks to queue
[2024-01-11T22:40:41.487+0000] {logging_mixin.py:188} INFO - [2024-01-11T22:40:41.487+0000] {dagbag.py:538} INFO - Filling up the DagBag from /home/airflow/.local/lib/python3.8/site-packages/airflow/example_dags/example_branch_python_dop_operator_3.py
[2024-01-11T22:40:41.494+0000] {processor.py:840} INFO - DAG(s) 'example_branch_dop_operator_v3' retrieved from /home/airflow/.local/lib/python3.8/site-packages/airflow/example_dags/example_branch_python_dop_operator_3.py
[2024-01-11T22:40:41.509+0000] {logging_mixin.py:188} INFO - [2024-01-11T22:40:41.509+0000] {dag.py:3033} INFO - Sync 1 DAGs
[2024-01-11T22:40:41.524+0000] {logging_mixin.py:188} INFO - [2024-01-11T22:40:41.524+0000] {dag.py:3820} INFO - Setting next_dagrun for example_branch_dop_operator_v3 to 2024-01-11T22:39:00+00:00, run_after=2024-01-11T22:40:00+00:00
[2024-01-11T22:40:41.536+0000] {processor.py:183} INFO - Processing /home/airflow/.local/lib/python3.8/site-packages/airflow/example_dags/example_branch_python_dop_operator_3.py took 0.056 seconds
[2024-01-11T22:41:12.052+0000] {processor.py:161} INFO - Started process (PID=234) to work on /home/airflow/.local/lib/python3.8/site-packages/airflow/example_dags/example_branch_python_dop_operator_3.py
[2024-01-11T22:41:12.053+0000] {processor.py:830} INFO - Processing file /home/airflow/.local/lib/python3.8/site-packages/airflow/example_dags/example_branch_python_dop_operator_3.py for tasks to queue
[2024-01-11T22:41:12.055+0000] {logging_mixin.py:188} INFO - [2024-01-11T22:41:12.055+0000] {dagbag.py:538} INFO - Filling up the DagBag from /home/airflow/.local/lib/python3.8/site-packages/airflow/example_dags/example_branch_python_dop_operator_3.py
[2024-01-11T22:41:12.061+0000] {processor.py:840} INFO - DAG(s) 'example_branch_dop_operator_v3' retrieved from /home/airflow/.local/lib/python3.8/site-packages/airflow/example_dags/example_branch_python_dop_operator_3.py
[2024-01-11T22:41:12.076+0000] {logging_mixin.py:188} INFO - [2024-01-11T22:41:12.076+0000] {dag.py:3033} INFO - Sync 1 DAGs
[2024-01-11T22:41:12.091+0000] {logging_mixin.py:188} INFO - [2024-01-11T22:41:12.090+0000] {dag.py:3820} INFO - Setting next_dagrun for example_branch_dop_operator_v3 to 2024-01-11T22:40:00+00:00, run_after=2024-01-11T22:41:00+00:00
[2024-01-11T22:41:12.102+0000] {processor.py:183} INFO - Processing /home/airflow/.local/lib/python3.8/site-packages/airflow/example_dags/example_branch_python_dop_operator_3.py took 0.052 seconds
[2024-01-11T22:41:42.483+0000] {processor.py:161} INFO - Started process (PID=289) to work on /home/airflow/.local/lib/python3.8/site-packages/airflow/example_dags/example_branch_python_dop_operator_3.py
[2024-01-11T22:41:42.485+0000] {processor.py:830} INFO - Processing file /home/airflow/.local/lib/python3.8/site-packages/airflow/example_dags/example_branch_python_dop_operator_3.py for tasks to queue
[2024-01-11T22:41:42.487+0000] {logging_mixin.py:188} INFO - [2024-01-11T22:41:42.487+0000] {dagbag.py:538} INFO - Filling up the DagBag from /home/airflow/.local/lib/python3.8/site-packages/airflow/example_dags/example_branch_python_dop_operator_3.py
[2024-01-11T22:41:42.494+0000] {processor.py:840} INFO - DAG(s) 'example_branch_dop_operator_v3' retrieved from /home/airflow/.local/lib/python3.8/site-packages/airflow/example_dags/example_branch_python_dop_operator_3.py
[2024-01-11T22:41:42.504+0000] {logging_mixin.py:188} INFO - [2024-01-11T22:41:42.504+0000] {dag.py:3033} INFO - Sync 1 DAGs
[2024-01-11T22:41:42.521+0000] {logging_mixin.py:188} INFO - [2024-01-11T22:41:42.521+0000] {dag.py:3820} INFO - Setting next_dagrun for example_branch_dop_operator_v3 to 2024-01-11T22:40:00+00:00, run_after=2024-01-11T22:41:00+00:00
[2024-01-11T22:41:42.532+0000] {processor.py:183} INFO - Processing /home/airflow/.local/lib/python3.8/site-packages/airflow/example_dags/example_branch_python_dop_operator_3.py took 0.051 seconds
[2024-01-11T22:42:12.994+0000] {processor.py:161} INFO - Started process (PID=344) to work on /home/airflow/.local/lib/python3.8/site-packages/airflow/example_dags/example_branch_python_dop_operator_3.py
[2024-01-11T22:42:12.996+0000] {processor.py:830} INFO - Processing file /home/airflow/.local/lib/python3.8/site-packages/airflow/example_dags/example_branch_python_dop_operator_3.py for tasks to queue
[2024-01-11T22:42:12.999+0000] {logging_mixin.py:188} INFO - [2024-01-11T22:42:12.999+0000] {dagbag.py:538} INFO - Filling up the DagBag from /home/airflow/.local/lib/python3.8/site-packages/airflow/example_dags/example_branch_python_dop_operator_3.py
[2024-01-11T22:42:13.005+0000] {processor.py:840} INFO - DAG(s) 'example_branch_dop_operator_v3' retrieved from /home/airflow/.local/lib/python3.8/site-packages/airflow/example_dags/example_branch_python_dop_operator_3.py
[2024-01-11T22:42:13.067+0000] {logging_mixin.py:188} INFO - [2024-01-11T22:42:13.067+0000] {dag.py:3033} INFO - Sync 1 DAGs
[2024-01-11T22:42:13.081+0000] {logging_mixin.py:188} INFO - [2024-01-11T22:42:13.081+0000] {dag.py:3820} INFO - Setting next_dagrun for example_branch_dop_operator_v3 to 2024-01-11T22:41:00+00:00, run_after=2024-01-11T22:42:00+00:00
[2024-01-11T22:42:13.095+0000] {processor.py:183} INFO - Processing /home/airflow/.local/lib/python3.8/site-packages/airflow/example_dags/example_branch_python_dop_operator_3.py took 0.103 seconds
[2024-01-11T22:42:43.714+0000] {processor.py:161} INFO - Started process (PID=398) to work on /home/airflow/.local/lib/python3.8/site-packages/airflow/example_dags/example_branch_python_dop_operator_3.py
[2024-01-11T22:42:43.716+0000] {processor.py:830} INFO - Processing file /home/airflow/.local/lib/python3.8/site-packages/airflow/example_dags/example_branch_python_dop_operator_3.py for tasks to queue
[2024-01-11T22:42:43.718+0000] {logging_mixin.py:188} INFO - [2024-01-11T22:42:43.718+0000] {dagbag.py:538} INFO - Filling up the DagBag from /home/airflow/.local/lib/python3.8/site-packages/airflow/example_dags/example_branch_python_dop_operator_3.py
[2024-01-11T22:42:43.724+0000] {processor.py:840} INFO - DAG(s) 'example_branch_dop_operator_v3' retrieved from /home/airflow/.local/lib/python3.8/site-packages/airflow/example_dags/example_branch_python_dop_operator_3.py
[2024-01-11T22:42:43.740+0000] {logging_mixin.py:188} INFO - [2024-01-11T22:42:43.740+0000] {dag.py:3033} INFO - Sync 1 DAGs
[2024-01-11T22:42:43.756+0000] {logging_mixin.py:188} INFO - [2024-01-11T22:42:43.756+0000] {dag.py:3820} INFO - Setting next_dagrun for example_branch_dop_operator_v3 to 2024-01-11T22:41:00+00:00, run_after=2024-01-11T22:42:00+00:00
[2024-01-11T22:42:43.767+0000] {processor.py:183} INFO - Processing /home/airflow/.local/lib/python3.8/site-packages/airflow/example_dags/example_branch_python_dop_operator_3.py took 0.055 seconds
