[2024-01-11T22:39:39.222+0000] {processor.py:161} INFO - Started process (PID=54) to work on /home/airflow/.local/lib/python3.8/site-packages/airflow/example_dags/example_latest_only_with_trigger.py
[2024-01-11T22:39:39.224+0000] {processor.py:830} INFO - Processing file /home/airflow/.local/lib/python3.8/site-packages/airflow/example_dags/example_latest_only_with_trigger.py for tasks to queue
[2024-01-11T22:39:39.227+0000] {logging_mixin.py:188} INFO - [2024-01-11T22:39:39.226+0000] {dagbag.py:538} INFO - Filling up the DagBag from /home/airflow/.local/lib/python3.8/site-packages/airflow/example_dags/example_latest_only_with_trigger.py
[2024-01-11T22:39:39.234+0000] {processor.py:840} INFO - DAG(s) 'latest_only_with_trigger' retrieved from /home/airflow/.local/lib/python3.8/site-packages/airflow/example_dags/example_latest_only_with_trigger.py
[2024-01-11T22:39:39.315+0000] {logging_mixin.py:188} INFO - [2024-01-11T22:39:39.315+0000] {override.py:1769} INFO - Created Permission View: can edit on DAG:latest_only_with_trigger
[2024-01-11T22:39:39.324+0000] {logging_mixin.py:188} INFO - [2024-01-11T22:39:39.323+0000] {override.py:1769} INFO - Created Permission View: can delete on DAG:latest_only_with_trigger
[2024-01-11T22:39:39.330+0000] {logging_mixin.py:188} INFO - [2024-01-11T22:39:39.330+0000] {override.py:1769} INFO - Created Permission View: can read on DAG:latest_only_with_trigger
[2024-01-11T22:39:39.332+0000] {logging_mixin.py:188} INFO - [2024-01-11T22:39:39.332+0000] {dag.py:3033} INFO - Sync 1 DAGs
[2024-01-11T22:39:39.340+0000] {logging_mixin.py:188} INFO - [2024-01-11T22:39:39.340+0000] {dag.py:3055} INFO - Creating ORM DAG for latest_only_with_trigger
[2024-01-11T22:39:39.348+0000] {logging_mixin.py:188} INFO - [2024-01-11T22:39:39.348+0000] {dag.py:3820} INFO - Setting next_dagrun for latest_only_with_trigger to 2024-01-11T16:00:00+00:00, run_after=2024-01-11T20:00:00+00:00
[2024-01-11T22:39:39.361+0000] {processor.py:183} INFO - Processing /home/airflow/.local/lib/python3.8/site-packages/airflow/example_dags/example_latest_only_with_trigger.py took 0.141 seconds
[2024-01-11T22:40:10.340+0000] {processor.py:161} INFO - Started process (PID=109) to work on /home/airflow/.local/lib/python3.8/site-packages/airflow/example_dags/example_latest_only_with_trigger.py
[2024-01-11T22:40:10.344+0000] {processor.py:830} INFO - Processing file /home/airflow/.local/lib/python3.8/site-packages/airflow/example_dags/example_latest_only_with_trigger.py for tasks to queue
[2024-01-11T22:40:10.350+0000] {logging_mixin.py:188} INFO - [2024-01-11T22:40:10.350+0000] {dagbag.py:538} INFO - Filling up the DagBag from /home/airflow/.local/lib/python3.8/site-packages/airflow/example_dags/example_latest_only_with_trigger.py
[2024-01-11T22:40:10.358+0000] {processor.py:840} INFO - DAG(s) 'latest_only_with_trigger' retrieved from /home/airflow/.local/lib/python3.8/site-packages/airflow/example_dags/example_latest_only_with_trigger.py
[2024-01-11T22:40:10.375+0000] {logging_mixin.py:188} INFO - [2024-01-11T22:40:10.375+0000] {dag.py:3033} INFO - Sync 1 DAGs
[2024-01-11T22:40:10.389+0000] {logging_mixin.py:188} INFO - [2024-01-11T22:40:10.389+0000] {dag.py:3820} INFO - Setting next_dagrun for latest_only_with_trigger to 2024-01-11T16:00:00+00:00, run_after=2024-01-11T20:00:00+00:00
[2024-01-11T22:40:10.401+0000] {processor.py:183} INFO - Processing /home/airflow/.local/lib/python3.8/site-packages/airflow/example_dags/example_latest_only_with_trigger.py took 0.065 seconds
[2024-01-11T22:40:40.803+0000] {processor.py:161} INFO - Started process (PID=164) to work on /home/airflow/.local/lib/python3.8/site-packages/airflow/example_dags/example_latest_only_with_trigger.py
[2024-01-11T22:40:40.806+0000] {processor.py:830} INFO - Processing file /home/airflow/.local/lib/python3.8/site-packages/airflow/example_dags/example_latest_only_with_trigger.py for tasks to queue
[2024-01-11T22:40:40.810+0000] {logging_mixin.py:188} INFO - [2024-01-11T22:40:40.810+0000] {dagbag.py:538} INFO - Filling up the DagBag from /home/airflow/.local/lib/python3.8/site-packages/airflow/example_dags/example_latest_only_with_trigger.py
[2024-01-11T22:40:40.817+0000] {processor.py:840} INFO - DAG(s) 'latest_only_with_trigger' retrieved from /home/airflow/.local/lib/python3.8/site-packages/airflow/example_dags/example_latest_only_with_trigger.py
[2024-01-11T22:40:40.837+0000] {logging_mixin.py:188} INFO - [2024-01-11T22:40:40.836+0000] {dag.py:3033} INFO - Sync 1 DAGs
[2024-01-11T22:40:40.850+0000] {logging_mixin.py:188} INFO - [2024-01-11T22:40:40.850+0000] {dag.py:3820} INFO - Setting next_dagrun for latest_only_with_trigger to 2024-01-11T16:00:00+00:00, run_after=2024-01-11T20:00:00+00:00
[2024-01-11T22:40:40.861+0000] {processor.py:183} INFO - Processing /home/airflow/.local/lib/python3.8/site-packages/airflow/example_dags/example_latest_only_with_trigger.py took 0.063 seconds
[2024-01-11T22:41:11.348+0000] {processor.py:161} INFO - Started process (PID=219) to work on /home/airflow/.local/lib/python3.8/site-packages/airflow/example_dags/example_latest_only_with_trigger.py
[2024-01-11T22:41:11.350+0000] {processor.py:830} INFO - Processing file /home/airflow/.local/lib/python3.8/site-packages/airflow/example_dags/example_latest_only_with_trigger.py for tasks to queue
[2024-01-11T22:41:11.356+0000] {logging_mixin.py:188} INFO - [2024-01-11T22:41:11.355+0000] {dagbag.py:538} INFO - Filling up the DagBag from /home/airflow/.local/lib/python3.8/site-packages/airflow/example_dags/example_latest_only_with_trigger.py
[2024-01-11T22:41:11.362+0000] {processor.py:840} INFO - DAG(s) 'latest_only_with_trigger' retrieved from /home/airflow/.local/lib/python3.8/site-packages/airflow/example_dags/example_latest_only_with_trigger.py
[2024-01-11T22:41:11.383+0000] {logging_mixin.py:188} INFO - [2024-01-11T22:41:11.383+0000] {dag.py:3033} INFO - Sync 1 DAGs
[2024-01-11T22:41:11.397+0000] {logging_mixin.py:188} INFO - [2024-01-11T22:41:11.397+0000] {dag.py:3820} INFO - Setting next_dagrun for latest_only_with_trigger to 2024-01-11T16:00:00+00:00, run_after=2024-01-11T20:00:00+00:00
[2024-01-11T22:41:11.410+0000] {processor.py:183} INFO - Processing /home/airflow/.local/lib/python3.8/site-packages/airflow/example_dags/example_latest_only_with_trigger.py took 0.067 seconds
[2024-01-11T22:41:41.843+0000] {processor.py:161} INFO - Started process (PID=274) to work on /home/airflow/.local/lib/python3.8/site-packages/airflow/example_dags/example_latest_only_with_trigger.py
[2024-01-11T22:41:41.844+0000] {processor.py:830} INFO - Processing file /home/airflow/.local/lib/python3.8/site-packages/airflow/example_dags/example_latest_only_with_trigger.py for tasks to queue
[2024-01-11T22:41:41.848+0000] {logging_mixin.py:188} INFO - [2024-01-11T22:41:41.848+0000] {dagbag.py:538} INFO - Filling up the DagBag from /home/airflow/.local/lib/python3.8/site-packages/airflow/example_dags/example_latest_only_with_trigger.py
[2024-01-11T22:41:41.855+0000] {processor.py:840} INFO - DAG(s) 'latest_only_with_trigger' retrieved from /home/airflow/.local/lib/python3.8/site-packages/airflow/example_dags/example_latest_only_with_trigger.py
[2024-01-11T22:41:41.866+0000] {logging_mixin.py:188} INFO - [2024-01-11T22:41:41.866+0000] {dag.py:3033} INFO - Sync 1 DAGs
[2024-01-11T22:41:41.880+0000] {logging_mixin.py:188} INFO - [2024-01-11T22:41:41.880+0000] {dag.py:3820} INFO - Setting next_dagrun for latest_only_with_trigger to 2024-01-11T16:00:00+00:00, run_after=2024-01-11T20:00:00+00:00
[2024-01-11T22:41:41.891+0000] {processor.py:183} INFO - Processing /home/airflow/.local/lib/python3.8/site-packages/airflow/example_dags/example_latest_only_with_trigger.py took 0.052 seconds
[2024-01-11T22:42:11.981+0000] {processor.py:161} INFO - Started process (PID=329) to work on /home/airflow/.local/lib/python3.8/site-packages/airflow/example_dags/example_latest_only_with_trigger.py
[2024-01-11T22:42:11.983+0000] {processor.py:830} INFO - Processing file /home/airflow/.local/lib/python3.8/site-packages/airflow/example_dags/example_latest_only_with_trigger.py for tasks to queue
[2024-01-11T22:42:11.986+0000] {logging_mixin.py:188} INFO - [2024-01-11T22:42:11.986+0000] {dagbag.py:538} INFO - Filling up the DagBag from /home/airflow/.local/lib/python3.8/site-packages/airflow/example_dags/example_latest_only_with_trigger.py
[2024-01-11T22:42:11.991+0000] {processor.py:840} INFO - DAG(s) 'latest_only_with_trigger' retrieved from /home/airflow/.local/lib/python3.8/site-packages/airflow/example_dags/example_latest_only_with_trigger.py
[2024-01-11T22:42:12.048+0000] {logging_mixin.py:188} INFO - [2024-01-11T22:42:12.047+0000] {dag.py:3033} INFO - Sync 1 DAGs
[2024-01-11T22:42:12.063+0000] {logging_mixin.py:188} INFO - [2024-01-11T22:42:12.063+0000] {dag.py:3820} INFO - Setting next_dagrun for latest_only_with_trigger to 2024-01-11T16:00:00+00:00, run_after=2024-01-11T20:00:00+00:00
[2024-01-11T22:42:12.074+0000] {processor.py:183} INFO - Processing /home/airflow/.local/lib/python3.8/site-packages/airflow/example_dags/example_latest_only_with_trigger.py took 0.096 seconds
[2024-01-11T22:42:43.054+0000] {processor.py:161} INFO - Started process (PID=383) to work on /home/airflow/.local/lib/python3.8/site-packages/airflow/example_dags/example_latest_only_with_trigger.py
[2024-01-11T22:42:43.057+0000] {processor.py:830} INFO - Processing file /home/airflow/.local/lib/python3.8/site-packages/airflow/example_dags/example_latest_only_with_trigger.py for tasks to queue
[2024-01-11T22:42:43.063+0000] {logging_mixin.py:188} INFO - [2024-01-11T22:42:43.062+0000] {dagbag.py:538} INFO - Filling up the DagBag from /home/airflow/.local/lib/python3.8/site-packages/airflow/example_dags/example_latest_only_with_trigger.py
[2024-01-11T22:42:43.070+0000] {processor.py:840} INFO - DAG(s) 'latest_only_with_trigger' retrieved from /home/airflow/.local/lib/python3.8/site-packages/airflow/example_dags/example_latest_only_with_trigger.py
[2024-01-11T22:42:43.086+0000] {logging_mixin.py:188} INFO - [2024-01-11T22:42:43.086+0000] {dag.py:3033} INFO - Sync 1 DAGs
[2024-01-11T22:42:43.100+0000] {logging_mixin.py:188} INFO - [2024-01-11T22:42:43.100+0000] {dag.py:3820} INFO - Setting next_dagrun for latest_only_with_trigger to 2024-01-11T16:00:00+00:00, run_after=2024-01-11T20:00:00+00:00
[2024-01-11T22:42:43.113+0000] {processor.py:183} INFO - Processing /home/airflow/.local/lib/python3.8/site-packages/airflow/example_dags/example_latest_only_with_trigger.py took 0.064 seconds
