[2024-01-11T22:39:39.716+0000] {processor.py:161} INFO - Started process (PID=59) to work on /home/airflow/.local/lib/python3.8/site-packages/airflow/example_dags/example_sensors.py
[2024-01-11T22:39:39.718+0000] {processor.py:830} INFO - Processing file /home/airflow/.local/lib/python3.8/site-packages/airflow/example_dags/example_sensors.py for tasks to queue
[2024-01-11T22:39:39.721+0000] {logging_mixin.py:188} INFO - [2024-01-11T22:39:39.721+0000] {dagbag.py:538} INFO - Filling up the DagBag from /home/airflow/.local/lib/python3.8/site-packages/airflow/example_dags/example_sensors.py
[2024-01-11T22:39:39.731+0000] {processor.py:840} INFO - DAG(s) 'example_sensors' retrieved from /home/airflow/.local/lib/python3.8/site-packages/airflow/example_dags/example_sensors.py
[2024-01-11T22:39:39.804+0000] {logging_mixin.py:188} INFO - [2024-01-11T22:39:39.803+0000] {override.py:1769} INFO - Created Permission View: can edit on DAG:example_sensors
[2024-01-11T22:39:39.812+0000] {logging_mixin.py:188} INFO - [2024-01-11T22:39:39.812+0000] {override.py:1769} INFO - Created Permission View: can delete on DAG:example_sensors
[2024-01-11T22:39:39.818+0000] {logging_mixin.py:188} INFO - [2024-01-11T22:39:39.818+0000] {override.py:1769} INFO - Created Permission View: can read on DAG:example_sensors
[2024-01-11T22:39:39.819+0000] {logging_mixin.py:188} INFO - [2024-01-11T22:39:39.819+0000] {dag.py:3033} INFO - Sync 1 DAGs
[2024-01-11T22:39:39.827+0000] {logging_mixin.py:188} INFO - [2024-01-11T22:39:39.827+0000] {dag.py:3055} INFO - Creating ORM DAG for example_sensors
[2024-01-11T22:39:39.829+0000] {logging_mixin.py:188} INFO - [2024-01-11T22:39:39.829+0000] {dag.py:3820} INFO - Setting next_dagrun for example_sensors to None, run_after=None
[2024-01-11T22:39:39.840+0000] {processor.py:183} INFO - Processing /home/airflow/.local/lib/python3.8/site-packages/airflow/example_dags/example_sensors.py took 0.129 seconds
[2024-01-11T22:40:10.576+0000] {processor.py:161} INFO - Started process (PID=114) to work on /home/airflow/.local/lib/python3.8/site-packages/airflow/example_dags/example_sensors.py
[2024-01-11T22:40:10.577+0000] {processor.py:830} INFO - Processing file /home/airflow/.local/lib/python3.8/site-packages/airflow/example_dags/example_sensors.py for tasks to queue
[2024-01-11T22:40:10.579+0000] {logging_mixin.py:188} INFO - [2024-01-11T22:40:10.579+0000] {dagbag.py:538} INFO - Filling up the DagBag from /home/airflow/.local/lib/python3.8/site-packages/airflow/example_dags/example_sensors.py
[2024-01-11T22:40:10.586+0000] {processor.py:840} INFO - DAG(s) 'example_sensors' retrieved from /home/airflow/.local/lib/python3.8/site-packages/airflow/example_dags/example_sensors.py
[2024-01-11T22:40:10.604+0000] {logging_mixin.py:188} INFO - [2024-01-11T22:40:10.604+0000] {dag.py:3033} INFO - Sync 1 DAGs
[2024-01-11T22:40:10.614+0000] {logging_mixin.py:188} INFO - [2024-01-11T22:40:10.613+0000] {dag.py:3820} INFO - Setting next_dagrun for example_sensors to None, run_after=None
[2024-01-11T22:40:10.626+0000] {processor.py:183} INFO - Processing /home/airflow/.local/lib/python3.8/site-packages/airflow/example_dags/example_sensors.py took 0.053 seconds
[2024-01-11T22:40:41.043+0000] {processor.py:161} INFO - Started process (PID=169) to work on /home/airflow/.local/lib/python3.8/site-packages/airflow/example_dags/example_sensors.py
[2024-01-11T22:40:41.045+0000] {processor.py:830} INFO - Processing file /home/airflow/.local/lib/python3.8/site-packages/airflow/example_dags/example_sensors.py for tasks to queue
[2024-01-11T22:40:41.047+0000] {logging_mixin.py:188} INFO - [2024-01-11T22:40:41.047+0000] {dagbag.py:538} INFO - Filling up the DagBag from /home/airflow/.local/lib/python3.8/site-packages/airflow/example_dags/example_sensors.py
[2024-01-11T22:40:41.052+0000] {processor.py:840} INFO - DAG(s) 'example_sensors' retrieved from /home/airflow/.local/lib/python3.8/site-packages/airflow/example_dags/example_sensors.py
[2024-01-11T22:40:41.069+0000] {logging_mixin.py:188} INFO - [2024-01-11T22:40:41.069+0000] {dag.py:3033} INFO - Sync 1 DAGs
[2024-01-11T22:40:41.078+0000] {logging_mixin.py:188} INFO - [2024-01-11T22:40:41.077+0000] {dag.py:3820} INFO - Setting next_dagrun for example_sensors to None, run_after=None
[2024-01-11T22:40:41.090+0000] {processor.py:183} INFO - Processing /home/airflow/.local/lib/python3.8/site-packages/airflow/example_dags/example_sensors.py took 0.049 seconds
[2024-01-11T22:41:11.585+0000] {processor.py:161} INFO - Started process (PID=224) to work on /home/airflow/.local/lib/python3.8/site-packages/airflow/example_dags/example_sensors.py
[2024-01-11T22:41:11.586+0000] {processor.py:830} INFO - Processing file /home/airflow/.local/lib/python3.8/site-packages/airflow/example_dags/example_sensors.py for tasks to queue
[2024-01-11T22:41:11.588+0000] {logging_mixin.py:188} INFO - [2024-01-11T22:41:11.588+0000] {dagbag.py:538} INFO - Filling up the DagBag from /home/airflow/.local/lib/python3.8/site-packages/airflow/example_dags/example_sensors.py
[2024-01-11T22:41:11.594+0000] {processor.py:840} INFO - DAG(s) 'example_sensors' retrieved from /home/airflow/.local/lib/python3.8/site-packages/airflow/example_dags/example_sensors.py
[2024-01-11T22:41:11.611+0000] {logging_mixin.py:188} INFO - [2024-01-11T22:41:11.611+0000] {dag.py:3033} INFO - Sync 1 DAGs
[2024-01-11T22:41:11.620+0000] {logging_mixin.py:188} INFO - [2024-01-11T22:41:11.619+0000] {dag.py:3820} INFO - Setting next_dagrun for example_sensors to None, run_after=None
[2024-01-11T22:41:11.630+0000] {processor.py:183} INFO - Processing /home/airflow/.local/lib/python3.8/site-packages/airflow/example_dags/example_sensors.py took 0.047 seconds
[2024-01-11T22:41:42.040+0000] {processor.py:161} INFO - Started process (PID=279) to work on /home/airflow/.local/lib/python3.8/site-packages/airflow/example_dags/example_sensors.py
[2024-01-11T22:41:42.042+0000] {processor.py:830} INFO - Processing file /home/airflow/.local/lib/python3.8/site-packages/airflow/example_dags/example_sensors.py for tasks to queue
[2024-01-11T22:41:42.045+0000] {logging_mixin.py:188} INFO - [2024-01-11T22:41:42.045+0000] {dagbag.py:538} INFO - Filling up the DagBag from /home/airflow/.local/lib/python3.8/site-packages/airflow/example_dags/example_sensors.py
[2024-01-11T22:41:42.053+0000] {processor.py:840} INFO - DAG(s) 'example_sensors' retrieved from /home/airflow/.local/lib/python3.8/site-packages/airflow/example_dags/example_sensors.py
[2024-01-11T22:41:42.064+0000] {logging_mixin.py:188} INFO - [2024-01-11T22:41:42.064+0000] {dag.py:3033} INFO - Sync 1 DAGs
[2024-01-11T22:41:42.073+0000] {logging_mixin.py:188} INFO - [2024-01-11T22:41:42.073+0000] {dag.py:3820} INFO - Setting next_dagrun for example_sensors to None, run_after=None
[2024-01-11T22:41:42.085+0000] {processor.py:183} INFO - Processing /home/airflow/.local/lib/python3.8/site-packages/airflow/example_dags/example_sensors.py took 0.047 seconds
[2024-01-11T22:42:12.335+0000] {processor.py:161} INFO - Started process (PID=334) to work on /home/airflow/.local/lib/python3.8/site-packages/airflow/example_dags/example_sensors.py
[2024-01-11T22:42:12.338+0000] {processor.py:830} INFO - Processing file /home/airflow/.local/lib/python3.8/site-packages/airflow/example_dags/example_sensors.py for tasks to queue
[2024-01-11T22:42:12.340+0000] {logging_mixin.py:188} INFO - [2024-01-11T22:42:12.339+0000] {dagbag.py:538} INFO - Filling up the DagBag from /home/airflow/.local/lib/python3.8/site-packages/airflow/example_dags/example_sensors.py
[2024-01-11T22:42:12.346+0000] {processor.py:840} INFO - DAG(s) 'example_sensors' retrieved from /home/airflow/.local/lib/python3.8/site-packages/airflow/example_dags/example_sensors.py
[2024-01-11T22:42:12.399+0000] {logging_mixin.py:188} INFO - [2024-01-11T22:42:12.399+0000] {dag.py:3033} INFO - Sync 1 DAGs
[2024-01-11T22:42:12.405+0000] {logging_mixin.py:188} INFO - [2024-01-11T22:42:12.405+0000] {dag.py:3820} INFO - Setting next_dagrun for example_sensors to None, run_after=None
[2024-01-11T22:42:12.417+0000] {processor.py:183} INFO - Processing /home/airflow/.local/lib/python3.8/site-packages/airflow/example_dags/example_sensors.py took 0.084 seconds
[2024-01-11T22:42:43.231+0000] {processor.py:161} INFO - Started process (PID=388) to work on /home/airflow/.local/lib/python3.8/site-packages/airflow/example_dags/example_sensors.py
[2024-01-11T22:42:43.233+0000] {processor.py:830} INFO - Processing file /home/airflow/.local/lib/python3.8/site-packages/airflow/example_dags/example_sensors.py for tasks to queue
[2024-01-11T22:42:43.235+0000] {logging_mixin.py:188} INFO - [2024-01-11T22:42:43.235+0000] {dagbag.py:538} INFO - Filling up the DagBag from /home/airflow/.local/lib/python3.8/site-packages/airflow/example_dags/example_sensors.py
[2024-01-11T22:42:43.242+0000] {processor.py:840} INFO - DAG(s) 'example_sensors' retrieved from /home/airflow/.local/lib/python3.8/site-packages/airflow/example_dags/example_sensors.py
[2024-01-11T22:42:43.259+0000] {logging_mixin.py:188} INFO - [2024-01-11T22:42:43.259+0000] {dag.py:3033} INFO - Sync 1 DAGs
[2024-01-11T22:42:43.267+0000] {logging_mixin.py:188} INFO - [2024-01-11T22:42:43.267+0000] {dag.py:3820} INFO - Setting next_dagrun for example_sensors to None, run_after=None
[2024-01-11T22:42:43.280+0000] {processor.py:183} INFO - Processing /home/airflow/.local/lib/python3.8/site-packages/airflow/example_dags/example_sensors.py took 0.051 seconds
