[2024-01-11T22:39:40.395+0000] {processor.py:161} INFO - Started process (PID=65) to work on /home/airflow/.local/lib/python3.8/site-packages/airflow/example_dags/example_xcomargs.py
[2024-01-11T22:39:40.397+0000] {processor.py:830} INFO - Processing file /home/airflow/.local/lib/python3.8/site-packages/airflow/example_dags/example_xcomargs.py for tasks to queue
[2024-01-11T22:39:40.399+0000] {logging_mixin.py:188} INFO - [2024-01-11T22:39:40.399+0000] {dagbag.py:538} INFO - Filling up the DagBag from /home/airflow/.local/lib/python3.8/site-packages/airflow/example_dags/example_xcomargs.py
[2024-01-11T22:39:40.407+0000] {processor.py:840} INFO - DAG(s) 'example_xcom_args_with_operators', 'example_xcom_args' retrieved from /home/airflow/.local/lib/python3.8/site-packages/airflow/example_dags/example_xcomargs.py
[2024-01-11T22:39:40.472+0000] {logging_mixin.py:188} INFO - [2024-01-11T22:39:40.472+0000] {override.py:1769} INFO - Created Permission View: can edit on DAG:example_xcom_args_with_operators
[2024-01-11T22:39:40.480+0000] {logging_mixin.py:188} INFO - [2024-01-11T22:39:40.480+0000] {override.py:1769} INFO - Created Permission View: can delete on DAG:example_xcom_args_with_operators
[2024-01-11T22:39:40.485+0000] {logging_mixin.py:188} INFO - [2024-01-11T22:39:40.485+0000] {override.py:1769} INFO - Created Permission View: can read on DAG:example_xcom_args_with_operators
[2024-01-11T22:39:40.495+0000] {logging_mixin.py:188} INFO - [2024-01-11T22:39:40.495+0000] {override.py:1769} INFO - Created Permission View: can edit on DAG:example_xcom_args
[2024-01-11T22:39:40.500+0000] {logging_mixin.py:188} INFO - [2024-01-11T22:39:40.500+0000] {override.py:1769} INFO - Created Permission View: can delete on DAG:example_xcom_args
[2024-01-11T22:39:40.505+0000] {logging_mixin.py:188} INFO - [2024-01-11T22:39:40.505+0000] {override.py:1769} INFO - Created Permission View: can read on DAG:example_xcom_args
[2024-01-11T22:39:40.506+0000] {logging_mixin.py:188} INFO - [2024-01-11T22:39:40.506+0000] {dag.py:3033} INFO - Sync 2 DAGs
[2024-01-11T22:39:40.514+0000] {logging_mixin.py:188} INFO - [2024-01-11T22:39:40.514+0000] {dag.py:3055} INFO - Creating ORM DAG for example_xcom_args_with_operators
[2024-01-11T22:39:40.515+0000] {logging_mixin.py:188} INFO - [2024-01-11T22:39:40.515+0000] {dag.py:3055} INFO - Creating ORM DAG for example_xcom_args
[2024-01-11T22:39:40.517+0000] {logging_mixin.py:188} INFO - [2024-01-11T22:39:40.517+0000] {dag.py:3820} INFO - Setting next_dagrun for example_xcom_args to None, run_after=None
[2024-01-11T22:39:40.518+0000] {logging_mixin.py:188} INFO - [2024-01-11T22:39:40.518+0000] {dag.py:3820} INFO - Setting next_dagrun for example_xcom_args_with_operators to None, run_after=None
[2024-01-11T22:39:40.533+0000] {processor.py:183} INFO - Processing /home/airflow/.local/lib/python3.8/site-packages/airflow/example_dags/example_xcomargs.py took 0.141 seconds
[2024-01-11T22:40:10.805+0000] {processor.py:161} INFO - Started process (PID=120) to work on /home/airflow/.local/lib/python3.8/site-packages/airflow/example_dags/example_xcomargs.py
[2024-01-11T22:40:10.806+0000] {processor.py:830} INFO - Processing file /home/airflow/.local/lib/python3.8/site-packages/airflow/example_dags/example_xcomargs.py for tasks to queue
[2024-01-11T22:40:10.808+0000] {logging_mixin.py:188} INFO - [2024-01-11T22:40:10.808+0000] {dagbag.py:538} INFO - Filling up the DagBag from /home/airflow/.local/lib/python3.8/site-packages/airflow/example_dags/example_xcomargs.py
[2024-01-11T22:40:10.814+0000] {processor.py:840} INFO - DAG(s) 'example_xcom_args_with_operators', 'example_xcom_args' retrieved from /home/airflow/.local/lib/python3.8/site-packages/airflow/example_dags/example_xcomargs.py
[2024-01-11T22:40:10.831+0000] {logging_mixin.py:188} INFO - [2024-01-11T22:40:10.831+0000] {dag.py:3033} INFO - Sync 2 DAGs
[2024-01-11T22:40:10.840+0000] {logging_mixin.py:188} INFO - [2024-01-11T22:40:10.840+0000] {dag.py:3820} INFO - Setting next_dagrun for example_xcom_args to None, run_after=None
[2024-01-11T22:40:10.843+0000] {logging_mixin.py:188} INFO - [2024-01-11T22:40:10.843+0000] {dag.py:3820} INFO - Setting next_dagrun for example_xcom_args_with_operators to None, run_after=None
[2024-01-11T22:40:10.859+0000] {processor.py:183} INFO - Processing /home/airflow/.local/lib/python3.8/site-packages/airflow/example_dags/example_xcomargs.py took 0.057 seconds
[2024-01-11T22:40:41.306+0000] {processor.py:161} INFO - Started process (PID=175) to work on /home/airflow/.local/lib/python3.8/site-packages/airflow/example_dags/example_xcomargs.py
[2024-01-11T22:40:41.308+0000] {processor.py:830} INFO - Processing file /home/airflow/.local/lib/python3.8/site-packages/airflow/example_dags/example_xcomargs.py for tasks to queue
[2024-01-11T22:40:41.311+0000] {logging_mixin.py:188} INFO - [2024-01-11T22:40:41.311+0000] {dagbag.py:538} INFO - Filling up the DagBag from /home/airflow/.local/lib/python3.8/site-packages/airflow/example_dags/example_xcomargs.py
[2024-01-11T22:40:41.317+0000] {processor.py:840} INFO - DAG(s) 'example_xcom_args_with_operators', 'example_xcom_args' retrieved from /home/airflow/.local/lib/python3.8/site-packages/airflow/example_dags/example_xcomargs.py
[2024-01-11T22:40:41.332+0000] {logging_mixin.py:188} INFO - [2024-01-11T22:40:41.332+0000] {dag.py:3033} INFO - Sync 2 DAGs
[2024-01-11T22:40:41.340+0000] {logging_mixin.py:188} INFO - [2024-01-11T22:40:41.340+0000] {dag.py:3820} INFO - Setting next_dagrun for example_xcom_args to None, run_after=None
[2024-01-11T22:40:41.344+0000] {logging_mixin.py:188} INFO - [2024-01-11T22:40:41.344+0000] {dag.py:3820} INFO - Setting next_dagrun for example_xcom_args_with_operators to None, run_after=None
[2024-01-11T22:40:41.362+0000] {processor.py:183} INFO - Processing /home/airflow/.local/lib/python3.8/site-packages/airflow/example_dags/example_xcomargs.py took 0.058 seconds
[2024-01-11T22:41:11.838+0000] {processor.py:161} INFO - Started process (PID=230) to work on /home/airflow/.local/lib/python3.8/site-packages/airflow/example_dags/example_xcomargs.py
[2024-01-11T22:41:11.839+0000] {processor.py:830} INFO - Processing file /home/airflow/.local/lib/python3.8/site-packages/airflow/example_dags/example_xcomargs.py for tasks to queue
[2024-01-11T22:41:11.841+0000] {logging_mixin.py:188} INFO - [2024-01-11T22:41:11.841+0000] {dagbag.py:538} INFO - Filling up the DagBag from /home/airflow/.local/lib/python3.8/site-packages/airflow/example_dags/example_xcomargs.py
[2024-01-11T22:41:11.848+0000] {processor.py:840} INFO - DAG(s) 'example_xcom_args', 'example_xcom_args_with_operators' retrieved from /home/airflow/.local/lib/python3.8/site-packages/airflow/example_dags/example_xcomargs.py
[2024-01-11T22:41:11.863+0000] {logging_mixin.py:188} INFO - [2024-01-11T22:41:11.863+0000] {dag.py:3033} INFO - Sync 2 DAGs
[2024-01-11T22:41:11.871+0000] {logging_mixin.py:188} INFO - [2024-01-11T22:41:11.871+0000] {dag.py:3820} INFO - Setting next_dagrun for example_xcom_args to None, run_after=None
[2024-01-11T22:41:11.874+0000] {logging_mixin.py:188} INFO - [2024-01-11T22:41:11.874+0000] {dag.py:3820} INFO - Setting next_dagrun for example_xcom_args_with_operators to None, run_after=None
[2024-01-11T22:41:11.886+0000] {processor.py:183} INFO - Processing /home/airflow/.local/lib/python3.8/site-packages/airflow/example_dags/example_xcomargs.py took 0.050 seconds
[2024-01-11T22:41:42.277+0000] {processor.py:161} INFO - Started process (PID=285) to work on /home/airflow/.local/lib/python3.8/site-packages/airflow/example_dags/example_xcomargs.py
[2024-01-11T22:41:42.278+0000] {processor.py:830} INFO - Processing file /home/airflow/.local/lib/python3.8/site-packages/airflow/example_dags/example_xcomargs.py for tasks to queue
[2024-01-11T22:41:42.280+0000] {logging_mixin.py:188} INFO - [2024-01-11T22:41:42.280+0000] {dagbag.py:538} INFO - Filling up the DagBag from /home/airflow/.local/lib/python3.8/site-packages/airflow/example_dags/example_xcomargs.py
[2024-01-11T22:41:42.286+0000] {processor.py:840} INFO - DAG(s) 'example_xcom_args', 'example_xcom_args_with_operators' retrieved from /home/airflow/.local/lib/python3.8/site-packages/airflow/example_dags/example_xcomargs.py
[2024-01-11T22:41:42.298+0000] {logging_mixin.py:188} INFO - [2024-01-11T22:41:42.298+0000] {dag.py:3033} INFO - Sync 2 DAGs
[2024-01-11T22:41:42.307+0000] {logging_mixin.py:188} INFO - [2024-01-11T22:41:42.307+0000] {dag.py:3820} INFO - Setting next_dagrun for example_xcom_args to None, run_after=None
[2024-01-11T22:41:42.310+0000] {logging_mixin.py:188} INFO - [2024-01-11T22:41:42.310+0000] {dag.py:3820} INFO - Setting next_dagrun for example_xcom_args_with_operators to None, run_after=None
[2024-01-11T22:41:42.321+0000] {processor.py:183} INFO - Processing /home/airflow/.local/lib/python3.8/site-packages/airflow/example_dags/example_xcomargs.py took 0.046 seconds
[2024-01-11T22:42:12.741+0000] {processor.py:161} INFO - Started process (PID=340) to work on /home/airflow/.local/lib/python3.8/site-packages/airflow/example_dags/example_xcomargs.py
[2024-01-11T22:42:12.743+0000] {processor.py:830} INFO - Processing file /home/airflow/.local/lib/python3.8/site-packages/airflow/example_dags/example_xcomargs.py for tasks to queue
[2024-01-11T22:42:12.746+0000] {logging_mixin.py:188} INFO - [2024-01-11T22:42:12.745+0000] {dagbag.py:538} INFO - Filling up the DagBag from /home/airflow/.local/lib/python3.8/site-packages/airflow/example_dags/example_xcomargs.py
[2024-01-11T22:42:12.751+0000] {processor.py:840} INFO - DAG(s) 'example_xcom_args', 'example_xcom_args_with_operators' retrieved from /home/airflow/.local/lib/python3.8/site-packages/airflow/example_dags/example_xcomargs.py
[2024-01-11T22:42:12.822+0000] {logging_mixin.py:188} INFO - [2024-01-11T22:42:12.822+0000] {dag.py:3033} INFO - Sync 2 DAGs
[2024-01-11T22:42:12.829+0000] {logging_mixin.py:188} INFO - [2024-01-11T22:42:12.829+0000] {dag.py:3820} INFO - Setting next_dagrun for example_xcom_args to None, run_after=None
[2024-01-11T22:42:12.833+0000] {logging_mixin.py:188} INFO - [2024-01-11T22:42:12.833+0000] {dag.py:3820} INFO - Setting next_dagrun for example_xcom_args_with_operators to None, run_after=None
[2024-01-11T22:42:12.844+0000] {processor.py:183} INFO - Processing /home/airflow/.local/lib/python3.8/site-packages/airflow/example_dags/example_xcomargs.py took 0.105 seconds
[2024-01-11T22:42:43.556+0000] {processor.py:161} INFO - Started process (PID=394) to work on /home/airflow/.local/lib/python3.8/site-packages/airflow/example_dags/example_xcomargs.py
[2024-01-11T22:42:43.557+0000] {processor.py:830} INFO - Processing file /home/airflow/.local/lib/python3.8/site-packages/airflow/example_dags/example_xcomargs.py for tasks to queue
[2024-01-11T22:42:43.560+0000] {logging_mixin.py:188} INFO - [2024-01-11T22:42:43.560+0000] {dagbag.py:538} INFO - Filling up the DagBag from /home/airflow/.local/lib/python3.8/site-packages/airflow/example_dags/example_xcomargs.py
[2024-01-11T22:42:43.566+0000] {processor.py:840} INFO - DAG(s) 'example_xcom_args', 'example_xcom_args_with_operators' retrieved from /home/airflow/.local/lib/python3.8/site-packages/airflow/example_dags/example_xcomargs.py
[2024-01-11T22:42:43.584+0000] {logging_mixin.py:188} INFO - [2024-01-11T22:42:43.584+0000] {dag.py:3033} INFO - Sync 2 DAGs
[2024-01-11T22:42:43.593+0000] {logging_mixin.py:188} INFO - [2024-01-11T22:42:43.593+0000] {dag.py:3820} INFO - Setting next_dagrun for example_xcom_args to None, run_after=None
[2024-01-11T22:42:43.597+0000] {logging_mixin.py:188} INFO - [2024-01-11T22:42:43.596+0000] {dag.py:3820} INFO - Setting next_dagrun for example_xcom_args_with_operators to None, run_after=None
[2024-01-11T22:42:43.608+0000] {processor.py:183} INFO - Processing /home/airflow/.local/lib/python3.8/site-packages/airflow/example_dags/example_xcomargs.py took 0.055 seconds
