[2024-01-11T22:39:38.148+0000] {processor.py:161} INFO - Started process (PID=44) to work on /home/airflow/.local/lib/python3.8/site-packages/airflow/example_dags/example_setup_teardown.py
[2024-01-11T22:39:38.150+0000] {processor.py:830} INFO - Processing file /home/airflow/.local/lib/python3.8/site-packages/airflow/example_dags/example_setup_teardown.py for tasks to queue
[2024-01-11T22:39:38.155+0000] {logging_mixin.py:188} INFO - [2024-01-11T22:39:38.154+0000] {dagbag.py:538} INFO - Filling up the DagBag from /home/airflow/.local/lib/python3.8/site-packages/airflow/example_dags/example_setup_teardown.py
[2024-01-11T22:39:38.163+0000] {processor.py:840} INFO - DAG(s) 'example_setup_teardown' retrieved from /home/airflow/.local/lib/python3.8/site-packages/airflow/example_dags/example_setup_teardown.py
[2024-01-11T22:39:38.236+0000] {logging_mixin.py:188} INFO - [2024-01-11T22:39:38.236+0000] {override.py:1769} INFO - Created Permission View: can edit on DAG:example_setup_teardown
[2024-01-11T22:39:38.244+0000] {logging_mixin.py:188} INFO - [2024-01-11T22:39:38.244+0000] {override.py:1769} INFO - Created Permission View: can delete on DAG:example_setup_teardown
[2024-01-11T22:39:38.249+0000] {logging_mixin.py:188} INFO - [2024-01-11T22:39:38.249+0000] {override.py:1769} INFO - Created Permission View: can read on DAG:example_setup_teardown
[2024-01-11T22:39:38.250+0000] {logging_mixin.py:188} INFO - [2024-01-11T22:39:38.250+0000] {dag.py:3033} INFO - Sync 1 DAGs
[2024-01-11T22:39:38.258+0000] {logging_mixin.py:188} INFO - [2024-01-11T22:39:38.258+0000] {dag.py:3055} INFO - Creating ORM DAG for example_setup_teardown
[2024-01-11T22:39:38.265+0000] {logging_mixin.py:188} INFO - [2024-01-11T22:39:38.265+0000] {dag.py:3820} INFO - Setting next_dagrun for example_setup_teardown to 2024-01-10T00:00:00+00:00, run_after=2024-01-11T00:00:00+00:00
[2024-01-11T22:39:38.287+0000] {processor.py:183} INFO - Processing /home/airflow/.local/lib/python3.8/site-packages/airflow/example_dags/example_setup_teardown.py took 0.144 seconds
[2024-01-11T22:40:08.843+0000] {processor.py:161} INFO - Started process (PID=99) to work on /home/airflow/.local/lib/python3.8/site-packages/airflow/example_dags/example_setup_teardown.py
[2024-01-11T22:40:08.845+0000] {processor.py:830} INFO - Processing file /home/airflow/.local/lib/python3.8/site-packages/airflow/example_dags/example_setup_teardown.py for tasks to queue
[2024-01-11T22:40:08.847+0000] {logging_mixin.py:188} INFO - [2024-01-11T22:40:08.847+0000] {dagbag.py:538} INFO - Filling up the DagBag from /home/airflow/.local/lib/python3.8/site-packages/airflow/example_dags/example_setup_teardown.py
[2024-01-11T22:40:08.853+0000] {processor.py:840} INFO - DAG(s) 'example_setup_teardown' retrieved from /home/airflow/.local/lib/python3.8/site-packages/airflow/example_dags/example_setup_teardown.py
[2024-01-11T22:40:08.868+0000] {logging_mixin.py:188} INFO - [2024-01-11T22:40:08.868+0000] {dag.py:3033} INFO - Sync 1 DAGs
[2024-01-11T22:40:08.881+0000] {logging_mixin.py:188} INFO - [2024-01-11T22:40:08.881+0000] {dag.py:3820} INFO - Setting next_dagrun for example_setup_teardown to 2024-01-10T00:00:00+00:00, run_after=2024-01-11T00:00:00+00:00
[2024-01-11T22:40:08.893+0000] {processor.py:183} INFO - Processing /home/airflow/.local/lib/python3.8/site-packages/airflow/example_dags/example_setup_teardown.py took 0.052 seconds
[2024-01-11T22:40:39.305+0000] {processor.py:161} INFO - Started process (PID=154) to work on /home/airflow/.local/lib/python3.8/site-packages/airflow/example_dags/example_setup_teardown.py
[2024-01-11T22:40:39.307+0000] {processor.py:830} INFO - Processing file /home/airflow/.local/lib/python3.8/site-packages/airflow/example_dags/example_setup_teardown.py for tasks to queue
[2024-01-11T22:40:39.309+0000] {logging_mixin.py:188} INFO - [2024-01-11T22:40:39.309+0000] {dagbag.py:538} INFO - Filling up the DagBag from /home/airflow/.local/lib/python3.8/site-packages/airflow/example_dags/example_setup_teardown.py
[2024-01-11T22:40:39.314+0000] {processor.py:840} INFO - DAG(s) 'example_setup_teardown' retrieved from /home/airflow/.local/lib/python3.8/site-packages/airflow/example_dags/example_setup_teardown.py
[2024-01-11T22:40:39.331+0000] {logging_mixin.py:188} INFO - [2024-01-11T22:40:39.331+0000] {dag.py:3033} INFO - Sync 1 DAGs
[2024-01-11T22:40:39.344+0000] {logging_mixin.py:188} INFO - [2024-01-11T22:40:39.344+0000] {dag.py:3820} INFO - Setting next_dagrun for example_setup_teardown to 2024-01-10T00:00:00+00:00, run_after=2024-01-11T00:00:00+00:00
[2024-01-11T22:40:39.356+0000] {processor.py:183} INFO - Processing /home/airflow/.local/lib/python3.8/site-packages/airflow/example_dags/example_setup_teardown.py took 0.053 seconds
[2024-01-11T22:41:09.888+0000] {processor.py:161} INFO - Started process (PID=209) to work on /home/airflow/.local/lib/python3.8/site-packages/airflow/example_dags/example_setup_teardown.py
[2024-01-11T22:41:09.889+0000] {processor.py:830} INFO - Processing file /home/airflow/.local/lib/python3.8/site-packages/airflow/example_dags/example_setup_teardown.py for tasks to queue
[2024-01-11T22:41:09.892+0000] {logging_mixin.py:188} INFO - [2024-01-11T22:41:09.891+0000] {dagbag.py:538} INFO - Filling up the DagBag from /home/airflow/.local/lib/python3.8/site-packages/airflow/example_dags/example_setup_teardown.py
[2024-01-11T22:41:09.896+0000] {processor.py:840} INFO - DAG(s) 'example_setup_teardown' retrieved from /home/airflow/.local/lib/python3.8/site-packages/airflow/example_dags/example_setup_teardown.py
[2024-01-11T22:41:09.915+0000] {logging_mixin.py:188} INFO - [2024-01-11T22:41:09.915+0000] {dag.py:3033} INFO - Sync 1 DAGs
[2024-01-11T22:41:09.928+0000] {logging_mixin.py:188} INFO - [2024-01-11T22:41:09.928+0000] {dag.py:3820} INFO - Setting next_dagrun for example_setup_teardown to 2024-01-10T00:00:00+00:00, run_after=2024-01-11T00:00:00+00:00
[2024-01-11T22:41:09.941+0000] {processor.py:183} INFO - Processing /home/airflow/.local/lib/python3.8/site-packages/airflow/example_dags/example_setup_teardown.py took 0.057 seconds
[2024-01-11T22:41:40.411+0000] {processor.py:161} INFO - Started process (PID=264) to work on /home/airflow/.local/lib/python3.8/site-packages/airflow/example_dags/example_setup_teardown.py
[2024-01-11T22:41:40.412+0000] {processor.py:830} INFO - Processing file /home/airflow/.local/lib/python3.8/site-packages/airflow/example_dags/example_setup_teardown.py for tasks to queue
[2024-01-11T22:41:40.414+0000] {logging_mixin.py:188} INFO - [2024-01-11T22:41:40.414+0000] {dagbag.py:538} INFO - Filling up the DagBag from /home/airflow/.local/lib/python3.8/site-packages/airflow/example_dags/example_setup_teardown.py
[2024-01-11T22:41:40.419+0000] {processor.py:840} INFO - DAG(s) 'example_setup_teardown' retrieved from /home/airflow/.local/lib/python3.8/site-packages/airflow/example_dags/example_setup_teardown.py
[2024-01-11T22:41:40.429+0000] {logging_mixin.py:188} INFO - [2024-01-11T22:41:40.429+0000] {dag.py:3033} INFO - Sync 1 DAGs
[2024-01-11T22:41:40.442+0000] {logging_mixin.py:188} INFO - [2024-01-11T22:41:40.442+0000] {dag.py:3820} INFO - Setting next_dagrun for example_setup_teardown to 2024-01-10T00:00:00+00:00, run_after=2024-01-11T00:00:00+00:00
[2024-01-11T22:41:40.453+0000] {processor.py:183} INFO - Processing /home/airflow/.local/lib/python3.8/site-packages/airflow/example_dags/example_setup_teardown.py took 0.045 seconds
[2024-01-11T22:42:11.177+0000] {processor.py:161} INFO - Started process (PID=319) to work on /home/airflow/.local/lib/python3.8/site-packages/airflow/example_dags/example_setup_teardown.py
[2024-01-11T22:42:11.179+0000] {processor.py:830} INFO - Processing file /home/airflow/.local/lib/python3.8/site-packages/airflow/example_dags/example_setup_teardown.py for tasks to queue
[2024-01-11T22:42:11.181+0000] {logging_mixin.py:188} INFO - [2024-01-11T22:42:11.181+0000] {dagbag.py:538} INFO - Filling up the DagBag from /home/airflow/.local/lib/python3.8/site-packages/airflow/example_dags/example_setup_teardown.py
[2024-01-11T22:42:11.186+0000] {processor.py:840} INFO - DAG(s) 'example_setup_teardown' retrieved from /home/airflow/.local/lib/python3.8/site-packages/airflow/example_dags/example_setup_teardown.py
[2024-01-11T22:42:11.246+0000] {logging_mixin.py:188} INFO - [2024-01-11T22:42:11.246+0000] {dag.py:3033} INFO - Sync 1 DAGs
[2024-01-11T22:42:11.259+0000] {logging_mixin.py:188} INFO - [2024-01-11T22:42:11.259+0000] {dag.py:3820} INFO - Setting next_dagrun for example_setup_teardown to 2024-01-10T00:00:00+00:00, run_after=2024-01-11T00:00:00+00:00
[2024-01-11T22:42:11.274+0000] {processor.py:183} INFO - Processing /home/airflow/.local/lib/python3.8/site-packages/airflow/example_dags/example_setup_teardown.py took 0.099 seconds
[2024-01-11T22:42:41.431+0000] {processor.py:161} INFO - Started process (PID=373) to work on /home/airflow/.local/lib/python3.8/site-packages/airflow/example_dags/example_setup_teardown.py
[2024-01-11T22:42:41.433+0000] {processor.py:830} INFO - Processing file /home/airflow/.local/lib/python3.8/site-packages/airflow/example_dags/example_setup_teardown.py for tasks to queue
[2024-01-11T22:42:41.435+0000] {logging_mixin.py:188} INFO - [2024-01-11T22:42:41.435+0000] {dagbag.py:538} INFO - Filling up the DagBag from /home/airflow/.local/lib/python3.8/site-packages/airflow/example_dags/example_setup_teardown.py
[2024-01-11T22:42:41.440+0000] {processor.py:840} INFO - DAG(s) 'example_setup_teardown' retrieved from /home/airflow/.local/lib/python3.8/site-packages/airflow/example_dags/example_setup_teardown.py
[2024-01-11T22:42:41.454+0000] {logging_mixin.py:188} INFO - [2024-01-11T22:42:41.454+0000] {dag.py:3033} INFO - Sync 1 DAGs
[2024-01-11T22:42:41.467+0000] {logging_mixin.py:188} INFO - [2024-01-11T22:42:41.467+0000] {dag.py:3820} INFO - Setting next_dagrun for example_setup_teardown to 2024-01-10T00:00:00+00:00, run_after=2024-01-11T00:00:00+00:00
[2024-01-11T22:42:41.479+0000] {processor.py:183} INFO - Processing /home/airflow/.local/lib/python3.8/site-packages/airflow/example_dags/example_setup_teardown.py took 0.050 seconds
