[2024-01-11T22:39:40.395+0000] {processor.py:161} INFO - Started process (PID=66) to work on /home/airflow/.local/lib/python3.8/site-packages/airflow/example_dags/example_nested_branch_dag.py
[2024-01-11T22:39:40.396+0000] {processor.py:830} INFO - Processing file /home/airflow/.local/lib/python3.8/site-packages/airflow/example_dags/example_nested_branch_dag.py for tasks to queue
[2024-01-11T22:39:40.399+0000] {logging_mixin.py:188} INFO - [2024-01-11T22:39:40.399+0000] {dagbag.py:538} INFO - Filling up the DagBag from /home/airflow/.local/lib/python3.8/site-packages/airflow/example_dags/example_nested_branch_dag.py
[2024-01-11T22:39:40.408+0000] {processor.py:840} INFO - DAG(s) 'example_nested_branch_dag' retrieved from /home/airflow/.local/lib/python3.8/site-packages/airflow/example_dags/example_nested_branch_dag.py
[2024-01-11T22:39:40.473+0000] {logging_mixin.py:188} INFO - [2024-01-11T22:39:40.472+0000] {override.py:1769} INFO - Created Permission View: can edit on DAG:example_nested_branch_dag
[2024-01-11T22:39:40.480+0000] {logging_mixin.py:188} INFO - [2024-01-11T22:39:40.480+0000] {override.py:1769} INFO - Created Permission View: can delete on DAG:example_nested_branch_dag
[2024-01-11T22:39:40.485+0000] {logging_mixin.py:188} INFO - [2024-01-11T22:39:40.485+0000] {override.py:1769} INFO - Created Permission View: can read on DAG:example_nested_branch_dag
[2024-01-11T22:39:40.486+0000] {logging_mixin.py:188} INFO - [2024-01-11T22:39:40.486+0000] {dag.py:3033} INFO - Sync 1 DAGs
[2024-01-11T22:39:40.494+0000] {logging_mixin.py:188} INFO - [2024-01-11T22:39:40.494+0000] {dag.py:3055} INFO - Creating ORM DAG for example_nested_branch_dag
[2024-01-11T22:39:40.501+0000] {logging_mixin.py:188} INFO - [2024-01-11T22:39:40.501+0000] {dag.py:3820} INFO - Setting next_dagrun for example_nested_branch_dag to 2024-01-10T00:00:00+00:00, run_after=2024-01-11T00:00:00+00:00
[2024-01-11T22:39:40.518+0000] {processor.py:183} INFO - Processing /home/airflow/.local/lib/python3.8/site-packages/airflow/example_dags/example_nested_branch_dag.py took 0.125 seconds
[2024-01-11T22:40:10.852+0000] {processor.py:161} INFO - Started process (PID=121) to work on /home/airflow/.local/lib/python3.8/site-packages/airflow/example_dags/example_nested_branch_dag.py
[2024-01-11T22:40:10.854+0000] {processor.py:830} INFO - Processing file /home/airflow/.local/lib/python3.8/site-packages/airflow/example_dags/example_nested_branch_dag.py for tasks to queue
[2024-01-11T22:40:10.856+0000] {logging_mixin.py:188} INFO - [2024-01-11T22:40:10.856+0000] {dagbag.py:538} INFO - Filling up the DagBag from /home/airflow/.local/lib/python3.8/site-packages/airflow/example_dags/example_nested_branch_dag.py
[2024-01-11T22:40:10.863+0000] {processor.py:840} INFO - DAG(s) 'example_nested_branch_dag' retrieved from /home/airflow/.local/lib/python3.8/site-packages/airflow/example_dags/example_nested_branch_dag.py
[2024-01-11T22:40:10.879+0000] {logging_mixin.py:188} INFO - [2024-01-11T22:40:10.879+0000] {dag.py:3033} INFO - Sync 1 DAGs
[2024-01-11T22:40:10.895+0000] {logging_mixin.py:188} INFO - [2024-01-11T22:40:10.895+0000] {dag.py:3820} INFO - Setting next_dagrun for example_nested_branch_dag to 2024-01-10T00:00:00+00:00, run_after=2024-01-11T00:00:00+00:00
[2024-01-11T22:40:10.907+0000] {processor.py:183} INFO - Processing /home/airflow/.local/lib/python3.8/site-packages/airflow/example_dags/example_nested_branch_dag.py took 0.057 seconds
[2024-01-11T22:40:41.378+0000] {processor.py:161} INFO - Started process (PID=176) to work on /home/airflow/.local/lib/python3.8/site-packages/airflow/example_dags/example_nested_branch_dag.py
[2024-01-11T22:40:41.380+0000] {processor.py:830} INFO - Processing file /home/airflow/.local/lib/python3.8/site-packages/airflow/example_dags/example_nested_branch_dag.py for tasks to queue
[2024-01-11T22:40:41.382+0000] {logging_mixin.py:188} INFO - [2024-01-11T22:40:41.382+0000] {dagbag.py:538} INFO - Filling up the DagBag from /home/airflow/.local/lib/python3.8/site-packages/airflow/example_dags/example_nested_branch_dag.py
[2024-01-11T22:40:41.390+0000] {processor.py:840} INFO - DAG(s) 'example_nested_branch_dag' retrieved from /home/airflow/.local/lib/python3.8/site-packages/airflow/example_dags/example_nested_branch_dag.py
[2024-01-11T22:40:41.408+0000] {logging_mixin.py:188} INFO - [2024-01-11T22:40:41.408+0000] {dag.py:3033} INFO - Sync 1 DAGs
[2024-01-11T22:40:41.425+0000] {logging_mixin.py:188} INFO - [2024-01-11T22:40:41.425+0000] {dag.py:3820} INFO - Setting next_dagrun for example_nested_branch_dag to 2024-01-10T00:00:00+00:00, run_after=2024-01-11T00:00:00+00:00
[2024-01-11T22:40:41.438+0000] {processor.py:183} INFO - Processing /home/airflow/.local/lib/python3.8/site-packages/airflow/example_dags/example_nested_branch_dag.py took 0.062 seconds
[2024-01-11T22:41:11.900+0000] {processor.py:161} INFO - Started process (PID=231) to work on /home/airflow/.local/lib/python3.8/site-packages/airflow/example_dags/example_nested_branch_dag.py
[2024-01-11T22:41:11.902+0000] {processor.py:830} INFO - Processing file /home/airflow/.local/lib/python3.8/site-packages/airflow/example_dags/example_nested_branch_dag.py for tasks to queue
[2024-01-11T22:41:11.903+0000] {logging_mixin.py:188} INFO - [2024-01-11T22:41:11.903+0000] {dagbag.py:538} INFO - Filling up the DagBag from /home/airflow/.local/lib/python3.8/site-packages/airflow/example_dags/example_nested_branch_dag.py
[2024-01-11T22:41:11.910+0000] {processor.py:840} INFO - DAG(s) 'example_nested_branch_dag' retrieved from /home/airflow/.local/lib/python3.8/site-packages/airflow/example_dags/example_nested_branch_dag.py
[2024-01-11T22:41:11.924+0000] {logging_mixin.py:188} INFO - [2024-01-11T22:41:11.924+0000] {dag.py:3033} INFO - Sync 1 DAGs
[2024-01-11T22:41:11.937+0000] {logging_mixin.py:188} INFO - [2024-01-11T22:41:11.937+0000] {dag.py:3820} INFO - Setting next_dagrun for example_nested_branch_dag to 2024-01-10T00:00:00+00:00, run_after=2024-01-11T00:00:00+00:00
[2024-01-11T22:41:11.947+0000] {processor.py:183} INFO - Processing /home/airflow/.local/lib/python3.8/site-packages/airflow/example_dags/example_nested_branch_dag.py took 0.049 seconds
[2024-01-11T22:41:42.344+0000] {processor.py:161} INFO - Started process (PID=286) to work on /home/airflow/.local/lib/python3.8/site-packages/airflow/example_dags/example_nested_branch_dag.py
[2024-01-11T22:41:42.345+0000] {processor.py:830} INFO - Processing file /home/airflow/.local/lib/python3.8/site-packages/airflow/example_dags/example_nested_branch_dag.py for tasks to queue
[2024-01-11T22:41:42.348+0000] {logging_mixin.py:188} INFO - [2024-01-11T22:41:42.347+0000] {dagbag.py:538} INFO - Filling up the DagBag from /home/airflow/.local/lib/python3.8/site-packages/airflow/example_dags/example_nested_branch_dag.py
[2024-01-11T22:41:42.354+0000] {processor.py:840} INFO - DAG(s) 'example_nested_branch_dag' retrieved from /home/airflow/.local/lib/python3.8/site-packages/airflow/example_dags/example_nested_branch_dag.py
[2024-01-11T22:41:42.364+0000] {logging_mixin.py:188} INFO - [2024-01-11T22:41:42.364+0000] {dag.py:3033} INFO - Sync 1 DAGs
[2024-01-11T22:41:42.377+0000] {logging_mixin.py:188} INFO - [2024-01-11T22:41:42.377+0000] {dag.py:3820} INFO - Setting next_dagrun for example_nested_branch_dag to 2024-01-10T00:00:00+00:00, run_after=2024-01-11T00:00:00+00:00
[2024-01-11T22:41:42.388+0000] {processor.py:183} INFO - Processing /home/airflow/.local/lib/python3.8/site-packages/airflow/example_dags/example_nested_branch_dag.py took 0.046 seconds
[2024-01-11T22:42:12.805+0000] {processor.py:161} INFO - Started process (PID=341) to work on /home/airflow/.local/lib/python3.8/site-packages/airflow/example_dags/example_nested_branch_dag.py
[2024-01-11T22:42:12.807+0000] {processor.py:830} INFO - Processing file /home/airflow/.local/lib/python3.8/site-packages/airflow/example_dags/example_nested_branch_dag.py for tasks to queue
[2024-01-11T22:42:12.809+0000] {logging_mixin.py:188} INFO - [2024-01-11T22:42:12.809+0000] {dagbag.py:538} INFO - Filling up the DagBag from /home/airflow/.local/lib/python3.8/site-packages/airflow/example_dags/example_nested_branch_dag.py
[2024-01-11T22:42:12.817+0000] {processor.py:840} INFO - DAG(s) 'example_nested_branch_dag' retrieved from /home/airflow/.local/lib/python3.8/site-packages/airflow/example_dags/example_nested_branch_dag.py
[2024-01-11T22:42:12.880+0000] {logging_mixin.py:188} INFO - [2024-01-11T22:42:12.880+0000] {dag.py:3033} INFO - Sync 1 DAGs
[2024-01-11T22:42:12.893+0000] {logging_mixin.py:188} INFO - [2024-01-11T22:42:12.893+0000] {dag.py:3820} INFO - Setting next_dagrun for example_nested_branch_dag to 2024-01-10T00:00:00+00:00, run_after=2024-01-11T00:00:00+00:00
[2024-01-11T22:42:12.905+0000] {processor.py:183} INFO - Processing /home/airflow/.local/lib/python3.8/site-packages/airflow/example_dags/example_nested_branch_dag.py took 0.102 seconds
[2024-01-11T22:42:43.560+0000] {processor.py:161} INFO - Started process (PID=395) to work on /home/airflow/.local/lib/python3.8/site-packages/airflow/example_dags/example_nested_branch_dag.py
[2024-01-11T22:42:43.562+0000] {processor.py:830} INFO - Processing file /home/airflow/.local/lib/python3.8/site-packages/airflow/example_dags/example_nested_branch_dag.py for tasks to queue
[2024-01-11T22:42:43.564+0000] {logging_mixin.py:188} INFO - [2024-01-11T22:42:43.564+0000] {dagbag.py:538} INFO - Filling up the DagBag from /home/airflow/.local/lib/python3.8/site-packages/airflow/example_dags/example_nested_branch_dag.py
[2024-01-11T22:42:43.571+0000] {processor.py:840} INFO - DAG(s) 'example_nested_branch_dag' retrieved from /home/airflow/.local/lib/python3.8/site-packages/airflow/example_dags/example_nested_branch_dag.py
[2024-01-11T22:42:43.585+0000] {logging_mixin.py:188} INFO - [2024-01-11T22:42:43.585+0000] {dag.py:3033} INFO - Sync 1 DAGs
[2024-01-11T22:42:43.599+0000] {logging_mixin.py:188} INFO - [2024-01-11T22:42:43.599+0000] {dag.py:3820} INFO - Setting next_dagrun for example_nested_branch_dag to 2024-01-10T00:00:00+00:00, run_after=2024-01-11T00:00:00+00:00
[2024-01-11T22:42:43.610+0000] {processor.py:183} INFO - Processing /home/airflow/.local/lib/python3.8/site-packages/airflow/example_dags/example_nested_branch_dag.py took 0.054 seconds
