[2024-01-11T22:39:38.475+0000] {processor.py:161} INFO - Started process (PID=47) to work on /home/airflow/.local/lib/python3.8/site-packages/airflow/example_dags/example_branch_datetime_operator.py
[2024-01-11T22:39:38.477+0000] {processor.py:830} INFO - Processing file /home/airflow/.local/lib/python3.8/site-packages/airflow/example_dags/example_branch_datetime_operator.py for tasks to queue
[2024-01-11T22:39:38.480+0000] {logging_mixin.py:188} INFO - [2024-01-11T22:39:38.479+0000] {dagbag.py:538} INFO - Filling up the DagBag from /home/airflow/.local/lib/python3.8/site-packages/airflow/example_dags/example_branch_datetime_operator.py
[2024-01-11T22:39:38.490+0000] {processor.py:840} INFO - DAG(s) 'example_branch_datetime_operator_3', 'example_branch_datetime_operator_2', 'example_branch_datetime_operator' retrieved from /home/airflow/.local/lib/python3.8/site-packages/airflow/example_dags/example_branch_datetime_operator.py
[2024-01-11T22:39:38.576+0000] {logging_mixin.py:188} INFO - [2024-01-11T22:39:38.575+0000] {override.py:1769} INFO - Created Permission View: can edit on DAG:example_branch_datetime_operator_3
[2024-01-11T22:39:38.585+0000] {logging_mixin.py:188} INFO - [2024-01-11T22:39:38.585+0000] {override.py:1769} INFO - Created Permission View: can delete on DAG:example_branch_datetime_operator_3
[2024-01-11T22:39:38.591+0000] {logging_mixin.py:188} INFO - [2024-01-11T22:39:38.591+0000] {override.py:1769} INFO - Created Permission View: can read on DAG:example_branch_datetime_operator_3
[2024-01-11T22:39:38.603+0000] {logging_mixin.py:188} INFO - [2024-01-11T22:39:38.603+0000] {override.py:1769} INFO - Created Permission View: can edit on DAG:example_branch_datetime_operator_2
[2024-01-11T22:39:38.609+0000] {logging_mixin.py:188} INFO - [2024-01-11T22:39:38.609+0000] {override.py:1769} INFO - Created Permission View: can delete on DAG:example_branch_datetime_operator_2
[2024-01-11T22:39:38.615+0000] {logging_mixin.py:188} INFO - [2024-01-11T22:39:38.615+0000] {override.py:1769} INFO - Created Permission View: can read on DAG:example_branch_datetime_operator_2
[2024-01-11T22:39:38.627+0000] {logging_mixin.py:188} INFO - [2024-01-11T22:39:38.626+0000] {override.py:1769} INFO - Created Permission View: can edit on DAG:example_branch_datetime_operator
[2024-01-11T22:39:38.632+0000] {logging_mixin.py:188} INFO - [2024-01-11T22:39:38.632+0000] {override.py:1769} INFO - Created Permission View: can delete on DAG:example_branch_datetime_operator
[2024-01-11T22:39:38.638+0000] {logging_mixin.py:188} INFO - [2024-01-11T22:39:38.638+0000] {override.py:1769} INFO - Created Permission View: can read on DAG:example_branch_datetime_operator
[2024-01-11T22:39:38.640+0000] {logging_mixin.py:188} INFO - [2024-01-11T22:39:38.640+0000] {dag.py:3033} INFO - Sync 3 DAGs
[2024-01-11T22:39:38.648+0000] {logging_mixin.py:188} INFO - [2024-01-11T22:39:38.648+0000] {dag.py:3055} INFO - Creating ORM DAG for example_branch_datetime_operator_2
[2024-01-11T22:39:38.649+0000] {logging_mixin.py:188} INFO - [2024-01-11T22:39:38.649+0000] {dag.py:3055} INFO - Creating ORM DAG for example_branch_datetime_operator_3
[2024-01-11T22:39:38.651+0000] {logging_mixin.py:188} INFO - [2024-01-11T22:39:38.650+0000] {dag.py:3055} INFO - Creating ORM DAG for example_branch_datetime_operator
[2024-01-11T22:39:38.660+0000] {logging_mixin.py:188} INFO - [2024-01-11T22:39:38.659+0000] {dag.py:3820} INFO - Setting next_dagrun for example_branch_datetime_operator to 2024-01-10T00:00:00+00:00, run_after=2024-01-11T00:00:00+00:00
[2024-01-11T22:39:38.662+0000] {logging_mixin.py:188} INFO - [2024-01-11T22:39:38.662+0000] {dag.py:3820} INFO - Setting next_dagrun for example_branch_datetime_operator_2 to 2024-01-10T00:00:00+00:00, run_after=2024-01-11T00:00:00+00:00
[2024-01-11T22:39:38.664+0000] {logging_mixin.py:188} INFO - [2024-01-11T22:39:38.663+0000] {dag.py:3820} INFO - Setting next_dagrun for example_branch_datetime_operator_3 to 2024-01-10T00:00:00+00:00, run_after=2024-01-11T00:00:00+00:00
[2024-01-11T22:39:38.693+0000] {processor.py:183} INFO - Processing /home/airflow/.local/lib/python3.8/site-packages/airflow/example_dags/example_branch_datetime_operator.py took 0.221 seconds
[2024-01-11T22:40:08.982+0000] {processor.py:161} INFO - Started process (PID=102) to work on /home/airflow/.local/lib/python3.8/site-packages/airflow/example_dags/example_branch_datetime_operator.py
[2024-01-11T22:40:08.984+0000] {processor.py:830} INFO - Processing file /home/airflow/.local/lib/python3.8/site-packages/airflow/example_dags/example_branch_datetime_operator.py for tasks to queue
[2024-01-11T22:40:08.986+0000] {logging_mixin.py:188} INFO - [2024-01-11T22:40:08.985+0000] {dagbag.py:538} INFO - Filling up the DagBag from /home/airflow/.local/lib/python3.8/site-packages/airflow/example_dags/example_branch_datetime_operator.py
[2024-01-11T22:40:08.992+0000] {processor.py:840} INFO - DAG(s) 'example_branch_datetime_operator_3', 'example_branch_datetime_operator_2', 'example_branch_datetime_operator' retrieved from /home/airflow/.local/lib/python3.8/site-packages/airflow/example_dags/example_branch_datetime_operator.py
[2024-01-11T22:40:09.012+0000] {logging_mixin.py:188} INFO - [2024-01-11T22:40:09.011+0000] {dag.py:3033} INFO - Sync 3 DAGs
[2024-01-11T22:40:09.026+0000] {logging_mixin.py:188} INFO - [2024-01-11T22:40:09.026+0000] {dag.py:3820} INFO - Setting next_dagrun for example_branch_datetime_operator to 2024-01-10T00:00:00+00:00, run_after=2024-01-11T00:00:00+00:00
[2024-01-11T22:40:09.030+0000] {logging_mixin.py:188} INFO - [2024-01-11T22:40:09.029+0000] {dag.py:3820} INFO - Setting next_dagrun for example_branch_datetime_operator_2 to 2024-01-10T00:00:00+00:00, run_after=2024-01-11T00:00:00+00:00
[2024-01-11T22:40:09.032+0000] {logging_mixin.py:188} INFO - [2024-01-11T22:40:09.032+0000] {dag.py:3820} INFO - Setting next_dagrun for example_branch_datetime_operator_3 to 2024-01-10T00:00:00+00:00, run_after=2024-01-11T00:00:00+00:00
[2024-01-11T22:40:09.043+0000] {processor.py:183} INFO - Processing /home/airflow/.local/lib/python3.8/site-packages/airflow/example_dags/example_branch_datetime_operator.py took 0.063 seconds
[2024-01-11T22:40:39.453+0000] {processor.py:161} INFO - Started process (PID=157) to work on /home/airflow/.local/lib/python3.8/site-packages/airflow/example_dags/example_branch_datetime_operator.py
[2024-01-11T22:40:39.454+0000] {processor.py:830} INFO - Processing file /home/airflow/.local/lib/python3.8/site-packages/airflow/example_dags/example_branch_datetime_operator.py for tasks to queue
[2024-01-11T22:40:39.457+0000] {logging_mixin.py:188} INFO - [2024-01-11T22:40:39.456+0000] {dagbag.py:538} INFO - Filling up the DagBag from /home/airflow/.local/lib/python3.8/site-packages/airflow/example_dags/example_branch_datetime_operator.py
[2024-01-11T22:40:39.463+0000] {processor.py:840} INFO - DAG(s) 'example_branch_datetime_operator_3', 'example_branch_datetime_operator', 'example_branch_datetime_operator_2' retrieved from /home/airflow/.local/lib/python3.8/site-packages/airflow/example_dags/example_branch_datetime_operator.py
[2024-01-11T22:40:39.482+0000] {logging_mixin.py:188} INFO - [2024-01-11T22:40:39.482+0000] {dag.py:3033} INFO - Sync 3 DAGs
[2024-01-11T22:40:39.499+0000] {logging_mixin.py:188} INFO - [2024-01-11T22:40:39.499+0000] {dag.py:3820} INFO - Setting next_dagrun for example_branch_datetime_operator to 2024-01-10T00:00:00+00:00, run_after=2024-01-11T00:00:00+00:00
[2024-01-11T22:40:39.504+0000] {logging_mixin.py:188} INFO - [2024-01-11T22:40:39.504+0000] {dag.py:3820} INFO - Setting next_dagrun for example_branch_datetime_operator_2 to 2024-01-10T00:00:00+00:00, run_after=2024-01-11T00:00:00+00:00
[2024-01-11T22:40:39.507+0000] {logging_mixin.py:188} INFO - [2024-01-11T22:40:39.506+0000] {dag.py:3820} INFO - Setting next_dagrun for example_branch_datetime_operator_3 to 2024-01-10T00:00:00+00:00, run_after=2024-01-11T00:00:00+00:00
[2024-01-11T22:40:39.520+0000] {processor.py:183} INFO - Processing /home/airflow/.local/lib/python3.8/site-packages/airflow/example_dags/example_branch_datetime_operator.py took 0.069 seconds
[2024-01-11T22:41:10.031+0000] {processor.py:161} INFO - Started process (PID=212) to work on /home/airflow/.local/lib/python3.8/site-packages/airflow/example_dags/example_branch_datetime_operator.py
[2024-01-11T22:41:10.034+0000] {processor.py:830} INFO - Processing file /home/airflow/.local/lib/python3.8/site-packages/airflow/example_dags/example_branch_datetime_operator.py for tasks to queue
[2024-01-11T22:41:10.036+0000] {logging_mixin.py:188} INFO - [2024-01-11T22:41:10.036+0000] {dagbag.py:538} INFO - Filling up the DagBag from /home/airflow/.local/lib/python3.8/site-packages/airflow/example_dags/example_branch_datetime_operator.py
[2024-01-11T22:41:10.043+0000] {processor.py:840} INFO - DAG(s) 'example_branch_datetime_operator_2', 'example_branch_datetime_operator_3', 'example_branch_datetime_operator' retrieved from /home/airflow/.local/lib/python3.8/site-packages/airflow/example_dags/example_branch_datetime_operator.py
[2024-01-11T22:41:10.066+0000] {logging_mixin.py:188} INFO - [2024-01-11T22:41:10.065+0000] {dag.py:3033} INFO - Sync 3 DAGs
[2024-01-11T22:41:10.081+0000] {logging_mixin.py:188} INFO - [2024-01-11T22:41:10.081+0000] {dag.py:3820} INFO - Setting next_dagrun for example_branch_datetime_operator to 2024-01-10T00:00:00+00:00, run_after=2024-01-11T00:00:00+00:00
[2024-01-11T22:41:10.085+0000] {logging_mixin.py:188} INFO - [2024-01-11T22:41:10.085+0000] {dag.py:3820} INFO - Setting next_dagrun for example_branch_datetime_operator_2 to 2024-01-10T00:00:00+00:00, run_after=2024-01-11T00:00:00+00:00
[2024-01-11T22:41:10.087+0000] {logging_mixin.py:188} INFO - [2024-01-11T22:41:10.087+0000] {dag.py:3820} INFO - Setting next_dagrun for example_branch_datetime_operator_3 to 2024-01-10T00:00:00+00:00, run_after=2024-01-11T00:00:00+00:00
[2024-01-11T22:41:10.100+0000] {processor.py:183} INFO - Processing /home/airflow/.local/lib/python3.8/site-packages/airflow/example_dags/example_branch_datetime_operator.py took 0.071 seconds
[2024-01-11T22:41:40.540+0000] {processor.py:161} INFO - Started process (PID=267) to work on /home/airflow/.local/lib/python3.8/site-packages/airflow/example_dags/example_branch_datetime_operator.py
[2024-01-11T22:41:40.542+0000] {processor.py:830} INFO - Processing file /home/airflow/.local/lib/python3.8/site-packages/airflow/example_dags/example_branch_datetime_operator.py for tasks to queue
[2024-01-11T22:41:40.544+0000] {logging_mixin.py:188} INFO - [2024-01-11T22:41:40.543+0000] {dagbag.py:538} INFO - Filling up the DagBag from /home/airflow/.local/lib/python3.8/site-packages/airflow/example_dags/example_branch_datetime_operator.py
[2024-01-11T22:41:40.552+0000] {processor.py:840} INFO - DAG(s) 'example_branch_datetime_operator_3', 'example_branch_datetime_operator_2', 'example_branch_datetime_operator' retrieved from /home/airflow/.local/lib/python3.8/site-packages/airflow/example_dags/example_branch_datetime_operator.py
[2024-01-11T22:41:40.564+0000] {logging_mixin.py:188} INFO - [2024-01-11T22:41:40.564+0000] {dag.py:3033} INFO - Sync 3 DAGs
[2024-01-11T22:41:40.580+0000] {logging_mixin.py:188} INFO - [2024-01-11T22:41:40.580+0000] {dag.py:3820} INFO - Setting next_dagrun for example_branch_datetime_operator to 2024-01-10T00:00:00+00:00, run_after=2024-01-11T00:00:00+00:00
[2024-01-11T22:41:40.584+0000] {logging_mixin.py:188} INFO - [2024-01-11T22:41:40.584+0000] {dag.py:3820} INFO - Setting next_dagrun for example_branch_datetime_operator_2 to 2024-01-10T00:00:00+00:00, run_after=2024-01-11T00:00:00+00:00
[2024-01-11T22:41:40.587+0000] {logging_mixin.py:188} INFO - [2024-01-11T22:41:40.586+0000] {dag.py:3820} INFO - Setting next_dagrun for example_branch_datetime_operator_3 to 2024-01-10T00:00:00+00:00, run_after=2024-01-11T00:00:00+00:00
[2024-01-11T22:41:40.598+0000] {processor.py:183} INFO - Processing /home/airflow/.local/lib/python3.8/site-packages/airflow/example_dags/example_branch_datetime_operator.py took 0.060 seconds
[2024-01-11T22:42:11.412+0000] {processor.py:161} INFO - Started process (PID=322) to work on /home/airflow/.local/lib/python3.8/site-packages/airflow/example_dags/example_branch_datetime_operator.py
[2024-01-11T22:42:11.415+0000] {processor.py:830} INFO - Processing file /home/airflow/.local/lib/python3.8/site-packages/airflow/example_dags/example_branch_datetime_operator.py for tasks to queue
[2024-01-11T22:42:11.417+0000] {logging_mixin.py:188} INFO - [2024-01-11T22:42:11.417+0000] {dagbag.py:538} INFO - Filling up the DagBag from /home/airflow/.local/lib/python3.8/site-packages/airflow/example_dags/example_branch_datetime_operator.py
[2024-01-11T22:42:11.424+0000] {processor.py:840} INFO - DAG(s) 'example_branch_datetime_operator', 'example_branch_datetime_operator_2', 'example_branch_datetime_operator_3' retrieved from /home/airflow/.local/lib/python3.8/site-packages/airflow/example_dags/example_branch_datetime_operator.py
[2024-01-11T22:42:11.495+0000] {logging_mixin.py:188} INFO - [2024-01-11T22:42:11.494+0000] {dag.py:3033} INFO - Sync 3 DAGs
[2024-01-11T22:42:11.507+0000] {logging_mixin.py:188} INFO - [2024-01-11T22:42:11.507+0000] {dag.py:3820} INFO - Setting next_dagrun for example_branch_datetime_operator to 2024-01-10T00:00:00+00:00, run_after=2024-01-11T00:00:00+00:00
[2024-01-11T22:42:11.510+0000] {logging_mixin.py:188} INFO - [2024-01-11T22:42:11.510+0000] {dag.py:3820} INFO - Setting next_dagrun for example_branch_datetime_operator_2 to 2024-01-10T00:00:00+00:00, run_after=2024-01-11T00:00:00+00:00
[2024-01-11T22:42:11.513+0000] {logging_mixin.py:188} INFO - [2024-01-11T22:42:11.513+0000] {dag.py:3820} INFO - Setting next_dagrun for example_branch_datetime_operator_3 to 2024-01-10T00:00:00+00:00, run_after=2024-01-11T00:00:00+00:00
[2024-01-11T22:42:11.524+0000] {processor.py:183} INFO - Processing /home/airflow/.local/lib/python3.8/site-packages/airflow/example_dags/example_branch_datetime_operator.py took 0.114 seconds
[2024-01-11T22:42:41.647+0000] {processor.py:161} INFO - Started process (PID=376) to work on /home/airflow/.local/lib/python3.8/site-packages/airflow/example_dags/example_branch_datetime_operator.py
[2024-01-11T22:42:41.649+0000] {processor.py:830} INFO - Processing file /home/airflow/.local/lib/python3.8/site-packages/airflow/example_dags/example_branch_datetime_operator.py for tasks to queue
[2024-01-11T22:42:41.651+0000] {logging_mixin.py:188} INFO - [2024-01-11T22:42:41.651+0000] {dagbag.py:538} INFO - Filling up the DagBag from /home/airflow/.local/lib/python3.8/site-packages/airflow/example_dags/example_branch_datetime_operator.py
[2024-01-11T22:42:41.657+0000] {processor.py:840} INFO - DAG(s) 'example_branch_datetime_operator_2', 'example_branch_datetime_operator', 'example_branch_datetime_operator_3' retrieved from /home/airflow/.local/lib/python3.8/site-packages/airflow/example_dags/example_branch_datetime_operator.py
[2024-01-11T22:42:41.674+0000] {logging_mixin.py:188} INFO - [2024-01-11T22:42:41.674+0000] {dag.py:3033} INFO - Sync 3 DAGs
[2024-01-11T22:42:41.686+0000] {logging_mixin.py:188} INFO - [2024-01-11T22:42:41.686+0000] {dag.py:3820} INFO - Setting next_dagrun for example_branch_datetime_operator to 2024-01-10T00:00:00+00:00, run_after=2024-01-11T00:00:00+00:00
[2024-01-11T22:42:41.690+0000] {logging_mixin.py:188} INFO - [2024-01-11T22:42:41.690+0000] {dag.py:3820} INFO - Setting next_dagrun for example_branch_datetime_operator_2 to 2024-01-10T00:00:00+00:00, run_after=2024-01-11T00:00:00+00:00
[2024-01-11T22:42:41.692+0000] {logging_mixin.py:188} INFO - [2024-01-11T22:42:41.692+0000] {dag.py:3820} INFO - Setting next_dagrun for example_branch_datetime_operator_3 to 2024-01-10T00:00:00+00:00, run_after=2024-01-11T00:00:00+00:00
[2024-01-11T22:42:41.702+0000] {processor.py:183} INFO - Processing /home/airflow/.local/lib/python3.8/site-packages/airflow/example_dags/example_branch_datetime_operator.py took 0.057 seconds
