[2024-01-11T22:39:40.235+0000] {processor.py:161} INFO - Started process (PID=64) to work on /home/airflow/.local/lib/python3.8/site-packages/airflow/example_dags/example_kubernetes_executor.py
[2024-01-11T22:39:40.237+0000] {processor.py:830} INFO - Processing file /home/airflow/.local/lib/python3.8/site-packages/airflow/example_dags/example_kubernetes_executor.py for tasks to queue
[2024-01-11T22:39:40.240+0000] {logging_mixin.py:188} INFO - [2024-01-11T22:39:40.240+0000] {dagbag.py:538} INFO - Filling up the DagBag from /home/airflow/.local/lib/python3.8/site-packages/airflow/example_dags/example_kubernetes_executor.py
[2024-01-11T22:39:40.257+0000] {processor.py:840} INFO - DAG(s) 'example_kubernetes_executor' retrieved from /home/airflow/.local/lib/python3.8/site-packages/airflow/example_dags/example_kubernetes_executor.py
[2024-01-11T22:39:40.328+0000] {logging_mixin.py:188} INFO - [2024-01-11T22:39:40.327+0000] {override.py:1769} INFO - Created Permission View: can edit on DAG:example_kubernetes_executor
[2024-01-11T22:39:40.335+0000] {logging_mixin.py:188} INFO - [2024-01-11T22:39:40.335+0000] {override.py:1769} INFO - Created Permission View: can delete on DAG:example_kubernetes_executor
[2024-01-11T22:39:40.339+0000] {logging_mixin.py:188} INFO - [2024-01-11T22:39:40.339+0000] {override.py:1769} INFO - Created Permission View: can read on DAG:example_kubernetes_executor
[2024-01-11T22:39:40.340+0000] {logging_mixin.py:188} INFO - [2024-01-11T22:39:40.340+0000] {dag.py:3033} INFO - Sync 1 DAGs
[2024-01-11T22:39:40.347+0000] {logging_mixin.py:188} INFO - [2024-01-11T22:39:40.347+0000] {dag.py:3055} INFO - Creating ORM DAG for example_kubernetes_executor
[2024-01-11T22:39:40.349+0000] {logging_mixin.py:188} INFO - [2024-01-11T22:39:40.349+0000] {dag.py:3820} INFO - Setting next_dagrun for example_kubernetes_executor to None, run_after=None
[2024-01-11T22:39:40.362+0000] {processor.py:183} INFO - Processing /home/airflow/.local/lib/python3.8/site-packages/airflow/example_dags/example_kubernetes_executor.py took 0.132 seconds
[2024-01-11T22:40:10.763+0000] {processor.py:161} INFO - Started process (PID=119) to work on /home/airflow/.local/lib/python3.8/site-packages/airflow/example_dags/example_kubernetes_executor.py
[2024-01-11T22:40:10.765+0000] {processor.py:830} INFO - Processing file /home/airflow/.local/lib/python3.8/site-packages/airflow/example_dags/example_kubernetes_executor.py for tasks to queue
[2024-01-11T22:40:10.768+0000] {logging_mixin.py:188} INFO - [2024-01-11T22:40:10.767+0000] {dagbag.py:538} INFO - Filling up the DagBag from /home/airflow/.local/lib/python3.8/site-packages/airflow/example_dags/example_kubernetes_executor.py
[2024-01-11T22:40:10.777+0000] {processor.py:840} INFO - DAG(s) 'example_kubernetes_executor' retrieved from /home/airflow/.local/lib/python3.8/site-packages/airflow/example_dags/example_kubernetes_executor.py
[2024-01-11T22:40:10.806+0000] {logging_mixin.py:188} INFO - [2024-01-11T22:40:10.806+0000] {dag.py:3033} INFO - Sync 1 DAGs
[2024-01-11T22:40:10.815+0000] {logging_mixin.py:188} INFO - [2024-01-11T22:40:10.814+0000] {dag.py:3820} INFO - Setting next_dagrun for example_kubernetes_executor to None, run_after=None
[2024-01-11T22:40:10.828+0000] {processor.py:183} INFO - Processing /home/airflow/.local/lib/python3.8/site-packages/airflow/example_dags/example_kubernetes_executor.py took 0.067 seconds
[2024-01-11T22:40:41.287+0000] {processor.py:161} INFO - Started process (PID=174) to work on /home/airflow/.local/lib/python3.8/site-packages/airflow/example_dags/example_kubernetes_executor.py
[2024-01-11T22:40:41.289+0000] {processor.py:830} INFO - Processing file /home/airflow/.local/lib/python3.8/site-packages/airflow/example_dags/example_kubernetes_executor.py for tasks to queue
[2024-01-11T22:40:41.291+0000] {logging_mixin.py:188} INFO - [2024-01-11T22:40:41.291+0000] {dagbag.py:538} INFO - Filling up the DagBag from /home/airflow/.local/lib/python3.8/site-packages/airflow/example_dags/example_kubernetes_executor.py
[2024-01-11T22:40:41.302+0000] {processor.py:840} INFO - DAG(s) 'example_kubernetes_executor' retrieved from /home/airflow/.local/lib/python3.8/site-packages/airflow/example_dags/example_kubernetes_executor.py
[2024-01-11T22:40:41.330+0000] {logging_mixin.py:188} INFO - [2024-01-11T22:40:41.330+0000] {dag.py:3033} INFO - Sync 1 DAGs
[2024-01-11T22:40:41.339+0000] {logging_mixin.py:188} INFO - [2024-01-11T22:40:41.339+0000] {dag.py:3820} INFO - Setting next_dagrun for example_kubernetes_executor to None, run_after=None
[2024-01-11T22:40:41.353+0000] {processor.py:183} INFO - Processing /home/airflow/.local/lib/python3.8/site-packages/airflow/example_dags/example_kubernetes_executor.py took 0.069 seconds
[2024-01-11T22:41:11.818+0000] {processor.py:161} INFO - Started process (PID=229) to work on /home/airflow/.local/lib/python3.8/site-packages/airflow/example_dags/example_kubernetes_executor.py
[2024-01-11T22:41:11.820+0000] {processor.py:830} INFO - Processing file /home/airflow/.local/lib/python3.8/site-packages/airflow/example_dags/example_kubernetes_executor.py for tasks to queue
[2024-01-11T22:41:11.823+0000] {logging_mixin.py:188} INFO - [2024-01-11T22:41:11.823+0000] {dagbag.py:538} INFO - Filling up the DagBag from /home/airflow/.local/lib/python3.8/site-packages/airflow/example_dags/example_kubernetes_executor.py
[2024-01-11T22:41:11.833+0000] {processor.py:840} INFO - DAG(s) 'example_kubernetes_executor' retrieved from /home/airflow/.local/lib/python3.8/site-packages/airflow/example_dags/example_kubernetes_executor.py
[2024-01-11T22:41:11.858+0000] {logging_mixin.py:188} INFO - [2024-01-11T22:41:11.858+0000] {dag.py:3033} INFO - Sync 1 DAGs
[2024-01-11T22:41:11.867+0000] {logging_mixin.py:188} INFO - [2024-01-11T22:41:11.866+0000] {dag.py:3820} INFO - Setting next_dagrun for example_kubernetes_executor to None, run_after=None
[2024-01-11T22:41:11.879+0000] {processor.py:183} INFO - Processing /home/airflow/.local/lib/python3.8/site-packages/airflow/example_dags/example_kubernetes_executor.py took 0.062 seconds
[2024-01-11T22:41:42.271+0000] {processor.py:161} INFO - Started process (PID=284) to work on /home/airflow/.local/lib/python3.8/site-packages/airflow/example_dags/example_kubernetes_executor.py
[2024-01-11T22:41:42.273+0000] {processor.py:830} INFO - Processing file /home/airflow/.local/lib/python3.8/site-packages/airflow/example_dags/example_kubernetes_executor.py for tasks to queue
[2024-01-11T22:41:42.276+0000] {logging_mixin.py:188} INFO - [2024-01-11T22:41:42.275+0000] {dagbag.py:538} INFO - Filling up the DagBag from /home/airflow/.local/lib/python3.8/site-packages/airflow/example_dags/example_kubernetes_executor.py
[2024-01-11T22:41:42.285+0000] {processor.py:840} INFO - DAG(s) 'example_kubernetes_executor' retrieved from /home/airflow/.local/lib/python3.8/site-packages/airflow/example_dags/example_kubernetes_executor.py
[2024-01-11T22:41:42.296+0000] {logging_mixin.py:188} INFO - [2024-01-11T22:41:42.296+0000] {dag.py:3033} INFO - Sync 1 DAGs
[2024-01-11T22:41:42.305+0000] {logging_mixin.py:188} INFO - [2024-01-11T22:41:42.305+0000] {dag.py:3820} INFO - Setting next_dagrun for example_kubernetes_executor to None, run_after=None
[2024-01-11T22:41:42.318+0000] {processor.py:183} INFO - Processing /home/airflow/.local/lib/python3.8/site-packages/airflow/example_dags/example_kubernetes_executor.py took 0.049 seconds
[2024-01-11T22:42:12.675+0000] {processor.py:161} INFO - Started process (PID=339) to work on /home/airflow/.local/lib/python3.8/site-packages/airflow/example_dags/example_kubernetes_executor.py
[2024-01-11T22:42:12.677+0000] {processor.py:830} INFO - Processing file /home/airflow/.local/lib/python3.8/site-packages/airflow/example_dags/example_kubernetes_executor.py for tasks to queue
[2024-01-11T22:42:12.680+0000] {logging_mixin.py:188} INFO - [2024-01-11T22:42:12.680+0000] {dagbag.py:538} INFO - Filling up the DagBag from /home/airflow/.local/lib/python3.8/site-packages/airflow/example_dags/example_kubernetes_executor.py
[2024-01-11T22:42:12.689+0000] {processor.py:840} INFO - DAG(s) 'example_kubernetes_executor' retrieved from /home/airflow/.local/lib/python3.8/site-packages/airflow/example_dags/example_kubernetes_executor.py
[2024-01-11T22:42:12.760+0000] {logging_mixin.py:188} INFO - [2024-01-11T22:42:12.760+0000] {dag.py:3033} INFO - Sync 1 DAGs
[2024-01-11T22:42:12.767+0000] {logging_mixin.py:188} INFO - [2024-01-11T22:42:12.767+0000] {dag.py:3820} INFO - Setting next_dagrun for example_kubernetes_executor to None, run_after=None
[2024-01-11T22:42:12.778+0000] {processor.py:183} INFO - Processing /home/airflow/.local/lib/python3.8/site-packages/airflow/example_dags/example_kubernetes_executor.py took 0.105 seconds
[2024-01-11T22:42:43.475+0000] {processor.py:161} INFO - Started process (PID=393) to work on /home/airflow/.local/lib/python3.8/site-packages/airflow/example_dags/example_kubernetes_executor.py
[2024-01-11T22:42:43.477+0000] {processor.py:830} INFO - Processing file /home/airflow/.local/lib/python3.8/site-packages/airflow/example_dags/example_kubernetes_executor.py for tasks to queue
[2024-01-11T22:42:43.479+0000] {logging_mixin.py:188} INFO - [2024-01-11T22:42:43.479+0000] {dagbag.py:538} INFO - Filling up the DagBag from /home/airflow/.local/lib/python3.8/site-packages/airflow/example_dags/example_kubernetes_executor.py
[2024-01-11T22:42:43.488+0000] {processor.py:840} INFO - DAG(s) 'example_kubernetes_executor' retrieved from /home/airflow/.local/lib/python3.8/site-packages/airflow/example_dags/example_kubernetes_executor.py
[2024-01-11T22:42:43.511+0000] {logging_mixin.py:188} INFO - [2024-01-11T22:42:43.511+0000] {dag.py:3033} INFO - Sync 1 DAGs
[2024-01-11T22:42:43.519+0000] {logging_mixin.py:188} INFO - [2024-01-11T22:42:43.519+0000] {dag.py:3820} INFO - Setting next_dagrun for example_kubernetes_executor to None, run_after=None
[2024-01-11T22:42:43.531+0000] {processor.py:183} INFO - Processing /home/airflow/.local/lib/python3.8/site-packages/airflow/example_dags/example_kubernetes_executor.py took 0.058 seconds
