[2024-01-11T22:39:38.317+0000] {processor.py:161} INFO - Started process (PID=45) to work on /home/airflow/.local/lib/python3.8/site-packages/airflow/example_dags/example_trigger_target_dag.py
[2024-01-11T22:39:38.319+0000] {processor.py:830} INFO - Processing file /home/airflow/.local/lib/python3.8/site-packages/airflow/example_dags/example_trigger_target_dag.py for tasks to queue
[2024-01-11T22:39:38.324+0000] {logging_mixin.py:188} INFO - [2024-01-11T22:39:38.323+0000] {dagbag.py:538} INFO - Filling up the DagBag from /home/airflow/.local/lib/python3.8/site-packages/airflow/example_dags/example_trigger_target_dag.py
[2024-01-11T22:39:38.331+0000] {processor.py:840} INFO - DAG(s) 'example_trigger_target_dag' retrieved from /home/airflow/.local/lib/python3.8/site-packages/airflow/example_dags/example_trigger_target_dag.py
[2024-01-11T22:39:38.407+0000] {logging_mixin.py:188} INFO - [2024-01-11T22:39:38.406+0000] {override.py:1769} INFO - Created Permission View: can edit on DAG:example_trigger_target_dag
[2024-01-11T22:39:38.415+0000] {logging_mixin.py:188} INFO - [2024-01-11T22:39:38.415+0000] {override.py:1769} INFO - Created Permission View: can delete on DAG:example_trigger_target_dag
[2024-01-11T22:39:38.420+0000] {logging_mixin.py:188} INFO - [2024-01-11T22:39:38.420+0000] {override.py:1769} INFO - Created Permission View: can read on DAG:example_trigger_target_dag
[2024-01-11T22:39:38.421+0000] {logging_mixin.py:188} INFO - [2024-01-11T22:39:38.421+0000] {dag.py:3033} INFO - Sync 1 DAGs
[2024-01-11T22:39:38.430+0000] {logging_mixin.py:188} INFO - [2024-01-11T22:39:38.429+0000] {dag.py:3055} INFO - Creating ORM DAG for example_trigger_target_dag
[2024-01-11T22:39:38.431+0000] {logging_mixin.py:188} INFO - [2024-01-11T22:39:38.430+0000] {dag.py:3820} INFO - Setting next_dagrun for example_trigger_target_dag to None, run_after=None
[2024-01-11T22:39:38.443+0000] {processor.py:183} INFO - Processing /home/airflow/.local/lib/python3.8/site-packages/airflow/example_dags/example_trigger_target_dag.py took 0.130 seconds
[2024-01-11T22:40:08.916+0000] {processor.py:161} INFO - Started process (PID=100) to work on /home/airflow/.local/lib/python3.8/site-packages/airflow/example_dags/example_trigger_target_dag.py
[2024-01-11T22:40:08.918+0000] {processor.py:830} INFO - Processing file /home/airflow/.local/lib/python3.8/site-packages/airflow/example_dags/example_trigger_target_dag.py for tasks to queue
[2024-01-11T22:40:08.920+0000] {logging_mixin.py:188} INFO - [2024-01-11T22:40:08.920+0000] {dagbag.py:538} INFO - Filling up the DagBag from /home/airflow/.local/lib/python3.8/site-packages/airflow/example_dags/example_trigger_target_dag.py
[2024-01-11T22:40:08.925+0000] {processor.py:840} INFO - DAG(s) 'example_trigger_target_dag' retrieved from /home/airflow/.local/lib/python3.8/site-packages/airflow/example_dags/example_trigger_target_dag.py
[2024-01-11T22:40:08.941+0000] {logging_mixin.py:188} INFO - [2024-01-11T22:40:08.941+0000] {dag.py:3033} INFO - Sync 1 DAGs
[2024-01-11T22:40:08.949+0000] {logging_mixin.py:188} INFO - [2024-01-11T22:40:08.949+0000] {dag.py:3820} INFO - Setting next_dagrun for example_trigger_target_dag to None, run_after=None
[2024-01-11T22:40:08.960+0000] {processor.py:183} INFO - Processing /home/airflow/.local/lib/python3.8/site-packages/airflow/example_dags/example_trigger_target_dag.py took 0.046 seconds
[2024-01-11T22:40:39.379+0000] {processor.py:161} INFO - Started process (PID=155) to work on /home/airflow/.local/lib/python3.8/site-packages/airflow/example_dags/example_trigger_target_dag.py
[2024-01-11T22:40:39.381+0000] {processor.py:830} INFO - Processing file /home/airflow/.local/lib/python3.8/site-packages/airflow/example_dags/example_trigger_target_dag.py for tasks to queue
[2024-01-11T22:40:39.383+0000] {logging_mixin.py:188} INFO - [2024-01-11T22:40:39.383+0000] {dagbag.py:538} INFO - Filling up the DagBag from /home/airflow/.local/lib/python3.8/site-packages/airflow/example_dags/example_trigger_target_dag.py
[2024-01-11T22:40:39.388+0000] {processor.py:840} INFO - DAG(s) 'example_trigger_target_dag' retrieved from /home/airflow/.local/lib/python3.8/site-packages/airflow/example_dags/example_trigger_target_dag.py
[2024-01-11T22:40:39.407+0000] {logging_mixin.py:188} INFO - [2024-01-11T22:40:39.407+0000] {dag.py:3033} INFO - Sync 1 DAGs
[2024-01-11T22:40:39.417+0000] {logging_mixin.py:188} INFO - [2024-01-11T22:40:39.417+0000] {dag.py:3820} INFO - Setting next_dagrun for example_trigger_target_dag to None, run_after=None
[2024-01-11T22:40:39.431+0000] {processor.py:183} INFO - Processing /home/airflow/.local/lib/python3.8/site-packages/airflow/example_dags/example_trigger_target_dag.py took 0.054 seconds
[2024-01-11T22:41:09.963+0000] {processor.py:161} INFO - Started process (PID=210) to work on /home/airflow/.local/lib/python3.8/site-packages/airflow/example_dags/example_trigger_target_dag.py
[2024-01-11T22:41:09.964+0000] {processor.py:830} INFO - Processing file /home/airflow/.local/lib/python3.8/site-packages/airflow/example_dags/example_trigger_target_dag.py for tasks to queue
[2024-01-11T22:41:09.966+0000] {logging_mixin.py:188} INFO - [2024-01-11T22:41:09.966+0000] {dagbag.py:538} INFO - Filling up the DagBag from /home/airflow/.local/lib/python3.8/site-packages/airflow/example_dags/example_trigger_target_dag.py
[2024-01-11T22:41:09.971+0000] {processor.py:840} INFO - DAG(s) 'example_trigger_target_dag' retrieved from /home/airflow/.local/lib/python3.8/site-packages/airflow/example_dags/example_trigger_target_dag.py
[2024-01-11T22:41:09.987+0000] {logging_mixin.py:188} INFO - [2024-01-11T22:41:09.987+0000] {dag.py:3033} INFO - Sync 1 DAGs
[2024-01-11T22:41:09.996+0000] {logging_mixin.py:188} INFO - [2024-01-11T22:41:09.996+0000] {dag.py:3820} INFO - Setting next_dagrun for example_trigger_target_dag to None, run_after=None
[2024-01-11T22:41:10.009+0000] {processor.py:183} INFO - Processing /home/airflow/.local/lib/python3.8/site-packages/airflow/example_dags/example_trigger_target_dag.py took 0.049 seconds
[2024-01-11T22:41:40.476+0000] {processor.py:161} INFO - Started process (PID=265) to work on /home/airflow/.local/lib/python3.8/site-packages/airflow/example_dags/example_trigger_target_dag.py
[2024-01-11T22:41:40.478+0000] {processor.py:830} INFO - Processing file /home/airflow/.local/lib/python3.8/site-packages/airflow/example_dags/example_trigger_target_dag.py for tasks to queue
[2024-01-11T22:41:40.480+0000] {logging_mixin.py:188} INFO - [2024-01-11T22:41:40.480+0000] {dagbag.py:538} INFO - Filling up the DagBag from /home/airflow/.local/lib/python3.8/site-packages/airflow/example_dags/example_trigger_target_dag.py
[2024-01-11T22:41:40.485+0000] {processor.py:840} INFO - DAG(s) 'example_trigger_target_dag' retrieved from /home/airflow/.local/lib/python3.8/site-packages/airflow/example_dags/example_trigger_target_dag.py
[2024-01-11T22:41:40.496+0000] {logging_mixin.py:188} INFO - [2024-01-11T22:41:40.496+0000] {dag.py:3033} INFO - Sync 1 DAGs
[2024-01-11T22:41:40.505+0000] {logging_mixin.py:188} INFO - [2024-01-11T22:41:40.505+0000] {dag.py:3820} INFO - Setting next_dagrun for example_trigger_target_dag to None, run_after=None
[2024-01-11T22:41:40.517+0000] {processor.py:183} INFO - Processing /home/airflow/.local/lib/python3.8/site-packages/airflow/example_dags/example_trigger_target_dag.py took 0.043 seconds
[2024-01-11T22:42:11.298+0000] {processor.py:161} INFO - Started process (PID=320) to work on /home/airflow/.local/lib/python3.8/site-packages/airflow/example_dags/example_trigger_target_dag.py
[2024-01-11T22:42:11.301+0000] {processor.py:830} INFO - Processing file /home/airflow/.local/lib/python3.8/site-packages/airflow/example_dags/example_trigger_target_dag.py for tasks to queue
[2024-01-11T22:42:11.303+0000] {logging_mixin.py:188} INFO - [2024-01-11T22:42:11.302+0000] {dagbag.py:538} INFO - Filling up the DagBag from /home/airflow/.local/lib/python3.8/site-packages/airflow/example_dags/example_trigger_target_dag.py
[2024-01-11T22:42:11.307+0000] {processor.py:840} INFO - DAG(s) 'example_trigger_target_dag' retrieved from /home/airflow/.local/lib/python3.8/site-packages/airflow/example_dags/example_trigger_target_dag.py
[2024-01-11T22:42:11.369+0000] {logging_mixin.py:188} INFO - [2024-01-11T22:42:11.369+0000] {dag.py:3033} INFO - Sync 1 DAGs
[2024-01-11T22:42:11.376+0000] {logging_mixin.py:188} INFO - [2024-01-11T22:42:11.376+0000] {dag.py:3820} INFO - Setting next_dagrun for example_trigger_target_dag to None, run_after=None
[2024-01-11T22:42:11.388+0000] {processor.py:183} INFO - Processing /home/airflow/.local/lib/python3.8/site-packages/airflow/example_dags/example_trigger_target_dag.py took 0.092 seconds
[2024-01-11T22:42:41.501+0000] {processor.py:161} INFO - Started process (PID=374) to work on /home/airflow/.local/lib/python3.8/site-packages/airflow/example_dags/example_trigger_target_dag.py
[2024-01-11T22:42:41.502+0000] {processor.py:830} INFO - Processing file /home/airflow/.local/lib/python3.8/site-packages/airflow/example_dags/example_trigger_target_dag.py for tasks to queue
[2024-01-11T22:42:41.505+0000] {logging_mixin.py:188} INFO - [2024-01-11T22:42:41.504+0000] {dagbag.py:538} INFO - Filling up the DagBag from /home/airflow/.local/lib/python3.8/site-packages/airflow/example_dags/example_trigger_target_dag.py
[2024-01-11T22:42:41.509+0000] {processor.py:840} INFO - DAG(s) 'example_trigger_target_dag' retrieved from /home/airflow/.local/lib/python3.8/site-packages/airflow/example_dags/example_trigger_target_dag.py
[2024-01-11T22:42:41.523+0000] {logging_mixin.py:188} INFO - [2024-01-11T22:42:41.523+0000] {dag.py:3033} INFO - Sync 1 DAGs
[2024-01-11T22:42:41.531+0000] {logging_mixin.py:188} INFO - [2024-01-11T22:42:41.531+0000] {dag.py:3820} INFO - Setting next_dagrun for example_trigger_target_dag to None, run_after=None
[2024-01-11T22:42:41.543+0000] {processor.py:183} INFO - Processing /home/airflow/.local/lib/python3.8/site-packages/airflow/example_dags/example_trigger_target_dag.py took 0.044 seconds
