[2024-01-11T22:39:36.924+0000] {processor.py:161} INFO - Started process (PID=32) to work on /home/airflow/.local/lib/python3.8/site-packages/airflow/example_dags/example_sla_dag.py
[2024-01-11T22:39:36.926+0000] {processor.py:830} INFO - Processing file /home/airflow/.local/lib/python3.8/site-packages/airflow/example_dags/example_sla_dag.py for tasks to queue
[2024-01-11T22:39:36.928+0000] {logging_mixin.py:188} INFO - [2024-01-11T22:39:36.928+0000] {dagbag.py:538} INFO - Filling up the DagBag from /home/airflow/.local/lib/python3.8/site-packages/airflow/example_dags/example_sla_dag.py
[2024-01-11T22:39:36.935+0000] {processor.py:840} INFO - DAG(s) 'example_sla_dag' retrieved from /home/airflow/.local/lib/python3.8/site-packages/airflow/example_dags/example_sla_dag.py
[2024-01-11T22:39:36.995+0000] {logging_mixin.py:188} INFO - [2024-01-11T22:39:36.995+0000] {override.py:1769} INFO - Created Permission View: can edit on DAG:example_sla_dag
[2024-01-11T22:39:37.003+0000] {logging_mixin.py:188} INFO - [2024-01-11T22:39:37.003+0000] {override.py:1769} INFO - Created Permission View: can delete on DAG:example_sla_dag
[2024-01-11T22:39:37.007+0000] {logging_mixin.py:188} INFO - [2024-01-11T22:39:37.007+0000] {override.py:1769} INFO - Created Permission View: can read on DAG:example_sla_dag
[2024-01-11T22:39:37.009+0000] {logging_mixin.py:188} INFO - [2024-01-11T22:39:37.009+0000] {dag.py:3033} INFO - Sync 1 DAGs
[2024-01-11T22:39:37.016+0000] {logging_mixin.py:188} INFO - [2024-01-11T22:39:37.016+0000] {dag.py:3055} INFO - Creating ORM DAG for example_sla_dag
[2024-01-11T22:39:37.024+0000] {logging_mixin.py:188} INFO - [2024-01-11T22:39:37.024+0000] {dag.py:3820} INFO - Setting next_dagrun for example_sla_dag to 2024-01-11T22:36:00+00:00, run_after=2024-01-11T22:38:00+00:00
[2024-01-11T22:39:37.036+0000] {processor.py:183} INFO - Processing /home/airflow/.local/lib/python3.8/site-packages/airflow/example_dags/example_sla_dag.py took 0.113 seconds
[2024-01-11T22:40:07.356+0000] {processor.py:161} INFO - Started process (PID=87) to work on /home/airflow/.local/lib/python3.8/site-packages/airflow/example_dags/example_sla_dag.py
[2024-01-11T22:40:07.359+0000] {processor.py:830} INFO - Processing file /home/airflow/.local/lib/python3.8/site-packages/airflow/example_dags/example_sla_dag.py for tasks to queue
[2024-01-11T22:40:07.361+0000] {logging_mixin.py:188} INFO - [2024-01-11T22:40:07.361+0000] {dagbag.py:538} INFO - Filling up the DagBag from /home/airflow/.local/lib/python3.8/site-packages/airflow/example_dags/example_sla_dag.py
[2024-01-11T22:40:07.367+0000] {processor.py:840} INFO - DAG(s) 'example_sla_dag' retrieved from /home/airflow/.local/lib/python3.8/site-packages/airflow/example_dags/example_sla_dag.py
[2024-01-11T22:40:07.380+0000] {logging_mixin.py:188} INFO - [2024-01-11T22:40:07.380+0000] {dag.py:3033} INFO - Sync 1 DAGs
[2024-01-11T22:40:07.394+0000] {logging_mixin.py:188} INFO - [2024-01-11T22:40:07.394+0000] {dag.py:3820} INFO - Setting next_dagrun for example_sla_dag to 2024-01-11T22:38:00+00:00, run_after=2024-01-11T22:40:00+00:00
[2024-01-11T22:40:07.404+0000] {processor.py:183} INFO - Processing /home/airflow/.local/lib/python3.8/site-packages/airflow/example_dags/example_sla_dag.py took 0.050 seconds
[2024-01-11T22:40:37.777+0000] {processor.py:161} INFO - Started process (PID=142) to work on /home/airflow/.local/lib/python3.8/site-packages/airflow/example_dags/example_sla_dag.py
[2024-01-11T22:40:37.778+0000] {processor.py:830} INFO - Processing file /home/airflow/.local/lib/python3.8/site-packages/airflow/example_dags/example_sla_dag.py for tasks to queue
[2024-01-11T22:40:37.781+0000] {logging_mixin.py:188} INFO - [2024-01-11T22:40:37.781+0000] {dagbag.py:538} INFO - Filling up the DagBag from /home/airflow/.local/lib/python3.8/site-packages/airflow/example_dags/example_sla_dag.py
[2024-01-11T22:40:37.787+0000] {processor.py:840} INFO - DAG(s) 'example_sla_dag' retrieved from /home/airflow/.local/lib/python3.8/site-packages/airflow/example_dags/example_sla_dag.py
[2024-01-11T22:40:37.802+0000] {logging_mixin.py:188} INFO - [2024-01-11T22:40:37.802+0000] {dag.py:3033} INFO - Sync 1 DAGs
[2024-01-11T22:40:37.819+0000] {logging_mixin.py:188} INFO - [2024-01-11T22:40:37.819+0000] {dag.py:3820} INFO - Setting next_dagrun for example_sla_dag to 2024-01-11T22:38:00+00:00, run_after=2024-01-11T22:40:00+00:00
[2024-01-11T22:40:37.831+0000] {processor.py:183} INFO - Processing /home/airflow/.local/lib/python3.8/site-packages/airflow/example_dags/example_sla_dag.py took 0.057 seconds
[2024-01-11T22:41:08.327+0000] {processor.py:161} INFO - Started process (PID=197) to work on /home/airflow/.local/lib/python3.8/site-packages/airflow/example_dags/example_sla_dag.py
[2024-01-11T22:41:08.329+0000] {processor.py:830} INFO - Processing file /home/airflow/.local/lib/python3.8/site-packages/airflow/example_dags/example_sla_dag.py for tasks to queue
[2024-01-11T22:41:08.331+0000] {logging_mixin.py:188} INFO - [2024-01-11T22:41:08.331+0000] {dagbag.py:538} INFO - Filling up the DagBag from /home/airflow/.local/lib/python3.8/site-packages/airflow/example_dags/example_sla_dag.py
[2024-01-11T22:41:08.338+0000] {processor.py:840} INFO - DAG(s) 'example_sla_dag' retrieved from /home/airflow/.local/lib/python3.8/site-packages/airflow/example_dags/example_sla_dag.py
[2024-01-11T22:41:08.352+0000] {logging_mixin.py:188} INFO - [2024-01-11T22:41:08.352+0000] {dag.py:3033} INFO - Sync 1 DAGs
[2024-01-11T22:41:08.366+0000] {logging_mixin.py:188} INFO - [2024-01-11T22:41:08.365+0000] {dag.py:3820} INFO - Setting next_dagrun for example_sla_dag to 2024-01-11T22:38:00+00:00, run_after=2024-01-11T22:40:00+00:00
[2024-01-11T22:41:08.377+0000] {processor.py:183} INFO - Processing /home/airflow/.local/lib/python3.8/site-packages/airflow/example_dags/example_sla_dag.py took 0.052 seconds
[2024-01-11T22:41:38.829+0000] {processor.py:161} INFO - Started process (PID=252) to work on /home/airflow/.local/lib/python3.8/site-packages/airflow/example_dags/example_sla_dag.py
[2024-01-11T22:41:38.830+0000] {processor.py:830} INFO - Processing file /home/airflow/.local/lib/python3.8/site-packages/airflow/example_dags/example_sla_dag.py for tasks to queue
[2024-01-11T22:41:38.834+0000] {logging_mixin.py:188} INFO - [2024-01-11T22:41:38.833+0000] {dagbag.py:538} INFO - Filling up the DagBag from /home/airflow/.local/lib/python3.8/site-packages/airflow/example_dags/example_sla_dag.py
[2024-01-11T22:41:38.841+0000] {processor.py:840} INFO - DAG(s) 'example_sla_dag' retrieved from /home/airflow/.local/lib/python3.8/site-packages/airflow/example_dags/example_sla_dag.py
[2024-01-11T22:41:38.854+0000] {logging_mixin.py:188} INFO - [2024-01-11T22:41:38.853+0000] {dag.py:3033} INFO - Sync 1 DAGs
[2024-01-11T22:41:38.872+0000] {logging_mixin.py:188} INFO - [2024-01-11T22:41:38.872+0000] {dag.py:3820} INFO - Setting next_dagrun for example_sla_dag to 2024-01-11T22:38:00+00:00, run_after=2024-01-11T22:40:00+00:00
[2024-01-11T22:41:38.887+0000] {processor.py:183} INFO - Processing /home/airflow/.local/lib/python3.8/site-packages/airflow/example_dags/example_sla_dag.py took 0.062 seconds
[2024-01-11T22:42:09.281+0000] {processor.py:161} INFO - Started process (PID=307) to work on /home/airflow/.local/lib/python3.8/site-packages/airflow/example_dags/example_sla_dag.py
[2024-01-11T22:42:09.283+0000] {processor.py:830} INFO - Processing file /home/airflow/.local/lib/python3.8/site-packages/airflow/example_dags/example_sla_dag.py for tasks to queue
[2024-01-11T22:42:09.287+0000] {logging_mixin.py:188} INFO - [2024-01-11T22:42:09.287+0000] {dagbag.py:538} INFO - Filling up the DagBag from /home/airflow/.local/lib/python3.8/site-packages/airflow/example_dags/example_sla_dag.py
[2024-01-11T22:42:09.296+0000] {processor.py:840} INFO - DAG(s) 'example_sla_dag' retrieved from /home/airflow/.local/lib/python3.8/site-packages/airflow/example_dags/example_sla_dag.py
[2024-01-11T22:42:09.401+0000] {logging_mixin.py:188} INFO - [2024-01-11T22:42:09.401+0000] {dag.py:3033} INFO - Sync 1 DAGs
[2024-01-11T22:42:09.417+0000] {logging_mixin.py:188} INFO - [2024-01-11T22:42:09.417+0000] {dag.py:3820} INFO - Setting next_dagrun for example_sla_dag to 2024-01-11T22:40:00+00:00, run_after=2024-01-11T22:42:00+00:00
[2024-01-11T22:42:09.430+0000] {processor.py:183} INFO - Processing /home/airflow/.local/lib/python3.8/site-packages/airflow/example_dags/example_sla_dag.py took 0.153 seconds
[2024-01-11T22:42:39.940+0000] {processor.py:161} INFO - Started process (PID=361) to work on /home/airflow/.local/lib/python3.8/site-packages/airflow/example_dags/example_sla_dag.py
[2024-01-11T22:42:39.942+0000] {processor.py:830} INFO - Processing file /home/airflow/.local/lib/python3.8/site-packages/airflow/example_dags/example_sla_dag.py for tasks to queue
[2024-01-11T22:42:39.945+0000] {logging_mixin.py:188} INFO - [2024-01-11T22:42:39.944+0000] {dagbag.py:538} INFO - Filling up the DagBag from /home/airflow/.local/lib/python3.8/site-packages/airflow/example_dags/example_sla_dag.py
[2024-01-11T22:42:39.951+0000] {processor.py:840} INFO - DAG(s) 'example_sla_dag' retrieved from /home/airflow/.local/lib/python3.8/site-packages/airflow/example_dags/example_sla_dag.py
[2024-01-11T22:42:39.965+0000] {logging_mixin.py:188} INFO - [2024-01-11T22:42:39.965+0000] {dag.py:3033} INFO - Sync 1 DAGs
[2024-01-11T22:42:39.981+0000] {logging_mixin.py:188} INFO - [2024-01-11T22:42:39.981+0000] {dag.py:3820} INFO - Setting next_dagrun for example_sla_dag to 2024-01-11T22:40:00+00:00, run_after=2024-01-11T22:42:00+00:00
[2024-01-11T22:42:39.993+0000] {processor.py:183} INFO - Processing /home/airflow/.local/lib/python3.8/site-packages/airflow/example_dags/example_sla_dag.py took 0.056 seconds
