[2024-01-11T22:39:36.677+0000] {processor.py:161} INFO - Started process (PID=30) to work on /home/airflow/.local/lib/python3.8/site-packages/airflow/example_dags/example_complex.py
[2024-01-11T22:39:36.679+0000] {processor.py:830} INFO - Processing file /home/airflow/.local/lib/python3.8/site-packages/airflow/example_dags/example_complex.py for tasks to queue
[2024-01-11T22:39:36.682+0000] {logging_mixin.py:188} INFO - [2024-01-11T22:39:36.682+0000] {dagbag.py:538} INFO - Filling up the DagBag from /home/airflow/.local/lib/python3.8/site-packages/airflow/example_dags/example_complex.py
[2024-01-11T22:39:36.704+0000] {processor.py:840} INFO - DAG(s) 'example_complex' retrieved from /home/airflow/.local/lib/python3.8/site-packages/airflow/example_dags/example_complex.py
[2024-01-11T22:39:36.842+0000] {logging_mixin.py:188} INFO - [2024-01-11T22:39:36.841+0000] {override.py:1769} INFO - Created Permission View: can edit on DAG:example_complex
[2024-01-11T22:39:36.849+0000] {logging_mixin.py:188} INFO - [2024-01-11T22:39:36.849+0000] {override.py:1769} INFO - Created Permission View: can delete on DAG:example_complex
[2024-01-11T22:39:36.854+0000] {logging_mixin.py:188} INFO - [2024-01-11T22:39:36.854+0000] {override.py:1769} INFO - Created Permission View: can read on DAG:example_complex
[2024-01-11T22:39:36.855+0000] {logging_mixin.py:188} INFO - [2024-01-11T22:39:36.855+0000] {dag.py:3033} INFO - Sync 1 DAGs
[2024-01-11T22:39:36.863+0000] {logging_mixin.py:188} INFO - [2024-01-11T22:39:36.863+0000] {dag.py:3055} INFO - Creating ORM DAG for example_complex
[2024-01-11T22:39:36.865+0000] {logging_mixin.py:188} INFO - [2024-01-11T22:39:36.865+0000] {dag.py:3820} INFO - Setting next_dagrun for example_complex to None, run_after=None
[2024-01-11T22:39:36.880+0000] {processor.py:183} INFO - Processing /home/airflow/.local/lib/python3.8/site-packages/airflow/example_dags/example_complex.py took 0.207 seconds
[2024-01-11T22:40:07.277+0000] {processor.py:161} INFO - Started process (PID=85) to work on /home/airflow/.local/lib/python3.8/site-packages/airflow/example_dags/example_complex.py
[2024-01-11T22:40:07.279+0000] {processor.py:830} INFO - Processing file /home/airflow/.local/lib/python3.8/site-packages/airflow/example_dags/example_complex.py for tasks to queue
[2024-01-11T22:40:07.283+0000] {logging_mixin.py:188} INFO - [2024-01-11T22:40:07.282+0000] {dagbag.py:538} INFO - Filling up the DagBag from /home/airflow/.local/lib/python3.8/site-packages/airflow/example_dags/example_complex.py
[2024-01-11T22:40:07.292+0000] {processor.py:840} INFO - DAG(s) 'example_complex' retrieved from /home/airflow/.local/lib/python3.8/site-packages/airflow/example_dags/example_complex.py
[2024-01-11T22:40:07.313+0000] {logging_mixin.py:188} INFO - [2024-01-11T22:40:07.313+0000] {dag.py:3033} INFO - Sync 1 DAGs
[2024-01-11T22:40:07.321+0000] {logging_mixin.py:188} INFO - [2024-01-11T22:40:07.321+0000] {dag.py:3820} INFO - Setting next_dagrun for example_complex to None, run_after=None
[2024-01-11T22:40:07.332+0000] {processor.py:183} INFO - Processing /home/airflow/.local/lib/python3.8/site-packages/airflow/example_dags/example_complex.py took 0.059 seconds
[2024-01-11T22:40:37.690+0000] {processor.py:161} INFO - Started process (PID=140) to work on /home/airflow/.local/lib/python3.8/site-packages/airflow/example_dags/example_complex.py
[2024-01-11T22:40:37.693+0000] {processor.py:830} INFO - Processing file /home/airflow/.local/lib/python3.8/site-packages/airflow/example_dags/example_complex.py for tasks to queue
[2024-01-11T22:40:37.696+0000] {logging_mixin.py:188} INFO - [2024-01-11T22:40:37.696+0000] {dagbag.py:538} INFO - Filling up the DagBag from /home/airflow/.local/lib/python3.8/site-packages/airflow/example_dags/example_complex.py
[2024-01-11T22:40:37.706+0000] {processor.py:840} INFO - DAG(s) 'example_complex' retrieved from /home/airflow/.local/lib/python3.8/site-packages/airflow/example_dags/example_complex.py
[2024-01-11T22:40:37.727+0000] {logging_mixin.py:188} INFO - [2024-01-11T22:40:37.727+0000] {dag.py:3033} INFO - Sync 1 DAGs
[2024-01-11T22:40:37.737+0000] {logging_mixin.py:188} INFO - [2024-01-11T22:40:37.737+0000] {dag.py:3820} INFO - Setting next_dagrun for example_complex to None, run_after=None
[2024-01-11T22:40:37.751+0000] {processor.py:183} INFO - Processing /home/airflow/.local/lib/python3.8/site-packages/airflow/example_dags/example_complex.py took 0.067 seconds
[2024-01-11T22:41:08.241+0000] {processor.py:161} INFO - Started process (PID=195) to work on /home/airflow/.local/lib/python3.8/site-packages/airflow/example_dags/example_complex.py
[2024-01-11T22:41:08.243+0000] {processor.py:830} INFO - Processing file /home/airflow/.local/lib/python3.8/site-packages/airflow/example_dags/example_complex.py for tasks to queue
[2024-01-11T22:41:08.248+0000] {logging_mixin.py:188} INFO - [2024-01-11T22:41:08.247+0000] {dagbag.py:538} INFO - Filling up the DagBag from /home/airflow/.local/lib/python3.8/site-packages/airflow/example_dags/example_complex.py
[2024-01-11T22:41:08.256+0000] {processor.py:840} INFO - DAG(s) 'example_complex' retrieved from /home/airflow/.local/lib/python3.8/site-packages/airflow/example_dags/example_complex.py
[2024-01-11T22:41:08.279+0000] {logging_mixin.py:188} INFO - [2024-01-11T22:41:08.279+0000] {dag.py:3033} INFO - Sync 1 DAGs
[2024-01-11T22:41:08.288+0000] {logging_mixin.py:188} INFO - [2024-01-11T22:41:08.287+0000] {dag.py:3820} INFO - Setting next_dagrun for example_complex to None, run_after=None
[2024-01-11T22:41:08.302+0000] {processor.py:183} INFO - Processing /home/airflow/.local/lib/python3.8/site-packages/airflow/example_dags/example_complex.py took 0.065 seconds
[2024-01-11T22:41:38.750+0000] {processor.py:161} INFO - Started process (PID=250) to work on /home/airflow/.local/lib/python3.8/site-packages/airflow/example_dags/example_complex.py
[2024-01-11T22:41:38.751+0000] {processor.py:830} INFO - Processing file /home/airflow/.local/lib/python3.8/site-packages/airflow/example_dags/example_complex.py for tasks to queue
[2024-01-11T22:41:38.754+0000] {logging_mixin.py:188} INFO - [2024-01-11T22:41:38.753+0000] {dagbag.py:538} INFO - Filling up the DagBag from /home/airflow/.local/lib/python3.8/site-packages/airflow/example_dags/example_complex.py
[2024-01-11T22:41:38.763+0000] {processor.py:840} INFO - DAG(s) 'example_complex' retrieved from /home/airflow/.local/lib/python3.8/site-packages/airflow/example_dags/example_complex.py
[2024-01-11T22:41:38.776+0000] {logging_mixin.py:188} INFO - [2024-01-11T22:41:38.776+0000] {dag.py:3033} INFO - Sync 1 DAGs
[2024-01-11T22:41:38.788+0000] {logging_mixin.py:188} INFO - [2024-01-11T22:41:38.787+0000] {dag.py:3820} INFO - Setting next_dagrun for example_complex to None, run_after=None
[2024-01-11T22:41:38.804+0000] {processor.py:183} INFO - Processing /home/airflow/.local/lib/python3.8/site-packages/airflow/example_dags/example_complex.py took 0.057 seconds
[2024-01-11T22:42:09.132+0000] {processor.py:161} INFO - Started process (PID=305) to work on /home/airflow/.local/lib/python3.8/site-packages/airflow/example_dags/example_complex.py
[2024-01-11T22:42:09.136+0000] {processor.py:830} INFO - Processing file /home/airflow/.local/lib/python3.8/site-packages/airflow/example_dags/example_complex.py for tasks to queue
[2024-01-11T22:42:09.138+0000] {logging_mixin.py:188} INFO - [2024-01-11T22:42:09.138+0000] {dagbag.py:538} INFO - Filling up the DagBag from /home/airflow/.local/lib/python3.8/site-packages/airflow/example_dags/example_complex.py
[2024-01-11T22:42:09.147+0000] {processor.py:840} INFO - DAG(s) 'example_complex' retrieved from /home/airflow/.local/lib/python3.8/site-packages/airflow/example_dags/example_complex.py
[2024-01-11T22:42:09.216+0000] {logging_mixin.py:188} INFO - [2024-01-11T22:42:09.216+0000] {dag.py:3033} INFO - Sync 1 DAGs
[2024-01-11T22:42:09.222+0000] {logging_mixin.py:188} INFO - [2024-01-11T22:42:09.222+0000] {dag.py:3820} INFO - Setting next_dagrun for example_complex to None, run_after=None
[2024-01-11T22:42:09.243+0000] {processor.py:183} INFO - Processing /home/airflow/.local/lib/python3.8/site-packages/airflow/example_dags/example_complex.py took 0.114 seconds
[2024-01-11T22:42:39.854+0000] {processor.py:161} INFO - Started process (PID=359) to work on /home/airflow/.local/lib/python3.8/site-packages/airflow/example_dags/example_complex.py
[2024-01-11T22:42:39.859+0000] {processor.py:830} INFO - Processing file /home/airflow/.local/lib/python3.8/site-packages/airflow/example_dags/example_complex.py for tasks to queue
[2024-01-11T22:42:39.863+0000] {logging_mixin.py:188} INFO - [2024-01-11T22:42:39.863+0000] {dagbag.py:538} INFO - Filling up the DagBag from /home/airflow/.local/lib/python3.8/site-packages/airflow/example_dags/example_complex.py
[2024-01-11T22:42:39.873+0000] {processor.py:840} INFO - DAG(s) 'example_complex' retrieved from /home/airflow/.local/lib/python3.8/site-packages/airflow/example_dags/example_complex.py
[2024-01-11T22:42:39.895+0000] {logging_mixin.py:188} INFO - [2024-01-11T22:42:39.895+0000] {dag.py:3033} INFO - Sync 1 DAGs
[2024-01-11T22:42:39.903+0000] {logging_mixin.py:188} INFO - [2024-01-11T22:42:39.902+0000] {dag.py:3820} INFO - Setting next_dagrun for example_complex to None, run_after=None
[2024-01-11T22:42:39.915+0000] {processor.py:183} INFO - Processing /home/airflow/.local/lib/python3.8/site-packages/airflow/example_dags/example_complex.py took 0.065 seconds
