[2024-01-11T22:39:39.058+0000] {processor.py:161} INFO - Started process (PID=52) to work on /home/airflow/.local/lib/python3.8/site-packages/airflow/example_dags/example_skip_dag.py
[2024-01-11T22:39:39.060+0000] {processor.py:830} INFO - Processing file /home/airflow/.local/lib/python3.8/site-packages/airflow/example_dags/example_skip_dag.py for tasks to queue
[2024-01-11T22:39:39.063+0000] {logging_mixin.py:188} INFO - [2024-01-11T22:39:39.062+0000] {dagbag.py:538} INFO - Filling up the DagBag from /home/airflow/.local/lib/python3.8/site-packages/airflow/example_dags/example_skip_dag.py
[2024-01-11T22:39:39.069+0000] {processor.py:840} INFO - DAG(s) 'example_skip_dag' retrieved from /home/airflow/.local/lib/python3.8/site-packages/airflow/example_dags/example_skip_dag.py
[2024-01-11T22:39:39.138+0000] {logging_mixin.py:188} INFO - [2024-01-11T22:39:39.137+0000] {override.py:1769} INFO - Created Permission View: can edit on DAG:example_skip_dag
[2024-01-11T22:39:39.148+0000] {logging_mixin.py:188} INFO - [2024-01-11T22:39:39.148+0000] {override.py:1769} INFO - Created Permission View: can delete on DAG:example_skip_dag
[2024-01-11T22:39:39.153+0000] {logging_mixin.py:188} INFO - [2024-01-11T22:39:39.153+0000] {override.py:1769} INFO - Created Permission View: can read on DAG:example_skip_dag
[2024-01-11T22:39:39.155+0000] {logging_mixin.py:188} INFO - [2024-01-11T22:39:39.155+0000] {dag.py:3033} INFO - Sync 1 DAGs
[2024-01-11T22:39:39.164+0000] {logging_mixin.py:188} INFO - [2024-01-11T22:39:39.164+0000] {dag.py:3055} INFO - Creating ORM DAG for example_skip_dag
[2024-01-11T22:39:39.173+0000] {logging_mixin.py:188} INFO - [2024-01-11T22:39:39.173+0000] {dag.py:3820} INFO - Setting next_dagrun for example_skip_dag to 2024-01-10T00:00:00+00:00, run_after=2024-01-11T00:00:00+00:00
[2024-01-11T22:39:39.184+0000] {processor.py:183} INFO - Processing /home/airflow/.local/lib/python3.8/site-packages/airflow/example_dags/example_skip_dag.py took 0.129 seconds
[2024-01-11T22:40:09.245+0000] {processor.py:161} INFO - Started process (PID=107) to work on /home/airflow/.local/lib/python3.8/site-packages/airflow/example_dags/example_skip_dag.py
[2024-01-11T22:40:09.246+0000] {processor.py:830} INFO - Processing file /home/airflow/.local/lib/python3.8/site-packages/airflow/example_dags/example_skip_dag.py for tasks to queue
[2024-01-11T22:40:09.248+0000] {logging_mixin.py:188} INFO - [2024-01-11T22:40:09.248+0000] {dagbag.py:538} INFO - Filling up the DagBag from /home/airflow/.local/lib/python3.8/site-packages/airflow/example_dags/example_skip_dag.py
[2024-01-11T22:40:09.253+0000] {processor.py:840} INFO - DAG(s) 'example_skip_dag' retrieved from /home/airflow/.local/lib/python3.8/site-packages/airflow/example_dags/example_skip_dag.py
[2024-01-11T22:40:09.267+0000] {logging_mixin.py:188} INFO - [2024-01-11T22:40:09.267+0000] {dag.py:3033} INFO - Sync 1 DAGs
[2024-01-11T22:40:09.280+0000] {logging_mixin.py:188} INFO - [2024-01-11T22:40:09.280+0000] {dag.py:3820} INFO - Setting next_dagrun for example_skip_dag to 2024-01-10T00:00:00+00:00, run_after=2024-01-11T00:00:00+00:00
[2024-01-11T22:40:09.290+0000] {processor.py:183} INFO - Processing /home/airflow/.local/lib/python3.8/site-packages/airflow/example_dags/example_skip_dag.py took 0.048 seconds
[2024-01-11T22:40:39.662+0000] {processor.py:161} INFO - Started process (PID=162) to work on /home/airflow/.local/lib/python3.8/site-packages/airflow/example_dags/example_skip_dag.py
[2024-01-11T22:40:39.664+0000] {processor.py:830} INFO - Processing file /home/airflow/.local/lib/python3.8/site-packages/airflow/example_dags/example_skip_dag.py for tasks to queue
[2024-01-11T22:40:39.667+0000] {logging_mixin.py:188} INFO - [2024-01-11T22:40:39.667+0000] {dagbag.py:538} INFO - Filling up the DagBag from /home/airflow/.local/lib/python3.8/site-packages/airflow/example_dags/example_skip_dag.py
[2024-01-11T22:40:39.673+0000] {processor.py:840} INFO - DAG(s) 'example_skip_dag' retrieved from /home/airflow/.local/lib/python3.8/site-packages/airflow/example_dags/example_skip_dag.py
[2024-01-11T22:40:39.697+0000] {logging_mixin.py:188} INFO - [2024-01-11T22:40:39.696+0000] {dag.py:3033} INFO - Sync 1 DAGs
[2024-01-11T22:40:39.720+0000] {logging_mixin.py:188} INFO - [2024-01-11T22:40:39.720+0000] {dag.py:3820} INFO - Setting next_dagrun for example_skip_dag to 2024-01-10T00:00:00+00:00, run_after=2024-01-11T00:00:00+00:00
[2024-01-11T22:40:39.736+0000] {processor.py:183} INFO - Processing /home/airflow/.local/lib/python3.8/site-packages/airflow/example_dags/example_skip_dag.py took 0.077 seconds
[2024-01-11T22:41:10.231+0000] {processor.py:161} INFO - Started process (PID=217) to work on /home/airflow/.local/lib/python3.8/site-packages/airflow/example_dags/example_skip_dag.py
[2024-01-11T22:41:10.232+0000] {processor.py:830} INFO - Processing file /home/airflow/.local/lib/python3.8/site-packages/airflow/example_dags/example_skip_dag.py for tasks to queue
[2024-01-11T22:41:10.235+0000] {logging_mixin.py:188} INFO - [2024-01-11T22:41:10.235+0000] {dagbag.py:538} INFO - Filling up the DagBag from /home/airflow/.local/lib/python3.8/site-packages/airflow/example_dags/example_skip_dag.py
[2024-01-11T22:41:10.240+0000] {processor.py:840} INFO - DAG(s) 'example_skip_dag' retrieved from /home/airflow/.local/lib/python3.8/site-packages/airflow/example_dags/example_skip_dag.py
[2024-01-11T22:41:10.255+0000] {logging_mixin.py:188} INFO - [2024-01-11T22:41:10.255+0000] {dag.py:3033} INFO - Sync 1 DAGs
[2024-01-11T22:41:10.269+0000] {logging_mixin.py:188} INFO - [2024-01-11T22:41:10.269+0000] {dag.py:3820} INFO - Setting next_dagrun for example_skip_dag to 2024-01-10T00:00:00+00:00, run_after=2024-01-11T00:00:00+00:00
[2024-01-11T22:41:10.285+0000] {processor.py:183} INFO - Processing /home/airflow/.local/lib/python3.8/site-packages/airflow/example_dags/example_skip_dag.py took 0.057 seconds
[2024-01-11T22:41:40.758+0000] {processor.py:161} INFO - Started process (PID=272) to work on /home/airflow/.local/lib/python3.8/site-packages/airflow/example_dags/example_skip_dag.py
[2024-01-11T22:41:40.759+0000] {processor.py:830} INFO - Processing file /home/airflow/.local/lib/python3.8/site-packages/airflow/example_dags/example_skip_dag.py for tasks to queue
[2024-01-11T22:41:40.762+0000] {logging_mixin.py:188} INFO - [2024-01-11T22:41:40.762+0000] {dagbag.py:538} INFO - Filling up the DagBag from /home/airflow/.local/lib/python3.8/site-packages/airflow/example_dags/example_skip_dag.py
[2024-01-11T22:41:40.767+0000] {processor.py:840} INFO - DAG(s) 'example_skip_dag' retrieved from /home/airflow/.local/lib/python3.8/site-packages/airflow/example_dags/example_skip_dag.py
[2024-01-11T22:41:40.777+0000] {logging_mixin.py:188} INFO - [2024-01-11T22:41:40.777+0000] {dag.py:3033} INFO - Sync 1 DAGs
[2024-01-11T22:41:40.789+0000] {logging_mixin.py:188} INFO - [2024-01-11T22:41:40.789+0000] {dag.py:3820} INFO - Setting next_dagrun for example_skip_dag to 2024-01-10T00:00:00+00:00, run_after=2024-01-11T00:00:00+00:00
[2024-01-11T22:41:40.800+0000] {processor.py:183} INFO - Processing /home/airflow/.local/lib/python3.8/site-packages/airflow/example_dags/example_skip_dag.py took 0.045 seconds
[2024-01-11T22:42:11.772+0000] {processor.py:161} INFO - Started process (PID=327) to work on /home/airflow/.local/lib/python3.8/site-packages/airflow/example_dags/example_skip_dag.py
[2024-01-11T22:42:11.774+0000] {processor.py:830} INFO - Processing file /home/airflow/.local/lib/python3.8/site-packages/airflow/example_dags/example_skip_dag.py for tasks to queue
[2024-01-11T22:42:11.776+0000] {logging_mixin.py:188} INFO - [2024-01-11T22:42:11.776+0000] {dagbag.py:538} INFO - Filling up the DagBag from /home/airflow/.local/lib/python3.8/site-packages/airflow/example_dags/example_skip_dag.py
[2024-01-11T22:42:11.780+0000] {processor.py:840} INFO - DAG(s) 'example_skip_dag' retrieved from /home/airflow/.local/lib/python3.8/site-packages/airflow/example_dags/example_skip_dag.py
[2024-01-11T22:42:11.833+0000] {logging_mixin.py:188} INFO - [2024-01-11T22:42:11.833+0000] {dag.py:3033} INFO - Sync 1 DAGs
[2024-01-11T22:42:11.843+0000] {logging_mixin.py:188} INFO - [2024-01-11T22:42:11.843+0000] {dag.py:3820} INFO - Setting next_dagrun for example_skip_dag to 2024-01-10T00:00:00+00:00, run_after=2024-01-11T00:00:00+00:00
[2024-01-11T22:42:11.856+0000] {processor.py:183} INFO - Processing /home/airflow/.local/lib/python3.8/site-packages/airflow/example_dags/example_skip_dag.py took 0.086 seconds
[2024-01-11T22:42:41.940+0000] {processor.py:161} INFO - Started process (PID=381) to work on /home/airflow/.local/lib/python3.8/site-packages/airflow/example_dags/example_skip_dag.py
[2024-01-11T22:42:41.941+0000] {processor.py:830} INFO - Processing file /home/airflow/.local/lib/python3.8/site-packages/airflow/example_dags/example_skip_dag.py for tasks to queue
[2024-01-11T22:42:41.943+0000] {logging_mixin.py:188} INFO - [2024-01-11T22:42:41.943+0000] {dagbag.py:538} INFO - Filling up the DagBag from /home/airflow/.local/lib/python3.8/site-packages/airflow/example_dags/example_skip_dag.py
[2024-01-11T22:42:41.947+0000] {processor.py:840} INFO - DAG(s) 'example_skip_dag' retrieved from /home/airflow/.local/lib/python3.8/site-packages/airflow/example_dags/example_skip_dag.py
[2024-01-11T22:42:41.960+0000] {logging_mixin.py:188} INFO - [2024-01-11T22:42:41.960+0000] {dag.py:3033} INFO - Sync 1 DAGs
[2024-01-11T22:42:41.971+0000] {logging_mixin.py:188} INFO - [2024-01-11T22:42:41.971+0000] {dag.py:3820} INFO - Setting next_dagrun for example_skip_dag to 2024-01-10T00:00:00+00:00, run_after=2024-01-11T00:00:00+00:00
[2024-01-11T22:42:41.982+0000] {processor.py:183} INFO - Processing /home/airflow/.local/lib/python3.8/site-packages/airflow/example_dags/example_skip_dag.py took 0.045 seconds
