[2024-01-11T22:39:40.880+0000] {processor.py:161} INFO - Started process (PID=71) to work on /home/airflow/.local/lib/python3.8/site-packages/airflow/example_dags/example_sensor_decorator.py
[2024-01-11T22:39:40.882+0000] {processor.py:830} INFO - Processing file /home/airflow/.local/lib/python3.8/site-packages/airflow/example_dags/example_sensor_decorator.py for tasks to queue
[2024-01-11T22:39:40.884+0000] {logging_mixin.py:188} INFO - [2024-01-11T22:39:40.884+0000] {dagbag.py:538} INFO - Filling up the DagBag from /home/airflow/.local/lib/python3.8/site-packages/airflow/example_dags/example_sensor_decorator.py
[2024-01-11T22:39:40.891+0000] {processor.py:840} INFO - DAG(s) 'example_sensor_decorator' retrieved from /home/airflow/.local/lib/python3.8/site-packages/airflow/example_dags/example_sensor_decorator.py
[2024-01-11T22:39:40.956+0000] {logging_mixin.py:188} INFO - [2024-01-11T22:39:40.956+0000] {override.py:1769} INFO - Created Permission View: can edit on DAG:example_sensor_decorator
[2024-01-11T22:39:40.964+0000] {logging_mixin.py:188} INFO - [2024-01-11T22:39:40.964+0000] {override.py:1769} INFO - Created Permission View: can delete on DAG:example_sensor_decorator
[2024-01-11T22:39:40.971+0000] {logging_mixin.py:188} INFO - [2024-01-11T22:39:40.971+0000] {override.py:1769} INFO - Created Permission View: can read on DAG:example_sensor_decorator
[2024-01-11T22:39:40.972+0000] {logging_mixin.py:188} INFO - [2024-01-11T22:39:40.972+0000] {dag.py:3033} INFO - Sync 1 DAGs
[2024-01-11T22:39:40.980+0000] {logging_mixin.py:188} INFO - [2024-01-11T22:39:40.979+0000] {dag.py:3055} INFO - Creating ORM DAG for example_sensor_decorator
[2024-01-11T22:39:40.981+0000] {logging_mixin.py:188} INFO - [2024-01-11T22:39:40.981+0000] {dag.py:3820} INFO - Setting next_dagrun for example_sensor_decorator to None, run_after=None
[2024-01-11T22:39:40.993+0000] {processor.py:183} INFO - Processing /home/airflow/.local/lib/python3.8/site-packages/airflow/example_dags/example_sensor_decorator.py took 0.115 seconds
[2024-01-11T22:40:11.037+0000] {processor.py:161} INFO - Started process (PID=126) to work on /home/airflow/.local/lib/python3.8/site-packages/airflow/example_dags/example_sensor_decorator.py
[2024-01-11T22:40:11.039+0000] {processor.py:830} INFO - Processing file /home/airflow/.local/lib/python3.8/site-packages/airflow/example_dags/example_sensor_decorator.py for tasks to queue
[2024-01-11T22:40:11.041+0000] {logging_mixin.py:188} INFO - [2024-01-11T22:40:11.041+0000] {dagbag.py:538} INFO - Filling up the DagBag from /home/airflow/.local/lib/python3.8/site-packages/airflow/example_dags/example_sensor_decorator.py
[2024-01-11T22:40:11.046+0000] {processor.py:840} INFO - DAG(s) 'example_sensor_decorator' retrieved from /home/airflow/.local/lib/python3.8/site-packages/airflow/example_dags/example_sensor_decorator.py
[2024-01-11T22:40:11.059+0000] {logging_mixin.py:188} INFO - [2024-01-11T22:40:11.059+0000] {dag.py:3033} INFO - Sync 1 DAGs
[2024-01-11T22:40:11.070+0000] {logging_mixin.py:188} INFO - [2024-01-11T22:40:11.069+0000] {dag.py:3820} INFO - Setting next_dagrun for example_sensor_decorator to None, run_after=None
[2024-01-11T22:40:11.081+0000] {processor.py:183} INFO - Processing /home/airflow/.local/lib/python3.8/site-packages/airflow/example_dags/example_sensor_decorator.py took 0.046 seconds
[2024-01-11T22:40:41.619+0000] {processor.py:161} INFO - Started process (PID=181) to work on /home/airflow/.local/lib/python3.8/site-packages/airflow/example_dags/example_sensor_decorator.py
[2024-01-11T22:40:41.621+0000] {processor.py:830} INFO - Processing file /home/airflow/.local/lib/python3.8/site-packages/airflow/example_dags/example_sensor_decorator.py for tasks to queue
[2024-01-11T22:40:41.623+0000] {logging_mixin.py:188} INFO - [2024-01-11T22:40:41.623+0000] {dagbag.py:538} INFO - Filling up the DagBag from /home/airflow/.local/lib/python3.8/site-packages/airflow/example_dags/example_sensor_decorator.py
[2024-01-11T22:40:41.628+0000] {processor.py:840} INFO - DAG(s) 'example_sensor_decorator' retrieved from /home/airflow/.local/lib/python3.8/site-packages/airflow/example_dags/example_sensor_decorator.py
[2024-01-11T22:40:41.644+0000] {logging_mixin.py:188} INFO - [2024-01-11T22:40:41.644+0000] {dag.py:3033} INFO - Sync 1 DAGs
[2024-01-11T22:40:41.652+0000] {logging_mixin.py:188} INFO - [2024-01-11T22:40:41.652+0000] {dag.py:3820} INFO - Setting next_dagrun for example_sensor_decorator to None, run_after=None
[2024-01-11T22:40:41.663+0000] {processor.py:183} INFO - Processing /home/airflow/.local/lib/python3.8/site-packages/airflow/example_dags/example_sensor_decorator.py took 0.046 seconds
[2024-01-11T22:41:12.125+0000] {processor.py:161} INFO - Started process (PID=236) to work on /home/airflow/.local/lib/python3.8/site-packages/airflow/example_dags/example_sensor_decorator.py
[2024-01-11T22:41:12.127+0000] {processor.py:830} INFO - Processing file /home/airflow/.local/lib/python3.8/site-packages/airflow/example_dags/example_sensor_decorator.py for tasks to queue
[2024-01-11T22:41:12.129+0000] {logging_mixin.py:188} INFO - [2024-01-11T22:41:12.129+0000] {dagbag.py:538} INFO - Filling up the DagBag from /home/airflow/.local/lib/python3.8/site-packages/airflow/example_dags/example_sensor_decorator.py
[2024-01-11T22:41:12.134+0000] {processor.py:840} INFO - DAG(s) 'example_sensor_decorator' retrieved from /home/airflow/.local/lib/python3.8/site-packages/airflow/example_dags/example_sensor_decorator.py
[2024-01-11T22:41:12.149+0000] {logging_mixin.py:188} INFO - [2024-01-11T22:41:12.149+0000] {dag.py:3033} INFO - Sync 1 DAGs
[2024-01-11T22:41:12.158+0000] {logging_mixin.py:188} INFO - [2024-01-11T22:41:12.158+0000] {dag.py:3820} INFO - Setting next_dagrun for example_sensor_decorator to None, run_after=None
[2024-01-11T22:41:12.170+0000] {processor.py:183} INFO - Processing /home/airflow/.local/lib/python3.8/site-packages/airflow/example_dags/example_sensor_decorator.py took 0.047 seconds
[2024-01-11T22:41:42.556+0000] {processor.py:161} INFO - Started process (PID=291) to work on /home/airflow/.local/lib/python3.8/site-packages/airflow/example_dags/example_sensor_decorator.py
[2024-01-11T22:41:42.557+0000] {processor.py:830} INFO - Processing file /home/airflow/.local/lib/python3.8/site-packages/airflow/example_dags/example_sensor_decorator.py for tasks to queue
[2024-01-11T22:41:42.559+0000] {logging_mixin.py:188} INFO - [2024-01-11T22:41:42.559+0000] {dagbag.py:538} INFO - Filling up the DagBag from /home/airflow/.local/lib/python3.8/site-packages/airflow/example_dags/example_sensor_decorator.py
[2024-01-11T22:41:42.564+0000] {processor.py:840} INFO - DAG(s) 'example_sensor_decorator' retrieved from /home/airflow/.local/lib/python3.8/site-packages/airflow/example_dags/example_sensor_decorator.py
[2024-01-11T22:41:42.573+0000] {logging_mixin.py:188} INFO - [2024-01-11T22:41:42.573+0000] {dag.py:3033} INFO - Sync 1 DAGs
[2024-01-11T22:41:42.582+0000] {logging_mixin.py:188} INFO - [2024-01-11T22:41:42.581+0000] {dag.py:3820} INFO - Setting next_dagrun for example_sensor_decorator to None, run_after=None
[2024-01-11T22:41:42.592+0000] {processor.py:183} INFO - Processing /home/airflow/.local/lib/python3.8/site-packages/airflow/example_dags/example_sensor_decorator.py took 0.039 seconds
[2024-01-11T22:42:13.120+0000] {processor.py:161} INFO - Started process (PID=346) to work on /home/airflow/.local/lib/python3.8/site-packages/airflow/example_dags/example_sensor_decorator.py
[2024-01-11T22:42:13.122+0000] {processor.py:830} INFO - Processing file /home/airflow/.local/lib/python3.8/site-packages/airflow/example_dags/example_sensor_decorator.py for tasks to queue
[2024-01-11T22:42:13.124+0000] {logging_mixin.py:188} INFO - [2024-01-11T22:42:13.124+0000] {dagbag.py:538} INFO - Filling up the DagBag from /home/airflow/.local/lib/python3.8/site-packages/airflow/example_dags/example_sensor_decorator.py
[2024-01-11T22:42:13.129+0000] {processor.py:840} INFO - DAG(s) 'example_sensor_decorator' retrieved from /home/airflow/.local/lib/python3.8/site-packages/airflow/example_dags/example_sensor_decorator.py
[2024-01-11T22:42:13.188+0000] {logging_mixin.py:188} INFO - [2024-01-11T22:42:13.188+0000] {dag.py:3033} INFO - Sync 1 DAGs
[2024-01-11T22:42:13.195+0000] {logging_mixin.py:188} INFO - [2024-01-11T22:42:13.195+0000] {dag.py:3820} INFO - Setting next_dagrun for example_sensor_decorator to None, run_after=None
[2024-01-11T22:42:13.206+0000] {processor.py:183} INFO - Processing /home/airflow/.local/lib/python3.8/site-packages/airflow/example_dags/example_sensor_decorator.py took 0.089 seconds
[2024-01-11T22:42:43.851+0000] {processor.py:161} INFO - Started process (PID=400) to work on /home/airflow/.local/lib/python3.8/site-packages/airflow/example_dags/example_sensor_decorator.py
[2024-01-11T22:42:43.852+0000] {processor.py:830} INFO - Processing file /home/airflow/.local/lib/python3.8/site-packages/airflow/example_dags/example_sensor_decorator.py for tasks to queue
[2024-01-11T22:42:43.854+0000] {logging_mixin.py:188} INFO - [2024-01-11T22:42:43.854+0000] {dagbag.py:538} INFO - Filling up the DagBag from /home/airflow/.local/lib/python3.8/site-packages/airflow/example_dags/example_sensor_decorator.py
[2024-01-11T22:42:43.860+0000] {processor.py:840} INFO - DAG(s) 'example_sensor_decorator' retrieved from /home/airflow/.local/lib/python3.8/site-packages/airflow/example_dags/example_sensor_decorator.py
[2024-01-11T22:42:43.874+0000] {logging_mixin.py:188} INFO - [2024-01-11T22:42:43.874+0000] {dag.py:3033} INFO - Sync 1 DAGs
[2024-01-11T22:42:43.882+0000] {logging_mixin.py:188} INFO - [2024-01-11T22:42:43.882+0000] {dag.py:3820} INFO - Setting next_dagrun for example_sensor_decorator to None, run_after=None
[2024-01-11T22:42:43.892+0000] {processor.py:183} INFO - Processing /home/airflow/.local/lib/python3.8/site-packages/airflow/example_dags/example_sensor_decorator.py took 0.044 seconds
