[2024-01-11T22:39:37.261+0000] {processor.py:161} INFO - Started process (PID=35) to work on /home/airflow/.local/lib/python3.8/site-packages/airflow/example_dags/example_local_kubernetes_executor.py
[2024-01-11T22:39:37.262+0000] {processor.py:830} INFO - Processing file /home/airflow/.local/lib/python3.8/site-packages/airflow/example_dags/example_local_kubernetes_executor.py for tasks to queue
[2024-01-11T22:39:37.265+0000] {logging_mixin.py:188} INFO - [2024-01-11T22:39:37.265+0000] {dagbag.py:538} INFO - Filling up the DagBag from /home/airflow/.local/lib/python3.8/site-packages/airflow/example_dags/example_local_kubernetes_executor.py
[2024-01-11T22:39:37.273+0000] {processor.py:840} INFO - DAG(s) 'example_local_kubernetes_executor' retrieved from /home/airflow/.local/lib/python3.8/site-packages/airflow/example_dags/example_local_kubernetes_executor.py
[2024-01-11T22:39:37.362+0000] {logging_mixin.py:188} INFO - [2024-01-11T22:39:37.362+0000] {override.py:1769} INFO - Created Permission View: can edit on DAG:example_local_kubernetes_executor
[2024-01-11T22:39:37.371+0000] {logging_mixin.py:188} INFO - [2024-01-11T22:39:37.371+0000] {override.py:1769} INFO - Created Permission View: can delete on DAG:example_local_kubernetes_executor
[2024-01-11T22:39:37.377+0000] {logging_mixin.py:188} INFO - [2024-01-11T22:39:37.377+0000] {override.py:1769} INFO - Created Permission View: can read on DAG:example_local_kubernetes_executor
[2024-01-11T22:39:37.379+0000] {logging_mixin.py:188} INFO - [2024-01-11T22:39:37.379+0000] {dag.py:3033} INFO - Sync 1 DAGs
[2024-01-11T22:39:37.389+0000] {logging_mixin.py:188} INFO - [2024-01-11T22:39:37.388+0000] {dag.py:3055} INFO - Creating ORM DAG for example_local_kubernetes_executor
[2024-01-11T22:39:37.390+0000] {logging_mixin.py:188} INFO - [2024-01-11T22:39:37.390+0000] {dag.py:3820} INFO - Setting next_dagrun for example_local_kubernetes_executor to None, run_after=None
[2024-01-11T22:39:37.403+0000] {processor.py:183} INFO - Processing /home/airflow/.local/lib/python3.8/site-packages/airflow/example_dags/example_local_kubernetes_executor.py took 0.145 seconds
[2024-01-11T22:40:07.505+0000] {processor.py:161} INFO - Started process (PID=90) to work on /home/airflow/.local/lib/python3.8/site-packages/airflow/example_dags/example_local_kubernetes_executor.py
[2024-01-11T22:40:07.506+0000] {processor.py:830} INFO - Processing file /home/airflow/.local/lib/python3.8/site-packages/airflow/example_dags/example_local_kubernetes_executor.py for tasks to queue
[2024-01-11T22:40:07.508+0000] {logging_mixin.py:188} INFO - [2024-01-11T22:40:07.508+0000] {dagbag.py:538} INFO - Filling up the DagBag from /home/airflow/.local/lib/python3.8/site-packages/airflow/example_dags/example_local_kubernetes_executor.py
[2024-01-11T22:40:07.514+0000] {processor.py:840} INFO - DAG(s) 'example_local_kubernetes_executor' retrieved from /home/airflow/.local/lib/python3.8/site-packages/airflow/example_dags/example_local_kubernetes_executor.py
[2024-01-11T22:40:07.537+0000] {logging_mixin.py:188} INFO - [2024-01-11T22:40:07.537+0000] {dag.py:3033} INFO - Sync 1 DAGs
[2024-01-11T22:40:07.547+0000] {logging_mixin.py:188} INFO - [2024-01-11T22:40:07.547+0000] {dag.py:3820} INFO - Setting next_dagrun for example_local_kubernetes_executor to None, run_after=None
[2024-01-11T22:40:07.559+0000] {processor.py:183} INFO - Processing /home/airflow/.local/lib/python3.8/site-packages/airflow/example_dags/example_local_kubernetes_executor.py took 0.057 seconds
[2024-01-11T22:40:37.944+0000] {processor.py:161} INFO - Started process (PID=145) to work on /home/airflow/.local/lib/python3.8/site-packages/airflow/example_dags/example_local_kubernetes_executor.py
[2024-01-11T22:40:37.946+0000] {processor.py:830} INFO - Processing file /home/airflow/.local/lib/python3.8/site-packages/airflow/example_dags/example_local_kubernetes_executor.py for tasks to queue
[2024-01-11T22:40:37.949+0000] {logging_mixin.py:188} INFO - [2024-01-11T22:40:37.949+0000] {dagbag.py:538} INFO - Filling up the DagBag from /home/airflow/.local/lib/python3.8/site-packages/airflow/example_dags/example_local_kubernetes_executor.py
[2024-01-11T22:40:37.956+0000] {processor.py:840} INFO - DAG(s) 'example_local_kubernetes_executor' retrieved from /home/airflow/.local/lib/python3.8/site-packages/airflow/example_dags/example_local_kubernetes_executor.py
[2024-01-11T22:40:37.982+0000] {logging_mixin.py:188} INFO - [2024-01-11T22:40:37.981+0000] {dag.py:3033} INFO - Sync 1 DAGs
[2024-01-11T22:40:37.991+0000] {logging_mixin.py:188} INFO - [2024-01-11T22:40:37.991+0000] {dag.py:3820} INFO - Setting next_dagrun for example_local_kubernetes_executor to None, run_after=None
[2024-01-11T22:40:38.003+0000] {processor.py:183} INFO - Processing /home/airflow/.local/lib/python3.8/site-packages/airflow/example_dags/example_local_kubernetes_executor.py took 0.062 seconds
[2024-01-11T22:41:08.480+0000] {processor.py:161} INFO - Started process (PID=200) to work on /home/airflow/.local/lib/python3.8/site-packages/airflow/example_dags/example_local_kubernetes_executor.py
[2024-01-11T22:41:08.481+0000] {processor.py:830} INFO - Processing file /home/airflow/.local/lib/python3.8/site-packages/airflow/example_dags/example_local_kubernetes_executor.py for tasks to queue
[2024-01-11T22:41:08.483+0000] {logging_mixin.py:188} INFO - [2024-01-11T22:41:08.483+0000] {dagbag.py:538} INFO - Filling up the DagBag from /home/airflow/.local/lib/python3.8/site-packages/airflow/example_dags/example_local_kubernetes_executor.py
[2024-01-11T22:41:08.489+0000] {processor.py:840} INFO - DAG(s) 'example_local_kubernetes_executor' retrieved from /home/airflow/.local/lib/python3.8/site-packages/airflow/example_dags/example_local_kubernetes_executor.py
[2024-01-11T22:41:08.512+0000] {logging_mixin.py:188} INFO - [2024-01-11T22:41:08.512+0000] {dag.py:3033} INFO - Sync 1 DAGs
[2024-01-11T22:41:08.520+0000] {logging_mixin.py:188} INFO - [2024-01-11T22:41:08.520+0000] {dag.py:3820} INFO - Setting next_dagrun for example_local_kubernetes_executor to None, run_after=None
[2024-01-11T22:41:08.533+0000] {processor.py:183} INFO - Processing /home/airflow/.local/lib/python3.8/site-packages/airflow/example_dags/example_local_kubernetes_executor.py took 0.055 seconds
[2024-01-11T22:41:38.930+0000] {processor.py:161} INFO - Started process (PID=255) to work on /home/airflow/.local/lib/python3.8/site-packages/airflow/example_dags/example_local_kubernetes_executor.py
[2024-01-11T22:41:38.932+0000] {processor.py:830} INFO - Processing file /home/airflow/.local/lib/python3.8/site-packages/airflow/example_dags/example_local_kubernetes_executor.py for tasks to queue
[2024-01-11T22:41:38.934+0000] {logging_mixin.py:188} INFO - [2024-01-11T22:41:38.934+0000] {dagbag.py:538} INFO - Filling up the DagBag from /home/airflow/.local/lib/python3.8/site-packages/airflow/example_dags/example_local_kubernetes_executor.py
[2024-01-11T22:41:38.941+0000] {processor.py:840} INFO - DAG(s) 'example_local_kubernetes_executor' retrieved from /home/airflow/.local/lib/python3.8/site-packages/airflow/example_dags/example_local_kubernetes_executor.py
[2024-01-11T22:41:38.951+0000] {logging_mixin.py:188} INFO - [2024-01-11T22:41:38.951+0000] {dag.py:3033} INFO - Sync 1 DAGs
[2024-01-11T22:41:38.962+0000] {logging_mixin.py:188} INFO - [2024-01-11T22:41:38.962+0000] {dag.py:3820} INFO - Setting next_dagrun for example_local_kubernetes_executor to None, run_after=None
[2024-01-11T22:41:38.979+0000] {processor.py:183} INFO - Processing /home/airflow/.local/lib/python3.8/site-packages/airflow/example_dags/example_local_kubernetes_executor.py took 0.051 seconds
[2024-01-11T22:42:09.584+0000] {processor.py:161} INFO - Started process (PID=310) to work on /home/airflow/.local/lib/python3.8/site-packages/airflow/example_dags/example_local_kubernetes_executor.py
[2024-01-11T22:42:09.586+0000] {processor.py:830} INFO - Processing file /home/airflow/.local/lib/python3.8/site-packages/airflow/example_dags/example_local_kubernetes_executor.py for tasks to queue
[2024-01-11T22:42:09.589+0000] {logging_mixin.py:188} INFO - [2024-01-11T22:42:09.589+0000] {dagbag.py:538} INFO - Filling up the DagBag from /home/airflow/.local/lib/python3.8/site-packages/airflow/example_dags/example_local_kubernetes_executor.py
[2024-01-11T22:42:09.596+0000] {processor.py:840} INFO - DAG(s) 'example_local_kubernetes_executor' retrieved from /home/airflow/.local/lib/python3.8/site-packages/airflow/example_dags/example_local_kubernetes_executor.py
[2024-01-11T22:42:09.656+0000] {logging_mixin.py:188} INFO - [2024-01-11T22:42:09.656+0000] {dag.py:3033} INFO - Sync 1 DAGs
[2024-01-11T22:42:09.663+0000] {logging_mixin.py:188} INFO - [2024-01-11T22:42:09.662+0000] {dag.py:3820} INFO - Setting next_dagrun for example_local_kubernetes_executor to None, run_after=None
[2024-01-11T22:42:09.674+0000] {processor.py:183} INFO - Processing /home/airflow/.local/lib/python3.8/site-packages/airflow/example_dags/example_local_kubernetes_executor.py took 0.093 seconds
[2024-01-11T22:42:40.094+0000] {processor.py:161} INFO - Started process (PID=364) to work on /home/airflow/.local/lib/python3.8/site-packages/airflow/example_dags/example_local_kubernetes_executor.py
[2024-01-11T22:42:40.096+0000] {processor.py:830} INFO - Processing file /home/airflow/.local/lib/python3.8/site-packages/airflow/example_dags/example_local_kubernetes_executor.py for tasks to queue
[2024-01-11T22:42:40.098+0000] {logging_mixin.py:188} INFO - [2024-01-11T22:42:40.098+0000] {dagbag.py:538} INFO - Filling up the DagBag from /home/airflow/.local/lib/python3.8/site-packages/airflow/example_dags/example_local_kubernetes_executor.py
[2024-01-11T22:42:40.104+0000] {processor.py:840} INFO - DAG(s) 'example_local_kubernetes_executor' retrieved from /home/airflow/.local/lib/python3.8/site-packages/airflow/example_dags/example_local_kubernetes_executor.py
[2024-01-11T22:42:40.124+0000] {logging_mixin.py:188} INFO - [2024-01-11T22:42:40.124+0000] {dag.py:3033} INFO - Sync 1 DAGs
[2024-01-11T22:42:40.132+0000] {logging_mixin.py:188} INFO - [2024-01-11T22:42:40.132+0000] {dag.py:3820} INFO - Setting next_dagrun for example_local_kubernetes_executor to None, run_after=None
[2024-01-11T22:42:40.142+0000] {processor.py:183} INFO - Processing /home/airflow/.local/lib/python3.8/site-packages/airflow/example_dags/example_local_kubernetes_executor.py took 0.051 seconds
