[2024-01-11T22:39:39.915+0000] {processor.py:161} INFO - Started process (PID=62) to work on /home/airflow/.local/lib/python3.8/site-packages/airflow/example_dags/example_datasets.py
[2024-01-11T22:39:39.917+0000] {processor.py:830} INFO - Processing file /home/airflow/.local/lib/python3.8/site-packages/airflow/example_dags/example_datasets.py for tasks to queue
[2024-01-11T22:39:39.919+0000] {logging_mixin.py:188} INFO - [2024-01-11T22:39:39.919+0000] {dagbag.py:538} INFO - Filling up the DagBag from /home/airflow/.local/lib/python3.8/site-packages/airflow/example_dags/example_datasets.py
[2024-01-11T22:39:39.928+0000] {processor.py:840} INFO - DAG(s) 'dataset_consumes_1', 'dataset_consumes_1_never_scheduled', 'dataset_consumes_1_and_2', 'dataset_consumes_unknown_never_scheduled', 'dataset_produces_1', 'dataset_produces_2' retrieved from /home/airflow/.local/lib/python3.8/site-packages/airflow/example_dags/example_datasets.py
[2024-01-11T22:39:39.996+0000] {logging_mixin.py:188} INFO - [2024-01-11T22:39:39.996+0000] {override.py:1769} INFO - Created Permission View: can edit on DAG:dataset_consumes_1
[2024-01-11T22:39:40.003+0000] {logging_mixin.py:188} INFO - [2024-01-11T22:39:40.003+0000] {override.py:1769} INFO - Created Permission View: can delete on DAG:dataset_consumes_1
[2024-01-11T22:39:40.010+0000] {logging_mixin.py:188} INFO - [2024-01-11T22:39:40.010+0000] {override.py:1769} INFO - Created Permission View: can read on DAG:dataset_consumes_1
[2024-01-11T22:39:40.023+0000] {logging_mixin.py:188} INFO - [2024-01-11T22:39:40.023+0000] {override.py:1769} INFO - Created Permission View: can edit on DAG:dataset_consumes_1_never_scheduled
[2024-01-11T22:39:40.030+0000] {logging_mixin.py:188} INFO - [2024-01-11T22:39:40.030+0000] {override.py:1769} INFO - Created Permission View: can delete on DAG:dataset_consumes_1_never_scheduled
[2024-01-11T22:39:40.037+0000] {logging_mixin.py:188} INFO - [2024-01-11T22:39:40.037+0000] {override.py:1769} INFO - Created Permission View: can read on DAG:dataset_consumes_1_never_scheduled
[2024-01-11T22:39:40.055+0000] {logging_mixin.py:188} INFO - [2024-01-11T22:39:40.054+0000] {override.py:1769} INFO - Created Permission View: can edit on DAG:dataset_consumes_1_and_2
[2024-01-11T22:39:40.062+0000] {logging_mixin.py:188} INFO - [2024-01-11T22:39:40.062+0000] {override.py:1769} INFO - Created Permission View: can delete on DAG:dataset_consumes_1_and_2
[2024-01-11T22:39:40.068+0000] {logging_mixin.py:188} INFO - [2024-01-11T22:39:40.068+0000] {override.py:1769} INFO - Created Permission View: can read on DAG:dataset_consumes_1_and_2
[2024-01-11T22:39:40.080+0000] {logging_mixin.py:188} INFO - [2024-01-11T22:39:40.079+0000] {override.py:1769} INFO - Created Permission View: can edit on DAG:dataset_consumes_unknown_never_scheduled
[2024-01-11T22:39:40.087+0000] {logging_mixin.py:188} INFO - [2024-01-11T22:39:40.086+0000] {override.py:1769} INFO - Created Permission View: can delete on DAG:dataset_consumes_unknown_never_scheduled
[2024-01-11T22:39:40.093+0000] {logging_mixin.py:188} INFO - [2024-01-11T22:39:40.093+0000] {override.py:1769} INFO - Created Permission View: can read on DAG:dataset_consumes_unknown_never_scheduled
[2024-01-11T22:39:40.103+0000] {logging_mixin.py:188} INFO - [2024-01-11T22:39:40.103+0000] {override.py:1769} INFO - Created Permission View: can edit on DAG:dataset_produces_1
[2024-01-11T22:39:40.109+0000] {logging_mixin.py:188} INFO - [2024-01-11T22:39:40.109+0000] {override.py:1769} INFO - Created Permission View: can delete on DAG:dataset_produces_1
[2024-01-11T22:39:40.115+0000] {logging_mixin.py:188} INFO - [2024-01-11T22:39:40.115+0000] {override.py:1769} INFO - Created Permission View: can read on DAG:dataset_produces_1
[2024-01-11T22:39:40.126+0000] {logging_mixin.py:188} INFO - [2024-01-11T22:39:40.125+0000] {override.py:1769} INFO - Created Permission View: can edit on DAG:dataset_produces_2
[2024-01-11T22:39:40.132+0000] {logging_mixin.py:188} INFO - [2024-01-11T22:39:40.132+0000] {override.py:1769} INFO - Created Permission View: can delete on DAG:dataset_produces_2
[2024-01-11T22:39:40.139+0000] {logging_mixin.py:188} INFO - [2024-01-11T22:39:40.139+0000] {override.py:1769} INFO - Created Permission View: can read on DAG:dataset_produces_2
[2024-01-11T22:39:40.141+0000] {logging_mixin.py:188} INFO - [2024-01-11T22:39:40.141+0000] {dag.py:3033} INFO - Sync 6 DAGs
[2024-01-11T22:39:40.149+0000] {logging_mixin.py:188} INFO - [2024-01-11T22:39:40.149+0000] {dag.py:3055} INFO - Creating ORM DAG for dataset_produces_1
[2024-01-11T22:39:40.150+0000] {logging_mixin.py:188} INFO - [2024-01-11T22:39:40.150+0000] {dag.py:3055} INFO - Creating ORM DAG for dataset_consumes_1_never_scheduled
[2024-01-11T22:39:40.152+0000] {logging_mixin.py:188} INFO - [2024-01-11T22:39:40.152+0000] {dag.py:3055} INFO - Creating ORM DAG for dataset_produces_2
[2024-01-11T22:39:40.153+0000] {logging_mixin.py:188} INFO - [2024-01-11T22:39:40.153+0000] {dag.py:3055} INFO - Creating ORM DAG for dataset_consumes_unknown_never_scheduled
[2024-01-11T22:39:40.155+0000] {logging_mixin.py:188} INFO - [2024-01-11T22:39:40.155+0000] {dag.py:3055} INFO - Creating ORM DAG for dataset_consumes_1_and_2
[2024-01-11T22:39:40.156+0000] {logging_mixin.py:188} INFO - [2024-01-11T22:39:40.156+0000] {dag.py:3055} INFO - Creating ORM DAG for dataset_consumes_1
[2024-01-11T22:39:40.164+0000] {logging_mixin.py:188} INFO - [2024-01-11T22:39:40.164+0000] {dag.py:3820} INFO - Setting next_dagrun for dataset_consumes_1 to None, run_after=None
[2024-01-11T22:39:40.165+0000] {logging_mixin.py:188} INFO - [2024-01-11T22:39:40.165+0000] {dag.py:3820} INFO - Setting next_dagrun for dataset_consumes_1_and_2 to None, run_after=None
[2024-01-11T22:39:40.167+0000] {logging_mixin.py:188} INFO - [2024-01-11T22:39:40.167+0000] {dag.py:3820} INFO - Setting next_dagrun for dataset_consumes_1_never_scheduled to None, run_after=None
[2024-01-11T22:39:40.168+0000] {logging_mixin.py:188} INFO - [2024-01-11T22:39:40.168+0000] {dag.py:3820} INFO - Setting next_dagrun for dataset_consumes_unknown_never_scheduled to None, run_after=None
[2024-01-11T22:39:40.171+0000] {logging_mixin.py:188} INFO - [2024-01-11T22:39:40.170+0000] {dag.py:3820} INFO - Setting next_dagrun for dataset_produces_1 to 2024-01-10T00:00:00+00:00, run_after=2024-01-11T00:00:00+00:00
[2024-01-11T22:39:40.172+0000] {logging_mixin.py:188} INFO - [2024-01-11T22:39:40.172+0000] {dag.py:3820} INFO - Setting next_dagrun for dataset_produces_2 to None, run_after=None
[2024-01-11T22:39:40.201+0000] {processor.py:183} INFO - Processing /home/airflow/.local/lib/python3.8/site-packages/airflow/example_dags/example_datasets.py took 0.288 seconds
[2024-01-11T22:40:10.659+0000] {processor.py:161} INFO - Started process (PID=117) to work on /home/airflow/.local/lib/python3.8/site-packages/airflow/example_dags/example_datasets.py
[2024-01-11T22:40:10.661+0000] {processor.py:830} INFO - Processing file /home/airflow/.local/lib/python3.8/site-packages/airflow/example_dags/example_datasets.py for tasks to queue
[2024-01-11T22:40:10.663+0000] {logging_mixin.py:188} INFO - [2024-01-11T22:40:10.663+0000] {dagbag.py:538} INFO - Filling up the DagBag from /home/airflow/.local/lib/python3.8/site-packages/airflow/example_dags/example_datasets.py
[2024-01-11T22:40:10.670+0000] {processor.py:840} INFO - DAG(s) 'dataset_produces_2', 'dataset_consumes_1_and_2', 'dataset_consumes_unknown_never_scheduled', 'dataset_consumes_1_never_scheduled', 'dataset_produces_1', 'dataset_consumes_1' retrieved from /home/airflow/.local/lib/python3.8/site-packages/airflow/example_dags/example_datasets.py
[2024-01-11T22:40:10.693+0000] {logging_mixin.py:188} INFO - [2024-01-11T22:40:10.693+0000] {dag.py:3033} INFO - Sync 6 DAGs
[2024-01-11T22:40:10.706+0000] {logging_mixin.py:188} INFO - [2024-01-11T22:40:10.706+0000] {dag.py:3820} INFO - Setting next_dagrun for dataset_consumes_1 to None, run_after=None
[2024-01-11T22:40:10.708+0000] {logging_mixin.py:188} INFO - [2024-01-11T22:40:10.708+0000] {dag.py:3820} INFO - Setting next_dagrun for dataset_consumes_1_and_2 to None, run_after=None
[2024-01-11T22:40:10.710+0000] {logging_mixin.py:188} INFO - [2024-01-11T22:40:10.710+0000] {dag.py:3820} INFO - Setting next_dagrun for dataset_consumes_1_never_scheduled to None, run_after=None
[2024-01-11T22:40:10.713+0000] {logging_mixin.py:188} INFO - [2024-01-11T22:40:10.713+0000] {dag.py:3820} INFO - Setting next_dagrun for dataset_consumes_unknown_never_scheduled to None, run_after=None
[2024-01-11T22:40:10.716+0000] {logging_mixin.py:188} INFO - [2024-01-11T22:40:10.716+0000] {dag.py:3820} INFO - Setting next_dagrun for dataset_produces_1 to 2024-01-10T00:00:00+00:00, run_after=2024-01-11T00:00:00+00:00
[2024-01-11T22:40:10.718+0000] {logging_mixin.py:188} INFO - [2024-01-11T22:40:10.718+0000] {dag.py:3820} INFO - Setting next_dagrun for dataset_produces_2 to None, run_after=None
[2024-01-11T22:40:10.739+0000] {processor.py:183} INFO - Processing /home/airflow/.local/lib/python3.8/site-packages/airflow/example_dags/example_datasets.py took 0.083 seconds
[2024-01-11T22:40:41.191+0000] {processor.py:161} INFO - Started process (PID=172) to work on /home/airflow/.local/lib/python3.8/site-packages/airflow/example_dags/example_datasets.py
[2024-01-11T22:40:41.193+0000] {processor.py:830} INFO - Processing file /home/airflow/.local/lib/python3.8/site-packages/airflow/example_dags/example_datasets.py for tasks to queue
[2024-01-11T22:40:41.195+0000] {logging_mixin.py:188} INFO - [2024-01-11T22:40:41.195+0000] {dagbag.py:538} INFO - Filling up the DagBag from /home/airflow/.local/lib/python3.8/site-packages/airflow/example_dags/example_datasets.py
[2024-01-11T22:40:41.203+0000] {processor.py:840} INFO - DAG(s) 'dataset_produces_1', 'dataset_consumes_1_and_2', 'dataset_produces_2', 'dataset_consumes_1_never_scheduled', 'dataset_consumes_unknown_never_scheduled', 'dataset_consumes_1' retrieved from /home/airflow/.local/lib/python3.8/site-packages/airflow/example_dags/example_datasets.py
[2024-01-11T22:40:41.231+0000] {logging_mixin.py:188} INFO - [2024-01-11T22:40:41.231+0000] {dag.py:3033} INFO - Sync 6 DAGs
[2024-01-11T22:40:41.247+0000] {logging_mixin.py:188} INFO - [2024-01-11T22:40:41.247+0000] {dag.py:3820} INFO - Setting next_dagrun for dataset_consumes_1 to None, run_after=None
[2024-01-11T22:40:41.251+0000] {logging_mixin.py:188} INFO - [2024-01-11T22:40:41.251+0000] {dag.py:3820} INFO - Setting next_dagrun for dataset_consumes_1_and_2 to None, run_after=None
[2024-01-11T22:40:41.253+0000] {logging_mixin.py:188} INFO - [2024-01-11T22:40:41.253+0000] {dag.py:3820} INFO - Setting next_dagrun for dataset_consumes_1_never_scheduled to None, run_after=None
[2024-01-11T22:40:41.255+0000] {logging_mixin.py:188} INFO - [2024-01-11T22:40:41.255+0000] {dag.py:3820} INFO - Setting next_dagrun for dataset_consumes_unknown_never_scheduled to None, run_after=None
[2024-01-11T22:40:41.258+0000] {logging_mixin.py:188} INFO - [2024-01-11T22:40:41.258+0000] {dag.py:3820} INFO - Setting next_dagrun for dataset_produces_1 to 2024-01-10T00:00:00+00:00, run_after=2024-01-11T00:00:00+00:00
[2024-01-11T22:40:41.260+0000] {logging_mixin.py:188} INFO - [2024-01-11T22:40:41.260+0000] {dag.py:3820} INFO - Setting next_dagrun for dataset_produces_2 to None, run_after=None
[2024-01-11T22:40:41.284+0000] {processor.py:183} INFO - Processing /home/airflow/.local/lib/python3.8/site-packages/airflow/example_dags/example_datasets.py took 0.096 seconds
[2024-01-11T22:41:11.728+0000] {processor.py:161} INFO - Started process (PID=227) to work on /home/airflow/.local/lib/python3.8/site-packages/airflow/example_dags/example_datasets.py
[2024-01-11T22:41:11.730+0000] {processor.py:830} INFO - Processing file /home/airflow/.local/lib/python3.8/site-packages/airflow/example_dags/example_datasets.py for tasks to queue
[2024-01-11T22:41:11.732+0000] {logging_mixin.py:188} INFO - [2024-01-11T22:41:11.732+0000] {dagbag.py:538} INFO - Filling up the DagBag from /home/airflow/.local/lib/python3.8/site-packages/airflow/example_dags/example_datasets.py
[2024-01-11T22:41:11.739+0000] {processor.py:840} INFO - DAG(s) 'dataset_consumes_1_never_scheduled', 'dataset_produces_1', 'dataset_consumes_1', 'dataset_consumes_unknown_never_scheduled', 'dataset_produces_2', 'dataset_consumes_1_and_2' retrieved from /home/airflow/.local/lib/python3.8/site-packages/airflow/example_dags/example_datasets.py
[2024-01-11T22:41:11.764+0000] {logging_mixin.py:188} INFO - [2024-01-11T22:41:11.764+0000] {dag.py:3033} INFO - Sync 6 DAGs
[2024-01-11T22:41:11.780+0000] {logging_mixin.py:188} INFO - [2024-01-11T22:41:11.779+0000] {dag.py:3820} INFO - Setting next_dagrun for dataset_consumes_1 to None, run_after=None
[2024-01-11T22:41:11.783+0000] {logging_mixin.py:188} INFO - [2024-01-11T22:41:11.783+0000] {dag.py:3820} INFO - Setting next_dagrun for dataset_consumes_1_and_2 to None, run_after=None
[2024-01-11T22:41:11.785+0000] {logging_mixin.py:188} INFO - [2024-01-11T22:41:11.785+0000] {dag.py:3820} INFO - Setting next_dagrun for dataset_consumes_1_never_scheduled to None, run_after=None
[2024-01-11T22:41:11.787+0000] {logging_mixin.py:188} INFO - [2024-01-11T22:41:11.787+0000] {dag.py:3820} INFO - Setting next_dagrun for dataset_consumes_unknown_never_scheduled to None, run_after=None
[2024-01-11T22:41:11.789+0000] {logging_mixin.py:188} INFO - [2024-01-11T22:41:11.789+0000] {dag.py:3820} INFO - Setting next_dagrun for dataset_produces_1 to 2024-01-10T00:00:00+00:00, run_after=2024-01-11T00:00:00+00:00
[2024-01-11T22:41:11.790+0000] {logging_mixin.py:188} INFO - [2024-01-11T22:41:11.790+0000] {dag.py:3820} INFO - Setting next_dagrun for dataset_produces_2 to None, run_after=None
[2024-01-11T22:41:11.811+0000] {processor.py:183} INFO - Processing /home/airflow/.local/lib/python3.8/site-packages/airflow/example_dags/example_datasets.py took 0.086 seconds
[2024-01-11T22:41:42.185+0000] {processor.py:161} INFO - Started process (PID=283) to work on /home/airflow/.local/lib/python3.8/site-packages/airflow/example_dags/example_datasets.py
[2024-01-11T22:41:42.186+0000] {processor.py:830} INFO - Processing file /home/airflow/.local/lib/python3.8/site-packages/airflow/example_dags/example_datasets.py for tasks to queue
[2024-01-11T22:41:42.188+0000] {logging_mixin.py:188} INFO - [2024-01-11T22:41:42.188+0000] {dagbag.py:538} INFO - Filling up the DagBag from /home/airflow/.local/lib/python3.8/site-packages/airflow/example_dags/example_datasets.py
[2024-01-11T22:41:42.194+0000] {processor.py:840} INFO - DAG(s) 'dataset_produces_1', 'dataset_consumes_1', 'dataset_consumes_1_never_scheduled', 'dataset_consumes_unknown_never_scheduled', 'dataset_produces_2', 'dataset_consumes_1_and_2' retrieved from /home/airflow/.local/lib/python3.8/site-packages/airflow/example_dags/example_datasets.py
[2024-01-11T22:41:42.206+0000] {logging_mixin.py:188} INFO - [2024-01-11T22:41:42.206+0000] {dag.py:3033} INFO - Sync 6 DAGs
[2024-01-11T22:41:42.220+0000] {logging_mixin.py:188} INFO - [2024-01-11T22:41:42.220+0000] {dag.py:3820} INFO - Setting next_dagrun for dataset_consumes_1 to None, run_after=None
[2024-01-11T22:41:42.224+0000] {logging_mixin.py:188} INFO - [2024-01-11T22:41:42.224+0000] {dag.py:3820} INFO - Setting next_dagrun for dataset_consumes_1_and_2 to None, run_after=None
[2024-01-11T22:41:42.225+0000] {logging_mixin.py:188} INFO - [2024-01-11T22:41:42.225+0000] {dag.py:3820} INFO - Setting next_dagrun for dataset_consumes_1_never_scheduled to None, run_after=None
[2024-01-11T22:41:42.227+0000] {logging_mixin.py:188} INFO - [2024-01-11T22:41:42.226+0000] {dag.py:3820} INFO - Setting next_dagrun for dataset_consumes_unknown_never_scheduled to None, run_after=None
[2024-01-11T22:41:42.229+0000] {logging_mixin.py:188} INFO - [2024-01-11T22:41:42.229+0000] {dag.py:3820} INFO - Setting next_dagrun for dataset_produces_1 to 2024-01-10T00:00:00+00:00, run_after=2024-01-11T00:00:00+00:00
[2024-01-11T22:41:42.230+0000] {logging_mixin.py:188} INFO - [2024-01-11T22:41:42.230+0000] {dag.py:3820} INFO - Setting next_dagrun for dataset_produces_2 to None, run_after=None
[2024-01-11T22:41:42.247+0000] {processor.py:183} INFO - Processing /home/airflow/.local/lib/python3.8/site-packages/airflow/example_dags/example_datasets.py took 0.065 seconds
[2024-01-11T22:42:12.574+0000] {processor.py:161} INFO - Started process (PID=338) to work on /home/airflow/.local/lib/python3.8/site-packages/airflow/example_dags/example_datasets.py
[2024-01-11T22:42:12.576+0000] {processor.py:830} INFO - Processing file /home/airflow/.local/lib/python3.8/site-packages/airflow/example_dags/example_datasets.py for tasks to queue
[2024-01-11T22:42:12.578+0000] {logging_mixin.py:188} INFO - [2024-01-11T22:42:12.578+0000] {dagbag.py:538} INFO - Filling up the DagBag from /home/airflow/.local/lib/python3.8/site-packages/airflow/example_dags/example_datasets.py
[2024-01-11T22:42:12.584+0000] {processor.py:840} INFO - DAG(s) 'dataset_produces_2', 'dataset_consumes_1_and_2', 'dataset_consumes_1', 'dataset_consumes_1_never_scheduled', 'dataset_produces_1', 'dataset_consumes_unknown_never_scheduled' retrieved from /home/airflow/.local/lib/python3.8/site-packages/airflow/example_dags/example_datasets.py
[2024-01-11T22:42:12.677+0000] {logging_mixin.py:188} INFO - [2024-01-11T22:42:12.677+0000] {dag.py:3033} INFO - Sync 6 DAGs
[2024-01-11T22:42:12.689+0000] {logging_mixin.py:188} INFO - [2024-01-11T22:42:12.689+0000] {dag.py:3820} INFO - Setting next_dagrun for dataset_consumes_1 to None, run_after=None
[2024-01-11T22:42:12.692+0000] {logging_mixin.py:188} INFO - [2024-01-11T22:42:12.692+0000] {dag.py:3820} INFO - Setting next_dagrun for dataset_consumes_1_and_2 to None, run_after=None
[2024-01-11T22:42:12.693+0000] {logging_mixin.py:188} INFO - [2024-01-11T22:42:12.693+0000] {dag.py:3820} INFO - Setting next_dagrun for dataset_consumes_1_never_scheduled to None, run_after=None
[2024-01-11T22:42:12.695+0000] {logging_mixin.py:188} INFO - [2024-01-11T22:42:12.695+0000] {dag.py:3820} INFO - Setting next_dagrun for dataset_consumes_unknown_never_scheduled to None, run_after=None
[2024-01-11T22:42:12.698+0000] {logging_mixin.py:188} INFO - [2024-01-11T22:42:12.698+0000] {dag.py:3820} INFO - Setting next_dagrun for dataset_produces_1 to 2024-01-10T00:00:00+00:00, run_after=2024-01-11T00:00:00+00:00
[2024-01-11T22:42:12.699+0000] {logging_mixin.py:188} INFO - [2024-01-11T22:42:12.699+0000] {dag.py:3820} INFO - Setting next_dagrun for dataset_produces_2 to None, run_after=None
[2024-01-11T22:42:12.718+0000] {processor.py:183} INFO - Processing /home/airflow/.local/lib/python3.8/site-packages/airflow/example_dags/example_datasets.py took 0.147 seconds
[2024-01-11T22:42:43.368+0000] {processor.py:161} INFO - Started process (PID=391) to work on /home/airflow/.local/lib/python3.8/site-packages/airflow/example_dags/example_datasets.py
[2024-01-11T22:42:43.369+0000] {processor.py:830} INFO - Processing file /home/airflow/.local/lib/python3.8/site-packages/airflow/example_dags/example_datasets.py for tasks to queue
[2024-01-11T22:42:43.372+0000] {logging_mixin.py:188} INFO - [2024-01-11T22:42:43.372+0000] {dagbag.py:538} INFO - Filling up the DagBag from /home/airflow/.local/lib/python3.8/site-packages/airflow/example_dags/example_datasets.py
[2024-01-11T22:42:43.380+0000] {processor.py:840} INFO - DAG(s) 'dataset_consumes_1_never_scheduled', 'dataset_consumes_1_and_2', 'dataset_consumes_1', 'dataset_produces_1', 'dataset_produces_2', 'dataset_consumes_unknown_never_scheduled' retrieved from /home/airflow/.local/lib/python3.8/site-packages/airflow/example_dags/example_datasets.py
[2024-01-11T22:42:43.407+0000] {logging_mixin.py:188} INFO - [2024-01-11T22:42:43.407+0000] {dag.py:3033} INFO - Sync 6 DAGs
[2024-01-11T22:42:43.422+0000] {logging_mixin.py:188} INFO - [2024-01-11T22:42:43.422+0000] {dag.py:3820} INFO - Setting next_dagrun for dataset_consumes_1 to None, run_after=None
[2024-01-11T22:42:43.425+0000] {logging_mixin.py:188} INFO - [2024-01-11T22:42:43.425+0000] {dag.py:3820} INFO - Setting next_dagrun for dataset_consumes_1_and_2 to None, run_after=None
[2024-01-11T22:42:43.427+0000] {logging_mixin.py:188} INFO - [2024-01-11T22:42:43.427+0000] {dag.py:3820} INFO - Setting next_dagrun for dataset_consumes_1_never_scheduled to None, run_after=None
[2024-01-11T22:42:43.429+0000] {logging_mixin.py:188} INFO - [2024-01-11T22:42:43.429+0000] {dag.py:3820} INFO - Setting next_dagrun for dataset_consumes_unknown_never_scheduled to None, run_after=None
[2024-01-11T22:42:43.432+0000] {logging_mixin.py:188} INFO - [2024-01-11T22:42:43.432+0000] {dag.py:3820} INFO - Setting next_dagrun for dataset_produces_1 to 2024-01-10T00:00:00+00:00, run_after=2024-01-11T00:00:00+00:00
[2024-01-11T22:42:43.434+0000] {logging_mixin.py:188} INFO - [2024-01-11T22:42:43.434+0000] {dag.py:3820} INFO - Setting next_dagrun for dataset_produces_2 to None, run_after=None
[2024-01-11T22:42:43.456+0000] {processor.py:183} INFO - Processing /home/airflow/.local/lib/python3.8/site-packages/airflow/example_dags/example_datasets.py took 0.091 seconds
