[2024-01-11T22:39:37.432+0000] {processor.py:161} INFO - Started process (PID=36) to work on /home/airflow/.local/lib/python3.8/site-packages/airflow/example_dags/example_bash_operator.py
[2024-01-11T22:39:37.434+0000] {processor.py:830} INFO - Processing file /home/airflow/.local/lib/python3.8/site-packages/airflow/example_dags/example_bash_operator.py for tasks to queue
[2024-01-11T22:39:37.436+0000] {logging_mixin.py:188} INFO - [2024-01-11T22:39:37.436+0000] {dagbag.py:538} INFO - Filling up the DagBag from /home/airflow/.local/lib/python3.8/site-packages/airflow/example_dags/example_bash_operator.py
[2024-01-11T22:39:37.449+0000] {processor.py:840} INFO - DAG(s) 'example_bash_operator' retrieved from /home/airflow/.local/lib/python3.8/site-packages/airflow/example_dags/example_bash_operator.py
[2024-01-11T22:39:37.546+0000] {logging_mixin.py:188} INFO - [2024-01-11T22:39:37.545+0000] {override.py:1769} INFO - Created Permission View: can edit on DAG:example_bash_operator
[2024-01-11T22:39:37.556+0000] {logging_mixin.py:188} INFO - [2024-01-11T22:39:37.556+0000] {override.py:1769} INFO - Created Permission View: can delete on DAG:example_bash_operator
[2024-01-11T22:39:37.562+0000] {logging_mixin.py:188} INFO - [2024-01-11T22:39:37.562+0000] {override.py:1769} INFO - Created Permission View: can read on DAG:example_bash_operator
[2024-01-11T22:39:37.564+0000] {logging_mixin.py:188} INFO - [2024-01-11T22:39:37.563+0000] {dag.py:3033} INFO - Sync 1 DAGs
[2024-01-11T22:39:37.571+0000] {logging_mixin.py:188} INFO - [2024-01-11T22:39:37.571+0000] {dag.py:3055} INFO - Creating ORM DAG for example_bash_operator
[2024-01-11T22:39:37.579+0000] {logging_mixin.py:188} INFO - [2024-01-11T22:39:37.579+0000] {dag.py:3820} INFO - Setting next_dagrun for example_bash_operator to 2024-01-10T00:00:00+00:00, run_after=2024-01-11T00:00:00+00:00
[2024-01-11T22:39:37.593+0000] {processor.py:183} INFO - Processing /home/airflow/.local/lib/python3.8/site-packages/airflow/example_dags/example_bash_operator.py took 0.164 seconds
[2024-01-11T22:40:08.531+0000] {processor.py:161} INFO - Started process (PID=91) to work on /home/airflow/.local/lib/python3.8/site-packages/airflow/example_dags/example_bash_operator.py
[2024-01-11T22:40:08.533+0000] {processor.py:830} INFO - Processing file /home/airflow/.local/lib/python3.8/site-packages/airflow/example_dags/example_bash_operator.py for tasks to queue
[2024-01-11T22:40:08.537+0000] {logging_mixin.py:188} INFO - [2024-01-11T22:40:08.537+0000] {dagbag.py:538} INFO - Filling up the DagBag from /home/airflow/.local/lib/python3.8/site-packages/airflow/example_dags/example_bash_operator.py
[2024-01-11T22:40:08.548+0000] {processor.py:840} INFO - DAG(s) 'example_bash_operator' retrieved from /home/airflow/.local/lib/python3.8/site-packages/airflow/example_dags/example_bash_operator.py
[2024-01-11T22:40:08.570+0000] {logging_mixin.py:188} INFO - [2024-01-11T22:40:08.570+0000] {dag.py:3033} INFO - Sync 1 DAGs
[2024-01-11T22:40:08.586+0000] {logging_mixin.py:188} INFO - [2024-01-11T22:40:08.585+0000] {dag.py:3820} INFO - Setting next_dagrun for example_bash_operator to 2024-01-10T00:00:00+00:00, run_after=2024-01-11T00:00:00+00:00
[2024-01-11T22:40:08.600+0000] {processor.py:183} INFO - Processing /home/airflow/.local/lib/python3.8/site-packages/airflow/example_dags/example_bash_operator.py took 0.072 seconds
[2024-01-11T22:40:38.998+0000] {processor.py:161} INFO - Started process (PID=146) to work on /home/airflow/.local/lib/python3.8/site-packages/airflow/example_dags/example_bash_operator.py
[2024-01-11T22:40:39.001+0000] {processor.py:830} INFO - Processing file /home/airflow/.local/lib/python3.8/site-packages/airflow/example_dags/example_bash_operator.py for tasks to queue
[2024-01-11T22:40:39.004+0000] {logging_mixin.py:188} INFO - [2024-01-11T22:40:39.004+0000] {dagbag.py:538} INFO - Filling up the DagBag from /home/airflow/.local/lib/python3.8/site-packages/airflow/example_dags/example_bash_operator.py
[2024-01-11T22:40:39.015+0000] {processor.py:840} INFO - DAG(s) 'example_bash_operator' retrieved from /home/airflow/.local/lib/python3.8/site-packages/airflow/example_dags/example_bash_operator.py
[2024-01-11T22:40:39.035+0000] {logging_mixin.py:188} INFO - [2024-01-11T22:40:39.035+0000] {dag.py:3033} INFO - Sync 1 DAGs
[2024-01-11T22:40:39.049+0000] {logging_mixin.py:188} INFO - [2024-01-11T22:40:39.049+0000] {dag.py:3820} INFO - Setting next_dagrun for example_bash_operator to 2024-01-10T00:00:00+00:00, run_after=2024-01-11T00:00:00+00:00
[2024-01-11T22:40:39.062+0000] {processor.py:183} INFO - Processing /home/airflow/.local/lib/python3.8/site-packages/airflow/example_dags/example_bash_operator.py took 0.071 seconds
[2024-01-11T22:41:09.503+0000] {processor.py:161} INFO - Started process (PID=201) to work on /home/airflow/.local/lib/python3.8/site-packages/airflow/example_dags/example_bash_operator.py
[2024-01-11T22:41:09.506+0000] {processor.py:830} INFO - Processing file /home/airflow/.local/lib/python3.8/site-packages/airflow/example_dags/example_bash_operator.py for tasks to queue
[2024-01-11T22:41:09.509+0000] {logging_mixin.py:188} INFO - [2024-01-11T22:41:09.509+0000] {dagbag.py:538} INFO - Filling up the DagBag from /home/airflow/.local/lib/python3.8/site-packages/airflow/example_dags/example_bash_operator.py
[2024-01-11T22:41:09.518+0000] {processor.py:840} INFO - DAG(s) 'example_bash_operator' retrieved from /home/airflow/.local/lib/python3.8/site-packages/airflow/example_dags/example_bash_operator.py
[2024-01-11T22:41:09.539+0000] {logging_mixin.py:188} INFO - [2024-01-11T22:41:09.539+0000] {dag.py:3033} INFO - Sync 1 DAGs
[2024-01-11T22:41:09.553+0000] {logging_mixin.py:188} INFO - [2024-01-11T22:41:09.553+0000] {dag.py:3820} INFO - Setting next_dagrun for example_bash_operator to 2024-01-10T00:00:00+00:00, run_after=2024-01-11T00:00:00+00:00
[2024-01-11T22:41:09.565+0000] {processor.py:183} INFO - Processing /home/airflow/.local/lib/python3.8/site-packages/airflow/example_dags/example_bash_operator.py took 0.065 seconds
[2024-01-11T22:41:40.008+0000] {processor.py:161} INFO - Started process (PID=256) to work on /home/airflow/.local/lib/python3.8/site-packages/airflow/example_dags/example_bash_operator.py
[2024-01-11T22:41:40.009+0000] {processor.py:830} INFO - Processing file /home/airflow/.local/lib/python3.8/site-packages/airflow/example_dags/example_bash_operator.py for tasks to queue
[2024-01-11T22:41:40.012+0000] {logging_mixin.py:188} INFO - [2024-01-11T22:41:40.012+0000] {dagbag.py:538} INFO - Filling up the DagBag from /home/airflow/.local/lib/python3.8/site-packages/airflow/example_dags/example_bash_operator.py
[2024-01-11T22:41:40.022+0000] {processor.py:840} INFO - DAG(s) 'example_bash_operator' retrieved from /home/airflow/.local/lib/python3.8/site-packages/airflow/example_dags/example_bash_operator.py
[2024-01-11T22:41:40.034+0000] {logging_mixin.py:188} INFO - [2024-01-11T22:41:40.034+0000] {dag.py:3033} INFO - Sync 1 DAGs
[2024-01-11T22:41:40.051+0000] {logging_mixin.py:188} INFO - [2024-01-11T22:41:40.051+0000] {dag.py:3820} INFO - Setting next_dagrun for example_bash_operator to 2024-01-10T00:00:00+00:00, run_after=2024-01-11T00:00:00+00:00
[2024-01-11T22:41:40.066+0000] {processor.py:183} INFO - Processing /home/airflow/.local/lib/python3.8/site-packages/airflow/example_dags/example_bash_operator.py took 0.061 seconds
[2024-01-11T22:42:10.600+0000] {processor.py:161} INFO - Started process (PID=311) to work on /home/airflow/.local/lib/python3.8/site-packages/airflow/example_dags/example_bash_operator.py
[2024-01-11T22:42:10.604+0000] {processor.py:830} INFO - Processing file /home/airflow/.local/lib/python3.8/site-packages/airflow/example_dags/example_bash_operator.py for tasks to queue
[2024-01-11T22:42:10.607+0000] {logging_mixin.py:188} INFO - [2024-01-11T22:42:10.607+0000] {dagbag.py:538} INFO - Filling up the DagBag from /home/airflow/.local/lib/python3.8/site-packages/airflow/example_dags/example_bash_operator.py
[2024-01-11T22:42:10.617+0000] {processor.py:840} INFO - DAG(s) 'example_bash_operator' retrieved from /home/airflow/.local/lib/python3.8/site-packages/airflow/example_dags/example_bash_operator.py
[2024-01-11T22:42:10.676+0000] {logging_mixin.py:188} INFO - [2024-01-11T22:42:10.675+0000] {dag.py:3033} INFO - Sync 1 DAGs
[2024-01-11T22:42:10.690+0000] {logging_mixin.py:188} INFO - [2024-01-11T22:42:10.690+0000] {dag.py:3820} INFO - Setting next_dagrun for example_bash_operator to 2024-01-10T00:00:00+00:00, run_after=2024-01-11T00:00:00+00:00
[2024-01-11T22:42:10.701+0000] {processor.py:183} INFO - Processing /home/airflow/.local/lib/python3.8/site-packages/airflow/example_dags/example_bash_operator.py took 0.104 seconds
[2024-01-11T22:42:41.130+0000] {processor.py:161} INFO - Started process (PID=365) to work on /home/airflow/.local/lib/python3.8/site-packages/airflow/example_dags/example_bash_operator.py
[2024-01-11T22:42:41.134+0000] {processor.py:830} INFO - Processing file /home/airflow/.local/lib/python3.8/site-packages/airflow/example_dags/example_bash_operator.py for tasks to queue
[2024-01-11T22:42:41.137+0000] {logging_mixin.py:188} INFO - [2024-01-11T22:42:41.137+0000] {dagbag.py:538} INFO - Filling up the DagBag from /home/airflow/.local/lib/python3.8/site-packages/airflow/example_dags/example_bash_operator.py
[2024-01-11T22:42:41.148+0000] {processor.py:840} INFO - DAG(s) 'example_bash_operator' retrieved from /home/airflow/.local/lib/python3.8/site-packages/airflow/example_dags/example_bash_operator.py
[2024-01-11T22:42:41.166+0000] {logging_mixin.py:188} INFO - [2024-01-11T22:42:41.166+0000] {dag.py:3033} INFO - Sync 1 DAGs
[2024-01-11T22:42:41.181+0000] {logging_mixin.py:188} INFO - [2024-01-11T22:42:41.181+0000] {dag.py:3820} INFO - Setting next_dagrun for example_bash_operator to 2024-01-10T00:00:00+00:00, run_after=2024-01-11T00:00:00+00:00
[2024-01-11T22:42:41.193+0000] {processor.py:183} INFO - Processing /home/airflow/.local/lib/python3.8/site-packages/airflow/example_dags/example_bash_operator.py took 0.066 seconds
