[2024-01-11T22:39:39.375+0000] {processor.py:161} INFO - Started process (PID=55) to work on /home/airflow/.local/lib/python3.8/site-packages/airflow/example_dags/tutorial_objectstorage.py
[2024-01-11T22:39:39.376+0000] {processor.py:830} INFO - Processing file /home/airflow/.local/lib/python3.8/site-packages/airflow/example_dags/tutorial_objectstorage.py for tasks to queue
[2024-01-11T22:39:39.379+0000] {logging_mixin.py:188} INFO - [2024-01-11T22:39:39.378+0000] {dagbag.py:538} INFO - Filling up the DagBag from /home/airflow/.local/lib/python3.8/site-packages/airflow/example_dags/tutorial_objectstorage.py
[2024-01-11T22:39:39.392+0000] {processor.py:840} INFO - DAG(s) 'tutorial_objectstorage' retrieved from /home/airflow/.local/lib/python3.8/site-packages/airflow/example_dags/tutorial_objectstorage.py
[2024-01-11T22:39:39.461+0000] {logging_mixin.py:188} INFO - [2024-01-11T22:39:39.460+0000] {override.py:1769} INFO - Created Permission View: can edit on DAG:tutorial_objectstorage
[2024-01-11T22:39:39.469+0000] {logging_mixin.py:188} INFO - [2024-01-11T22:39:39.469+0000] {override.py:1769} INFO - Created Permission View: can delete on DAG:tutorial_objectstorage
[2024-01-11T22:39:39.475+0000] {logging_mixin.py:188} INFO - [2024-01-11T22:39:39.475+0000] {override.py:1769} INFO - Created Permission View: can read on DAG:tutorial_objectstorage
[2024-01-11T22:39:39.477+0000] {logging_mixin.py:188} INFO - [2024-01-11T22:39:39.477+0000] {dag.py:3033} INFO - Sync 1 DAGs
[2024-01-11T22:39:39.485+0000] {logging_mixin.py:188} INFO - [2024-01-11T22:39:39.485+0000] {dag.py:3055} INFO - Creating ORM DAG for tutorial_objectstorage
[2024-01-11T22:39:39.487+0000] {logging_mixin.py:188} INFO - [2024-01-11T22:39:39.487+0000] {dag.py:3820} INFO - Setting next_dagrun for tutorial_objectstorage to None, run_after=None
[2024-01-11T22:39:39.501+0000] {processor.py:183} INFO - Processing /home/airflow/.local/lib/python3.8/site-packages/airflow/example_dags/tutorial_objectstorage.py took 0.129 seconds
[2024-01-11T22:40:10.351+0000] {processor.py:161} INFO - Started process (PID=110) to work on /home/airflow/.local/lib/python3.8/site-packages/airflow/example_dags/tutorial_objectstorage.py
[2024-01-11T22:40:10.354+0000] {processor.py:830} INFO - Processing file /home/airflow/.local/lib/python3.8/site-packages/airflow/example_dags/tutorial_objectstorage.py for tasks to queue
[2024-01-11T22:40:10.356+0000] {logging_mixin.py:188} INFO - [2024-01-11T22:40:10.356+0000] {dagbag.py:538} INFO - Filling up the DagBag from /home/airflow/.local/lib/python3.8/site-packages/airflow/example_dags/tutorial_objectstorage.py
[2024-01-11T22:40:10.362+0000] {processor.py:840} INFO - DAG(s) 'tutorial_objectstorage' retrieved from /home/airflow/.local/lib/python3.8/site-packages/airflow/example_dags/tutorial_objectstorage.py
[2024-01-11T22:40:10.377+0000] {logging_mixin.py:188} INFO - [2024-01-11T22:40:10.377+0000] {dag.py:3033} INFO - Sync 1 DAGs
[2024-01-11T22:40:10.384+0000] {logging_mixin.py:188} INFO - [2024-01-11T22:40:10.384+0000] {dag.py:3820} INFO - Setting next_dagrun for tutorial_objectstorage to None, run_after=None
[2024-01-11T22:40:10.397+0000] {processor.py:183} INFO - Processing /home/airflow/.local/lib/python3.8/site-packages/airflow/example_dags/tutorial_objectstorage.py took 0.049 seconds
[2024-01-11T22:40:40.813+0000] {processor.py:161} INFO - Started process (PID=165) to work on /home/airflow/.local/lib/python3.8/site-packages/airflow/example_dags/tutorial_objectstorage.py
[2024-01-11T22:40:40.815+0000] {processor.py:830} INFO - Processing file /home/airflow/.local/lib/python3.8/site-packages/airflow/example_dags/tutorial_objectstorage.py for tasks to queue
[2024-01-11T22:40:40.818+0000] {logging_mixin.py:188} INFO - [2024-01-11T22:40:40.818+0000] {dagbag.py:538} INFO - Filling up the DagBag from /home/airflow/.local/lib/python3.8/site-packages/airflow/example_dags/tutorial_objectstorage.py
[2024-01-11T22:40:40.824+0000] {processor.py:840} INFO - DAG(s) 'tutorial_objectstorage' retrieved from /home/airflow/.local/lib/python3.8/site-packages/airflow/example_dags/tutorial_objectstorage.py
[2024-01-11T22:40:40.840+0000] {logging_mixin.py:188} INFO - [2024-01-11T22:40:40.840+0000] {dag.py:3033} INFO - Sync 1 DAGs
[2024-01-11T22:40:40.847+0000] {logging_mixin.py:188} INFO - [2024-01-11T22:40:40.847+0000] {dag.py:3820} INFO - Setting next_dagrun for tutorial_objectstorage to None, run_after=None
[2024-01-11T22:40:40.859+0000] {processor.py:183} INFO - Processing /home/airflow/.local/lib/python3.8/site-packages/airflow/example_dags/tutorial_objectstorage.py took 0.049 seconds
[2024-01-11T22:41:11.359+0000] {processor.py:161} INFO - Started process (PID=220) to work on /home/airflow/.local/lib/python3.8/site-packages/airflow/example_dags/tutorial_objectstorage.py
[2024-01-11T22:41:11.362+0000] {processor.py:830} INFO - Processing file /home/airflow/.local/lib/python3.8/site-packages/airflow/example_dags/tutorial_objectstorage.py for tasks to queue
[2024-01-11T22:41:11.366+0000] {logging_mixin.py:188} INFO - [2024-01-11T22:41:11.365+0000] {dagbag.py:538} INFO - Filling up the DagBag from /home/airflow/.local/lib/python3.8/site-packages/airflow/example_dags/tutorial_objectstorage.py
[2024-01-11T22:41:11.373+0000] {processor.py:840} INFO - DAG(s) 'tutorial_objectstorage' retrieved from /home/airflow/.local/lib/python3.8/site-packages/airflow/example_dags/tutorial_objectstorage.py
[2024-01-11T22:41:11.390+0000] {logging_mixin.py:188} INFO - [2024-01-11T22:41:11.390+0000] {dag.py:3033} INFO - Sync 1 DAGs
[2024-01-11T22:41:11.398+0000] {logging_mixin.py:188} INFO - [2024-01-11T22:41:11.398+0000] {dag.py:3820} INFO - Setting next_dagrun for tutorial_objectstorage to None, run_after=None
[2024-01-11T22:41:11.410+0000] {processor.py:183} INFO - Processing /home/airflow/.local/lib/python3.8/site-packages/airflow/example_dags/tutorial_objectstorage.py took 0.055 seconds
[2024-01-11T22:41:41.849+0000] {processor.py:161} INFO - Started process (PID=275) to work on /home/airflow/.local/lib/python3.8/site-packages/airflow/example_dags/tutorial_objectstorage.py
[2024-01-11T22:41:41.850+0000] {processor.py:830} INFO - Processing file /home/airflow/.local/lib/python3.8/site-packages/airflow/example_dags/tutorial_objectstorage.py for tasks to queue
[2024-01-11T22:41:41.853+0000] {logging_mixin.py:188} INFO - [2024-01-11T22:41:41.853+0000] {dagbag.py:538} INFO - Filling up the DagBag from /home/airflow/.local/lib/python3.8/site-packages/airflow/example_dags/tutorial_objectstorage.py
[2024-01-11T22:41:41.859+0000] {processor.py:840} INFO - DAG(s) 'tutorial_objectstorage' retrieved from /home/airflow/.local/lib/python3.8/site-packages/airflow/example_dags/tutorial_objectstorage.py
[2024-01-11T22:41:41.870+0000] {logging_mixin.py:188} INFO - [2024-01-11T22:41:41.869+0000] {dag.py:3033} INFO - Sync 1 DAGs
[2024-01-11T22:41:41.878+0000] {logging_mixin.py:188} INFO - [2024-01-11T22:41:41.878+0000] {dag.py:3820} INFO - Setting next_dagrun for tutorial_objectstorage to None, run_after=None
[2024-01-11T22:41:41.891+0000] {processor.py:183} INFO - Processing /home/airflow/.local/lib/python3.8/site-packages/airflow/example_dags/tutorial_objectstorage.py took 0.044 seconds
[2024-01-11T22:42:11.989+0000] {processor.py:161} INFO - Started process (PID=330) to work on /home/airflow/.local/lib/python3.8/site-packages/airflow/example_dags/tutorial_objectstorage.py
[2024-01-11T22:42:11.990+0000] {processor.py:830} INFO - Processing file /home/airflow/.local/lib/python3.8/site-packages/airflow/example_dags/tutorial_objectstorage.py for tasks to queue
[2024-01-11T22:42:11.992+0000] {logging_mixin.py:188} INFO - [2024-01-11T22:42:11.992+0000] {dagbag.py:538} INFO - Filling up the DagBag from /home/airflow/.local/lib/python3.8/site-packages/airflow/example_dags/tutorial_objectstorage.py
[2024-01-11T22:42:11.997+0000] {processor.py:840} INFO - DAG(s) 'tutorial_objectstorage' retrieved from /home/airflow/.local/lib/python3.8/site-packages/airflow/example_dags/tutorial_objectstorage.py
[2024-01-11T22:42:12.051+0000] {logging_mixin.py:188} INFO - [2024-01-11T22:42:12.051+0000] {dag.py:3033} INFO - Sync 1 DAGs
[2024-01-11T22:42:12.057+0000] {logging_mixin.py:188} INFO - [2024-01-11T22:42:12.057+0000] {dag.py:3820} INFO - Setting next_dagrun for tutorial_objectstorage to None, run_after=None
[2024-01-11T22:42:12.071+0000] {processor.py:183} INFO - Processing /home/airflow/.local/lib/python3.8/site-packages/airflow/example_dags/tutorial_objectstorage.py took 0.084 seconds
[2024-01-11T22:42:43.066+0000] {processor.py:161} INFO - Started process (PID=384) to work on /home/airflow/.local/lib/python3.8/site-packages/airflow/example_dags/tutorial_objectstorage.py
[2024-01-11T22:42:43.068+0000] {processor.py:830} INFO - Processing file /home/airflow/.local/lib/python3.8/site-packages/airflow/example_dags/tutorial_objectstorage.py for tasks to queue
[2024-01-11T22:42:43.071+0000] {logging_mixin.py:188} INFO - [2024-01-11T22:42:43.071+0000] {dagbag.py:538} INFO - Filling up the DagBag from /home/airflow/.local/lib/python3.8/site-packages/airflow/example_dags/tutorial_objectstorage.py
[2024-01-11T22:42:43.077+0000] {processor.py:840} INFO - DAG(s) 'tutorial_objectstorage' retrieved from /home/airflow/.local/lib/python3.8/site-packages/airflow/example_dags/tutorial_objectstorage.py
[2024-01-11T22:42:43.092+0000] {logging_mixin.py:188} INFO - [2024-01-11T22:42:43.092+0000] {dag.py:3033} INFO - Sync 1 DAGs
[2024-01-11T22:42:43.100+0000] {logging_mixin.py:188} INFO - [2024-01-11T22:42:43.100+0000] {dag.py:3820} INFO - Setting next_dagrun for tutorial_objectstorage to None, run_after=None
[2024-01-11T22:42:43.113+0000] {processor.py:183} INFO - Processing /home/airflow/.local/lib/python3.8/site-packages/airflow/example_dags/tutorial_objectstorage.py took 0.051 seconds
